{"/Users/darrenmorgan/AI_Projects/process-audit-ai/middleware.ts": {"path":"/Users/darrenmorgan/AI_Projects/process-audit-ai/middleware.ts","statementMap":{"0":{"start":{"line":4,"column":37},"end":{"line":29,"column":1}},"1":{"start":{"line":5,"column":2},"end":{"line":5,"column":29}},"2":{"start":{"line":5,"column":17},"end":{"line":5,"column":29}},"3":{"start":{"line":8,"column":2},"end":{"line":10,"column":3}},"4":{"start":{"line":9,"column":4},"end":{"line":9,"column":16}},"5":{"start":{"line":13,"column":16},"end":{"line":13,"column":35}},"6":{"start":{"line":14,"column":2},"end":{"line":14,"column":36}},"7":{"start":{"line":14,"column":24},"end":{"line":14,"column":36}},"8":{"start":{"line":16,"column":20},"end":{"line":16,"column":28}},"9":{"start":{"line":19,"column":50},"end":{"line":26,"column":3}},"10":{"start":{"line":28,"column":2},"end":{"line":28,"column":44}},"11":{"start":{"line":31,"column":35},"end":{"line":37,"column":1}},"12":{"start":{"line":33,"column":20},"end":{"line":33,"column":65}},"13":{"start":{"line":34,"column":2},"end":{"line":34,"column":34}},"14":{"start":{"line":34,"column":17},"end":{"line":34,"column":34}},"15":{"start":{"line":36,"column":2},"end":{"line":36,"column":14}},"16":{"start":{"line":40,"column":19},"end":{"line":40,"column":46}},"17":{"start":{"line":43,"column":21},"end":{"line":43,"column":98}},"18":{"start":{"line":45,"column":2},"end":{"line":69,"column":3}},"19":{"start":{"line":47,"column":21},"end":{"line":47,"column":40}},"20":{"start":{"line":50,"column":4},"end":{"line":55,"column":7}},"21":{"start":{"line":58,"column":4},"end":{"line":63,"column":7}},"22":{"start":{"line":66,"column":4},"end":{"line":66,"column":65}},"23":{"start":{"line":68,"column":4},"end":{"line":68,"column":20}},"24":{"start":{"line":72,"column":19},"end":{"line":72,"column":38}},"25":{"start":{"line":73,"column":2},"end":{"line":73,"column":42}},"26":{"start":{"line":74,"column":2},"end":{"line":74,"column":35}},"27":{"start":{"line":76,"column":2},"end":{"line":76,"column":18}},"28":{"start":{"line":79,"column":22},"end":{"line":85,"column":1}}},"fnMap":{"0":{"name":"(anonymous_0)","decl":{"start":{"line":4,"column":37},"end":{"line":4,"column":38}},"loc":{"start":{"line":4,"column":81},"end":{"line":29,"column":1}},"line":4},"1":{"name":"(anonymous_1)","decl":{"start":{"line":31,"column":35},"end":{"line":31,"column":36}},"loc":{"start":{"line":31,"column":76},"end":{"line":37,"column":1}},"line":31},"2":{"name":"middleware","decl":{"start":{"line":39,"column":16},"end":{"line":39,"column":26}},"loc":{"start":{"line":39,"column":49},"end":{"line":77,"column":1}},"line":39}},"branchMap":{"0":{"loc":{"start":{"line":5,"column":2},"end":{"line":5,"column":29}},"type":"if","locations":[{"start":{"line":5,"column":2},"end":{"line":5,"column":29}},{"start":{},"end":{}}],"line":5},"1":{"loc":{"start":{"line":8,"column":2},"end":{"line":10,"column":3}},"type":"if","locations":[{"start":{"line":8,"column":2},"end":{"line":10,"column":3}},{"start":{},"end":{}}],"line":8},"2":{"loc":{"start":{"line":8,"column":6},"end":{"line":8,"column":70}},"type":"binary-expr","locations":[{"start":{"line":8,"column":6},"end":{"line":8,"column":36}},{"start":{"line":8,"column":40},"end":{"line":8,"column":70}}],"line":8},"3":{"loc":{"start":{"line":14,"column":2},"end":{"line":14,"column":36}},"type":"if","locations":[{"start":{"line":14,"column":2},"end":{"line":14,"column":36}},{"start":{},"end":{}}],"line":14},"4":{"loc":{"start":{"line":28,"column":9},"end":{"line":28,"column":43}},"type":"binary-expr","locations":[{"start":{"line":28,"column":9},"end":{"line":28,"column":35}},{"start":{"line":28,"column":39},"end":{"line":28,"column":43}}],"line":28},"5":{"loc":{"start":{"line":34,"column":2},"end":{"line":34,"column":34}},"type":"if","locations":[{"start":{"line":34,"column":2},"end":{"line":34,"column":34}},{"start":{},"end":{}}],"line":34},"6":{"loc":{"start":{"line":43,"column":21},"end":{"line":43,"column":98}},"type":"binary-expr","locations":[{"start":{"line":43,"column":21},"end":{"line":43,"column":59}},{"start":{"line":43,"column":63},"end":{"line":43,"column":98}}],"line":43},"7":{"loc":{"start":{"line":45,"column":2},"end":{"line":69,"column":3}},"type":"if","locations":[{"start":{"line":45,"column":2},"end":{"line":69,"column":3}},{"start":{},"end":{}}],"line":45}},"s":{"0":0,"1":0,"2":0,"3":0,"4":0,"5":0,"6":0,"7":0,"8":0,"9":0,"10":0,"11":0,"12":0,"13":0,"14":0,"15":0,"16":0,"17":0,"18":0,"19":0,"20":0,"21":0,"22":0,"23":0,"24":0,"25":0,"26":0,"27":0,"28":0},"f":{"0":0,"1":0,"2":0},"b":{"0":[0,0],"1":[0,0],"2":[0,0],"3":[0,0],"4":[0,0],"5":[0,0],"6":[0,0],"7":[0,0]}}
,"/Users/darrenmorgan/AI_Projects/process-audit-ai/hooks/useMobileOptimization.js": {"path":"/Users/darrenmorgan/AI_Projects/process-audit-ai/hooks/useMobileOptimization.js","statementMap":{"0":{"start":{"line":3,"column":37},"end":{"line":180,"column":1}},"1":{"start":{"line":4,"column":40},"end":{"line":9,"column":4}},"2":{"start":{"line":11,"column":38},"end":{"line":15,"column":4}},"3":{"start":{"line":18,"column":19},"end":{"line":23,"column":8}},"4":{"start":{"line":19,"column":4},"end":{"line":19,"column":51}},"5":{"start":{"line":19,"column":39},"end":{"line":19,"column":51}},"6":{"start":{"line":21,"column":4},"end":{"line":22,"column":102}},"7":{"start":{"line":26,"column":2},"end":{"line":49,"column":8}},"8":{"start":{"line":27,"column":4},"end":{"line":27,"column":45}},"9":{"start":{"line":27,"column":39},"end":{"line":27,"column":45}},"10":{"start":{"line":30,"column":4},"end":{"line":48,"column":5}},"11":{"start":{"line":31,"column":25},"end":{"line":31,"column":102}},"12":{"start":{"line":33,"column":32},"end":{"line":40,"column":7}},"13":{"start":{"line":34,"column":8},"end":{"line":39,"column":10}},"14":{"start":{"line":42,"column":6},"end":{"line":42,"column":25}},"15":{"start":{"line":43,"column":6},"end":{"line":43,"column":62}},"16":{"start":{"line":45,"column":6},"end":{"line":47,"column":7}},"17":{"start":{"line":46,"column":8},"end":{"line":46,"column":67}},"18":{"start":{"line":52,"column":2},"end":{"line":83,"column":29}},"19":{"start":{"line":53,"column":4},"end":{"line":53,"column":45}},"20":{"start":{"line":53,"column":39},"end":{"line":53,"column":45}},"21":{"start":{"line":55,"column":25},"end":{"line":55,"column":52}},"22":{"start":{"line":56,"column":32},"end":{"line":56,"column":66}},"23":{"start":{"line":58,"column":4},"end":{"line":62,"column":6}},"24":{"start":{"line":65,"column":4},"end":{"line":78,"column":5}},"25":{"start":{"line":66,"column":6},"end":{"line":66,"column":64}},"26":{"start":{"line":69,"column":6},"end":{"line":72,"column":7}},"27":{"start":{"line":70,"column":8},"end":{"line":70,"column":64}},"28":{"start":{"line":71,"column":8},"end":{"line":71,"column":82}},"29":{"start":{"line":75,"column":6},"end":{"line":77,"column":7}},"30":{"start":{"line":76,"column":8},"end":{"line":76,"column":66}},"31":{"start":{"line":80,"column":4},"end":{"line":82,"column":5}},"32":{"start":{"line":81,"column":6},"end":{"line":81,"column":105}},"33":{"start":{"line":86,"column":27},"end":{"line":93,"column":16}},"34":{"start":{"line":87,"column":4},"end":{"line":87,"column":25}},"35":{"start":{"line":87,"column":19},"end":{"line":87,"column":25}},"36":{"start":{"line":90,"column":19},"end":{"line":90,"column":34}},"37":{"start":{"line":91,"column":4},"end":{"line":91,"column":42}},"38":{"start":{"line":92,"column":4},"end":{"line":92,"column":55}},"39":{"start":{"line":95,"column":25},"end":{"line":102,"column":16}},"40":{"start":{"line":96,"column":4},"end":{"line":96,"column":25}},"41":{"start":{"line":96,"column":19},"end":{"line":96,"column":25}},"42":{"start":{"line":98,"column":19},"end":{"line":98,"column":34}},"43":{"start":{"line":99,"column":4},"end":{"line":101,"column":11}},"44":{"start":{"line":100,"column":6},"end":{"line":100,"column":41}},"45":{"start":{"line":105,"column":30},"end":{"line":114,"column":8}},"46":{"start":{"line":106,"column":4},"end":{"line":106,"column":45}},"47":{"start":{"line":106,"column":39},"end":{"line":106,"column":45}},"48":{"start":{"line":108,"column":4},"end":{"line":113,"column":5}},"49":{"start":{"line":109,"column":6},"end":{"line":109,"column":68}},"50":{"start":{"line":112,"column":6},"end":{"line":112,"column":36}},"51":{"start":{"line":117,"column":33},"end":{"line":130,"column":41}},"52":{"start":{"line":118,"column":4},"end":{"line":118,"column":45}},"53":{"start":{"line":118,"column":39},"end":{"line":118,"column":45}},"54":{"start":{"line":121,"column":4},"end":{"line":129,"column":5}},"55":{"start":{"line":122,"column":6},"end":{"line":128,"column":8}},"56":{"start":{"line":133,"column":32},"end":{"line":144,"column":31}},"57":{"start":{"line":135,"column":4},"end":{"line":137,"column":5}},"58":{"start":{"line":136,"column":6},"end":{"line":136,"column":18}},"59":{"start":{"line":139,"column":4},"end":{"line":141,"column":5}},"60":{"start":{"line":140,"column":6},"end":{"line":140,"column":18}},"61":{"start":{"line":143,"column":4},"end":{"line":143,"column":15}},"62":{"start":{"line":147,"column":26},"end":{"line":156,"column":8}},"63":{"start":{"line":148,"column":4},"end":{"line":148,"column":73}},"64":{"start":{"line":148,"column":39},"end":{"line":148,"column":73}},"65":{"start":{"line":150,"column":4},"end":{"line":155,"column":5}},"66":{"start":{"line":158,"column":2},"end":{"line":179,"column":3}}},"fnMap":{"0":{"name":"(anonymous_0)","decl":{"start":{"line":3,"column":37},"end":{"line":3,"column":38}},"loc":{"start":{"line":3,"column":43},"end":{"line":180,"column":1}},"line":3},"1":{"name":"(anonymous_1)","decl":{"start":{"line":18,"column":27},"end":{"line":18,"column":28}},"loc":{"start":{"line":18,"column":33},"end":{"line":23,"column":3}},"line":18},"2":{"name":"(anonymous_2)","decl":{"start":{"line":26,"column":12},"end":{"line":26,"column":13}},"loc":{"start":{"line":26,"column":18},"end":{"line":49,"column":3}},"line":26},"3":{"name":"(anonymous_3)","decl":{"start":{"line":33,"column":32},"end":{"line":33,"column":33}},"loc":{"start":{"line":33,"column":38},"end":{"line":40,"column":7}},"line":33},"4":{"name":"(anonymous_4)","decl":{"start":{"line":45,"column":13},"end":{"line":45,"column":14}},"loc":{"start":{"line":45,"column":19},"end":{"line":47,"column":7}},"line":45},"5":{"name":"(anonymous_5)","decl":{"start":{"line":52,"column":12},"end":{"line":52,"column":13}},"loc":{"start":{"line":52,"column":18},"end":{"line":83,"column":3}},"line":52},"6":{"name":"(anonymous_6)","decl":{"start":{"line":80,"column":11},"end":{"line":80,"column":12}},"loc":{"start":{"line":80,"column":17},"end":{"line":82,"column":5}},"line":80},"7":{"name":"(anonymous_7)","decl":{"start":{"line":86,"column":39},"end":{"line":86,"column":40}},"loc":{"start":{"line":86,"column":46},"end":{"line":93,"column":3}},"line":86},"8":{"name":"(anonymous_8)","decl":{"start":{"line":95,"column":37},"end":{"line":95,"column":38}},"loc":{"start":{"line":95,"column":44},"end":{"line":102,"column":3}},"line":95},"9":{"name":"(anonymous_9)","decl":{"start":{"line":99,"column":15},"end":{"line":99,"column":16}},"loc":{"start":{"line":99,"column":21},"end":{"line":101,"column":5}},"line":99},"10":{"name":"(anonymous_10)","decl":{"start":{"line":105,"column":42},"end":{"line":105,"column":43}},"loc":{"start":{"line":105,"column":56},"end":{"line":114,"column":3}},"line":105},"11":{"name":"(anonymous_11)","decl":{"start":{"line":117,"column":45},"end":{"line":117,"column":46}},"loc":{"start":{"line":117,"column":68},"end":{"line":130,"column":3}},"line":117},"12":{"name":"(anonymous_12)","decl":{"start":{"line":133,"column":40},"end":{"line":133,"column":41}},"loc":{"start":{"line":133,"column":46},"end":{"line":144,"column":3}},"line":133},"13":{"name":"(anonymous_13)","decl":{"start":{"line":147,"column":38},"end":{"line":147,"column":39}},"loc":{"start":{"line":147,"column":44},"end":{"line":156,"column":3}},"line":147}},"branchMap":{"0":{"loc":{"start":{"line":19,"column":4},"end":{"line":19,"column":51}},"type":"if","locations":[{"start":{"line":19,"column":4},"end":{"line":19,"column":51}},{"start":{},"end":{}}],"line":19},"1":{"loc":{"start":{"line":21,"column":11},"end":{"line":22,"column":102}},"type":"binary-expr","locations":[{"start":{"line":21,"column":11},"end":{"line":21,"column":35}},{"start":{"line":22,"column":11},"end":{"line":22,"column":102}}],"line":21},"2":{"loc":{"start":{"line":27,"column":4},"end":{"line":27,"column":45}},"type":"if","locations":[{"start":{"line":27,"column":4},"end":{"line":27,"column":45}},{"start":{},"end":{}}],"line":27},"3":{"loc":{"start":{"line":30,"column":4},"end":{"line":48,"column":5}},"type":"if","locations":[{"start":{"line":30,"column":4},"end":{"line":48,"column":5}},{"start":{},"end":{}}],"line":30},"4":{"loc":{"start":{"line":31,"column":25},"end":{"line":31,"column":102}},"type":"binary-expr","locations":[{"start":{"line":31,"column":25},"end":{"line":31,"column":45}},{"start":{"line":31,"column":49},"end":{"line":31,"column":72}},{"start":{"line":31,"column":76},"end":{"line":31,"column":102}}],"line":31},"5":{"loc":{"start":{"line":35,"column":25},"end":{"line":35,"column":57}},"type":"binary-expr","locations":[{"start":{"line":35,"column":25},"end":{"line":35,"column":49}},{"start":{"line":35,"column":53},"end":{"line":35,"column":57}}],"line":35},"6":{"loc":{"start":{"line":36,"column":20},"end":{"line":36,"column":45}},"type":"binary-expr","locations":[{"start":{"line":36,"column":20},"end":{"line":36,"column":39}},{"start":{"line":36,"column":43},"end":{"line":36,"column":45}}],"line":36},"7":{"loc":{"start":{"line":37,"column":15},"end":{"line":37,"column":35}},"type":"binary-expr","locations":[{"start":{"line":37,"column":15},"end":{"line":37,"column":29}},{"start":{"line":37,"column":33},"end":{"line":37,"column":35}}],"line":37},"8":{"loc":{"start":{"line":38,"column":20},"end":{"line":38,"column":48}},"type":"binary-expr","locations":[{"start":{"line":38,"column":20},"end":{"line":38,"column":39}},{"start":{"line":38,"column":43},"end":{"line":38,"column":48}}],"line":38},"9":{"loc":{"start":{"line":53,"column":4},"end":{"line":53,"column":45}},"type":"if","locations":[{"start":{"line":53,"column":4},"end":{"line":53,"column":45}},{"start":{},"end":{}}],"line":53},"10":{"loc":{"start":{"line":55,"column":25},"end":{"line":55,"column":52}},"type":"binary-expr","locations":[{"start":{"line":55,"column":25},"end":{"line":55,"column":47}},{"start":{"line":55,"column":51},"end":{"line":55,"column":52}}],"line":55},"11":{"loc":{"start":{"line":56,"column":32},"end":{"line":56,"column":66}},"type":"binary-expr","locations":[{"start":{"line":56,"column":32},"end":{"line":56,"column":61}},{"start":{"line":56,"column":65},"end":{"line":56,"column":66}}],"line":56},"12":{"loc":{"start":{"line":65,"column":4},"end":{"line":78,"column":5}},"type":"if","locations":[{"start":{"line":65,"column":4},"end":{"line":78,"column":5}},{"start":{},"end":{}}],"line":65},"13":{"loc":{"start":{"line":69,"column":6},"end":{"line":72,"column":7}},"type":"if","locations":[{"start":{"line":69,"column":6},"end":{"line":72,"column":7}},{"start":{},"end":{}}],"line":69},"14":{"loc":{"start":{"line":75,"column":6},"end":{"line":77,"column":7}},"type":"if","locations":[{"start":{"line":75,"column":6},"end":{"line":77,"column":7}},{"start":{},"end":{}}],"line":75},"15":{"loc":{"start":{"line":75,"column":10},"end":{"line":75,"column":73}},"type":"binary-expr","locations":[{"start":{"line":75,"column":10},"end":{"line":75,"column":49}},{"start":{"line":75,"column":53},"end":{"line":75,"column":73}}],"line":75},"16":{"loc":{"start":{"line":87,"column":4},"end":{"line":87,"column":25}},"type":"if","locations":[{"start":{"line":87,"column":4},"end":{"line":87,"column":25}},{"start":{},"end":{}}],"line":87},"17":{"loc":{"start":{"line":96,"column":4},"end":{"line":96,"column":25}},"type":"if","locations":[{"start":{"line":96,"column":4},"end":{"line":96,"column":25}},{"start":{},"end":{}}],"line":96},"18":{"loc":{"start":{"line":106,"column":4},"end":{"line":106,"column":45}},"type":"if","locations":[{"start":{"line":106,"column":4},"end":{"line":106,"column":45}},{"start":{},"end":{}}],"line":106},"19":{"loc":{"start":{"line":108,"column":4},"end":{"line":113,"column":5}},"type":"if","locations":[{"start":{"line":108,"column":4},"end":{"line":113,"column":5}},{"start":{"line":110,"column":11},"end":{"line":113,"column":5}}],"line":108},"20":{"loc":{"start":{"line":118,"column":4},"end":{"line":118,"column":45}},"type":"if","locations":[{"start":{"line":118,"column":4},"end":{"line":118,"column":45}},{"start":{},"end":{}}],"line":118},"21":{"loc":{"start":{"line":121,"column":4},"end":{"line":129,"column":5}},"type":"if","locations":[{"start":{"line":121,"column":4},"end":{"line":129,"column":5}},{"start":{},"end":{}}],"line":121},"22":{"loc":{"start":{"line":125,"column":21},"end":{"line":125,"column":52}},"type":"cond-expr","locations":[{"start":{"line":125,"column":32},"end":{"line":125,"column":40}},{"start":{"line":125,"column":43},"end":{"line":125,"column":52}}],"line":125},"23":{"loc":{"start":{"line":135,"column":4},"end":{"line":137,"column":5}},"type":"if","locations":[{"start":{"line":135,"column":4},"end":{"line":137,"column":5}},{"start":{},"end":{}}],"line":135},"24":{"loc":{"start":{"line":135,"column":8},"end":{"line":135,"column":71}},"type":"binary-expr","locations":[{"start":{"line":135,"column":8},"end":{"line":135,"column":47}},{"start":{"line":135,"column":51},"end":{"line":135,"column":71}}],"line":135},"25":{"loc":{"start":{"line":139,"column":4},"end":{"line":141,"column":5}},"type":"if","locations":[{"start":{"line":139,"column":4},"end":{"line":141,"column":5}},{"start":{},"end":{}}],"line":139},"26":{"loc":{"start":{"line":148,"column":4},"end":{"line":148,"column":73}},"type":"if","locations":[{"start":{"line":148,"column":4},"end":{"line":148,"column":73}},{"start":{},"end":{}}],"line":148},"27":{"loc":{"start":{"line":153,"column":28},"end":{"line":153,"column":119}},"type":"binary-expr","locations":[{"start":{"line":153,"column":28},"end":{"line":153,"column":112}},{"start":{"line":153,"column":116},"end":{"line":153,"column":119}}],"line":153},"28":{"loc":{"start":{"line":154,"column":31},"end":{"line":154,"column":125}},"type":"binary-expr","locations":[{"start":{"line":154,"column":31},"end":{"line":154,"column":118}},{"start":{"line":154,"column":122},"end":{"line":154,"column":125}}],"line":154},"29":{"loc":{"start":{"line":175,"column":19},"end":{"line":175,"column":96}},"type":"binary-expr","locations":[{"start":{"line":175,"column":19},"end":{"line":175,"column":58}},{"start":{"line":175,"column":62},"end":{"line":175,"column":96}}],"line":175},"30":{"loc":{"start":{"line":178,"column":20},"end":{"line":178,"column":67}},"type":"binary-expr","locations":[{"start":{"line":178,"column":20},"end":{"line":178,"column":42}},{"start":{"line":178,"column":46},"end":{"line":178,"column":67}}],"line":178}},"s":{"0":0,"1":0,"2":0,"3":0,"4":0,"5":0,"6":0,"7":0,"8":0,"9":0,"10":0,"11":0,"12":0,"13":0,"14":0,"15":0,"16":0,"17":0,"18":0,"19":0,"20":0,"21":0,"22":0,"23":0,"24":0,"25":0,"26":0,"27":0,"28":0,"29":0,"30":0,"31":0,"32":0,"33":0,"34":0,"35":0,"36":0,"37":0,"38":0,"39":0,"40":0,"41":0,"42":0,"43":0,"44":0,"45":0,"46":0,"47":0,"48":0,"49":0,"50":0,"51":0,"52":0,"53":0,"54":0,"55":0,"56":0,"57":0,"58":0,"59":0,"60":0,"61":0,"62":0,"63":0,"64":0,"65":0,"66":0},"f":{"0":0,"1":0,"2":0,"3":0,"4":0,"5":0,"6":0,"7":0,"8":0,"9":0,"10":0,"11":0,"12":0,"13":0},"b":{"0":[0,0],"1":[0,0],"2":[0,0],"3":[0,0],"4":[0,0,0],"5":[0,0],"6":[0,0],"7":[0,0],"8":[0,0],"9":[0,0],"10":[0,0],"11":[0,0],"12":[0,0],"13":[0,0],"14":[0,0],"15":[0,0],"16":[0,0],"17":[0,0],"18":[0,0],"19":[0,0],"20":[0,0],"21":[0,0],"22":[0,0],"23":[0,0],"24":[0,0],"25":[0,0],"26":[0,0],"27":[0,0],"28":[0,0],"29":[0,0],"30":[0,0]}}
,"/Users/darrenmorgan/AI_Projects/process-audit-ai/hooks/useSupabase.js": {"path":"/Users/darrenmorgan/AI_Projects/process-audit-ai/hooks/useSupabase.js","statementMap":{"0":{"start":{"line":7,"column":31},"end":{"line":126,"column":1}},"1":{"start":{"line":8,"column":33},"end":{"line":8,"column":49}},"2":{"start":{"line":9,"column":32},"end":{"line":9,"column":44}},"3":{"start":{"line":10,"column":32},"end":{"line":10,"column":47}},"4":{"start":{"line":13,"column":22},"end":{"line":41,"column":26}},"5":{"start":{"line":14,"column":4},"end":{"line":17,"column":5}},"6":{"start":{"line":15,"column":6},"end":{"line":15,"column":85}},"7":{"start":{"line":16,"column":6},"end":{"line":16,"column":12}},"8":{"start":{"line":19,"column":4},"end":{"line":19,"column":70}},"9":{"start":{"line":20,"column":4},"end":{"line":20,"column":20}},"10":{"start":{"line":21,"column":4},"end":{"line":40,"column":5}},"11":{"start":{"line":23,"column":23},"end":{"line":23,"column":43}},"12":{"start":{"line":24,"column":6},"end":{"line":24,"column":65}},"13":{"start":{"line":26,"column":30},"end":{"line":30,"column":50}},"14":{"start":{"line":32,"column":6},"end":{"line":32,"column":28}},"15":{"start":{"line":32,"column":17},"end":{"line":32,"column":28}},"16":{"start":{"line":33,"column":6},"end":{"line":33,"column":72}},"17":{"start":{"line":34,"column":6},"end":{"line":34,"column":28}},"18":{"start":{"line":36,"column":6},"end":{"line":36,"column":69}},"19":{"start":{"line":37,"column":6},"end":{"line":37,"column":20}},"20":{"start":{"line":39,"column":6},"end":{"line":39,"column":23}},"21":{"start":{"line":44,"column":21},"end":{"line":83,"column":26}},"22":{"start":{"line":45,"column":4},"end":{"line":47,"column":5}},"23":{"start":{"line":46,"column":6},"end":{"line":46,"column":64}},"24":{"start":{"line":49,"column":4},"end":{"line":49,"column":86}},"25":{"start":{"line":50,"column":4},"end":{"line":82,"column":5}},"26":{"start":{"line":52,"column":23},"end":{"line":52,"column":43}},"27":{"start":{"line":53,"column":6},"end":{"line":53,"column":74}},"28":{"start":{"line":55,"column":30},"end":{"line":68,"column":17}},"29":{"start":{"line":70,"column":6},"end":{"line":70,"column":28}},"30":{"start":{"line":70,"column":17},"end":{"line":70,"column":28}},"31":{"start":{"line":73,"column":6},"end":{"line":75,"column":7}},"32":{"start":{"line":74,"column":8},"end":{"line":74,"column":46}},"33":{"start":{"line":74,"column":27},"end":{"line":74,"column":45}},"34":{"start":{"line":77,"column":6},"end":{"line":77,"column":77}},"35":{"start":{"line":78,"column":6},"end":{"line":78,"column":43}},"36":{"start":{"line":80,"column":6},"end":{"line":80,"column":67}},"37":{"start":{"line":81,"column":6},"end":{"line":81,"column":34}},"38":{"start":{"line":86,"column":23},"end":{"line":108,"column":3}},"39":{"start":{"line":87,"column":4},"end":{"line":87,"column":38}},"40":{"start":{"line":87,"column":32},"end":{"line":87,"column":38}},"41":{"start":{"line":89,"column":4},"end":{"line":107,"column":5}},"42":{"start":{"line":91,"column":23},"end":{"line":91,"column":43}},"43":{"start":{"line":93,"column":24},"end":{"line":97,"column":32}},"44":{"start":{"line":99,"column":6},"end":{"line":99,"column":28}},"45":{"start":{"line":99,"column":17},"end":{"line":99,"column":28}},"46":{"start":{"line":102,"column":6},"end":{"line":102,"column":71}},"47":{"start":{"line":102,"column":25},"end":{"line":102,"column":70}},"48":{"start":{"line":102,"column":47},"end":{"line":102,"column":69}},"49":{"start":{"line":103,"column":6},"end":{"line":103,"column":28}},"50":{"start":{"line":105,"column":6},"end":{"line":105,"column":52}},"51":{"start":{"line":106,"column":6},"end":{"line":106,"column":22}},"52":{"start":{"line":111,"column":2},"end":{"line":117,"column":26}},"53":{"start":{"line":112,"column":4},"end":{"line":116,"column":5}},"54":{"start":{"line":113,"column":6},"end":{"line":113,"column":19}},"55":{"start":{"line":115,"column":6},"end":{"line":115,"column":20}},"56":{"start":{"line":119,"column":2},"end":{"line":125,"column":3}},"57":{"start":{"line":129,"column":26},"end":{"line":204,"column":1}},"58":{"start":{"line":130,"column":48},"end":{"line":130,"column":64}},"59":{"start":{"line":131,"column":32},"end":{"line":131,"column":46}},"60":{"start":{"line":132,"column":32},"end":{"line":132,"column":47}},"61":{"start":{"line":134,"column":22},"end":{"line":155,"column":3}},"62":{"start":{"line":135,"column":4},"end":{"line":135,"column":38}},"63":{"start":{"line":135,"column":32},"end":{"line":135,"column":38}},"64":{"start":{"line":137,"column":4},"end":{"line":137,"column":20}},"65":{"start":{"line":138,"column":4},"end":{"line":154,"column":5}},"66":{"start":{"line":139,"column":30},"end":{"line":143,"column":17}},"67":{"start":{"line":145,"column":6},"end":{"line":147,"column":7}},"68":{"start":{"line":146,"column":8},"end":{"line":146,"column":19}},"69":{"start":{"line":149,"column":6},"end":{"line":149,"column":22}},"70":{"start":{"line":151,"column":6},"end":{"line":151,"column":52}},"71":{"start":{"line":153,"column":6},"end":{"line":153,"column":23}},"72":{"start":{"line":157,"column":28},"end":{"line":188,"column":3}},"73":{"start":{"line":158,"column":4},"end":{"line":158,"column":38}},"74":{"start":{"line":158,"column":32},"end":{"line":158,"column":38}},"75":{"start":{"line":160,"column":4},"end":{"line":187,"column":5}},"76":{"start":{"line":162,"column":35},"end":{"line":162,"column":63}},"77":{"start":{"line":163,"column":6},"end":{"line":163,"column":36}},"78":{"start":{"line":163,"column":21},"end":{"line":163,"column":36}},"79":{"start":{"line":166,"column":30},"end":{"line":175,"column":17}},"80":{"start":{"line":177,"column":6},"end":{"line":177,"column":28}},"81":{"start":{"line":177,"column":17},"end":{"line":177,"column":28}},"82":{"start":{"line":179,"column":6},"end":{"line":181,"column":7}},"83":{"start":{"line":180,"column":8},"end":{"line":180,"column":27}},"84":{"start":{"line":183,"column":6},"end":{"line":183,"column":43}},"85":{"start":{"line":185,"column":6},"end":{"line":185,"column":53}},"86":{"start":{"line":186,"column":6},"end":{"line":186,"column":34}},"87":{"start":{"line":190,"column":2},"end":{"line":196,"column":26}},"88":{"start":{"line":191,"column":4},"end":{"line":195,"column":5}},"89":{"start":{"line":192,"column":6},"end":{"line":192,"column":19}},"90":{"start":{"line":194,"column":6},"end":{"line":194,"column":22}},"91":{"start":{"line":198,"column":2},"end":{"line":203,"column":3}}},"fnMap":{"0":{"name":"(anonymous_0)","decl":{"start":{"line":7,"column":31},"end":{"line":7,"column":32}},"loc":{"start":{"line":7,"column":37},"end":{"line":126,"column":1}},"line":7},"1":{"name":"(anonymous_1)","decl":{"start":{"line":13,"column":34},"end":{"line":13,"column":35}},"loc":{"start":{"line":13,"column":46},"end":{"line":41,"column":3}},"line":13},"2":{"name":"(anonymous_2)","decl":{"start":{"line":44,"column":33},"end":{"line":44,"column":34}},"loc":{"start":{"line":44,"column":55},"end":{"line":83,"column":3}},"line":44},"3":{"name":"(anonymous_3)","decl":{"start":{"line":74,"column":19},"end":{"line":74,"column":20}},"loc":{"start":{"line":74,"column":27},"end":{"line":74,"column":45}},"line":74},"4":{"name":"(anonymous_4)","decl":{"start":{"line":86,"column":23},"end":{"line":86,"column":24}},"loc":{"start":{"line":86,"column":43},"end":{"line":108,"column":3}},"line":86},"5":{"name":"(anonymous_5)","decl":{"start":{"line":102,"column":17},"end":{"line":102,"column":18}},"loc":{"start":{"line":102,"column":25},"end":{"line":102,"column":70}},"line":102},"6":{"name":"(anonymous_6)","decl":{"start":{"line":102,"column":37},"end":{"line":102,"column":38}},"loc":{"start":{"line":102,"column":47},"end":{"line":102,"column":69}},"line":102},"7":{"name":"(anonymous_7)","decl":{"start":{"line":111,"column":12},"end":{"line":111,"column":13}},"loc":{"start":{"line":111,"column":18},"end":{"line":117,"column":3}},"line":111},"8":{"name":"(anonymous_8)","decl":{"start":{"line":129,"column":26},"end":{"line":129,"column":27}},"loc":{"start":{"line":129,"column":32},"end":{"line":204,"column":1}},"line":129},"9":{"name":"(anonymous_9)","decl":{"start":{"line":134,"column":22},"end":{"line":134,"column":23}},"loc":{"start":{"line":134,"column":34},"end":{"line":155,"column":3}},"line":134},"10":{"name":"(anonymous_10)","decl":{"start":{"line":157,"column":28},"end":{"line":157,"column":29}},"loc":{"start":{"line":157,"column":47},"end":{"line":188,"column":3}},"line":157},"11":{"name":"(anonymous_11)","decl":{"start":{"line":190,"column":12},"end":{"line":190,"column":13}},"loc":{"start":{"line":190,"column":18},"end":{"line":196,"column":3}},"line":190}},"branchMap":{"0":{"loc":{"start":{"line":14,"column":4},"end":{"line":17,"column":5}},"type":"if","locations":[{"start":{"line":14,"column":4},"end":{"line":17,"column":5}},{"start":{},"end":{}}],"line":14},"1":{"loc":{"start":{"line":14,"column":8},"end":{"line":14,"column":30}},"type":"binary-expr","locations":[{"start":{"line":14,"column":8},"end":{"line":14,"column":21}},{"start":{"line":14,"column":25},"end":{"line":14,"column":30}}],"line":14},"2":{"loc":{"start":{"line":32,"column":6},"end":{"line":32,"column":28}},"type":"if","locations":[{"start":{"line":32,"column":6},"end":{"line":32,"column":28}},{"start":{},"end":{}}],"line":32},"3":{"loc":{"start":{"line":33,"column":54},"end":{"line":33,"column":71}},"type":"binary-expr","locations":[{"start":{"line":33,"column":54},"end":{"line":33,"column":66}},{"start":{"line":33,"column":70},"end":{"line":33,"column":71}}],"line":33},"4":{"loc":{"start":{"line":34,"column":17},"end":{"line":34,"column":27}},"type":"binary-expr","locations":[{"start":{"line":34,"column":17},"end":{"line":34,"column":21}},{"start":{"line":34,"column":25},"end":{"line":34,"column":27}}],"line":34},"5":{"loc":{"start":{"line":45,"column":4},"end":{"line":47,"column":5}},"type":"if","locations":[{"start":{"line":45,"column":4},"end":{"line":47,"column":5}},{"start":{},"end":{}}],"line":45},"6":{"loc":{"start":{"line":45,"column":8},"end":{"line":45,"column":30}},"type":"binary-expr","locations":[{"start":{"line":45,"column":8},"end":{"line":45,"column":21}},{"start":{"line":45,"column":25},"end":{"line":45,"column":30}}],"line":45},"7":{"loc":{"start":{"line":60,"column":19},"end":{"line":60,"column":61}},"type":"binary-expr","locations":[{"start":{"line":60,"column":19},"end":{"line":60,"column":35}},{"start":{"line":60,"column":39},"end":{"line":60,"column":61}}],"line":60},"8":{"loc":{"start":{"line":70,"column":6},"end":{"line":70,"column":28}},"type":"if","locations":[{"start":{"line":70,"column":6},"end":{"line":70,"column":28}},{"start":{},"end":{}}],"line":70},"9":{"loc":{"start":{"line":73,"column":6},"end":{"line":75,"column":7}},"type":"if","locations":[{"start":{"line":73,"column":6},"end":{"line":75,"column":7}},{"start":{},"end":{}}],"line":73},"10":{"loc":{"start":{"line":73,"column":10},"end":{"line":73,"column":25}},"type":"binary-expr","locations":[{"start":{"line":73,"column":10},"end":{"line":73,"column":14}},{"start":{"line":73,"column":18},"end":{"line":73,"column":25}}],"line":73},"11":{"loc":{"start":{"line":87,"column":4},"end":{"line":87,"column":38}},"type":"if","locations":[{"start":{"line":87,"column":4},"end":{"line":87,"column":38}},{"start":{},"end":{}}],"line":87},"12":{"loc":{"start":{"line":87,"column":8},"end":{"line":87,"column":30}},"type":"binary-expr","locations":[{"start":{"line":87,"column":8},"end":{"line":87,"column":21}},{"start":{"line":87,"column":25},"end":{"line":87,"column":30}}],"line":87},"13":{"loc":{"start":{"line":99,"column":6},"end":{"line":99,"column":28}},"type":"if","locations":[{"start":{"line":99,"column":6},"end":{"line":99,"column":28}},{"start":{},"end":{}}],"line":99},"14":{"loc":{"start":{"line":112,"column":4},"end":{"line":116,"column":5}},"type":"if","locations":[{"start":{"line":112,"column":4},"end":{"line":116,"column":5}},{"start":{"line":114,"column":11},"end":{"line":116,"column":5}}],"line":112},"15":{"loc":{"start":{"line":112,"column":8},"end":{"line":112,"column":28}},"type":"binary-expr","locations":[{"start":{"line":112,"column":8},"end":{"line":112,"column":12}},{"start":{"line":112,"column":16},"end":{"line":112,"column":28}}],"line":112},"16":{"loc":{"start":{"line":135,"column":4},"end":{"line":135,"column":38}},"type":"if","locations":[{"start":{"line":135,"column":4},"end":{"line":135,"column":38}},{"start":{},"end":{}}],"line":135},"17":{"loc":{"start":{"line":135,"column":8},"end":{"line":135,"column":30}},"type":"binary-expr","locations":[{"start":{"line":135,"column":8},"end":{"line":135,"column":21}},{"start":{"line":135,"column":25},"end":{"line":135,"column":30}}],"line":135},"18":{"loc":{"start":{"line":145,"column":6},"end":{"line":147,"column":7}},"type":"if","locations":[{"start":{"line":145,"column":6},"end":{"line":147,"column":7}},{"start":{},"end":{}}],"line":145},"19":{"loc":{"start":{"line":145,"column":10},"end":{"line":145,"column":44}},"type":"binary-expr","locations":[{"start":{"line":145,"column":10},"end":{"line":145,"column":15}},{"start":{"line":145,"column":19},"end":{"line":145,"column":44}}],"line":145},"20":{"loc":{"start":{"line":158,"column":4},"end":{"line":158,"column":38}},"type":"if","locations":[{"start":{"line":158,"column":4},"end":{"line":158,"column":38}},{"start":{},"end":{}}],"line":158},"21":{"loc":{"start":{"line":158,"column":8},"end":{"line":158,"column":30}},"type":"binary-expr","locations":[{"start":{"line":158,"column":8},"end":{"line":158,"column":21}},{"start":{"line":158,"column":25},"end":{"line":158,"column":30}}],"line":158},"22":{"loc":{"start":{"line":163,"column":6},"end":{"line":163,"column":36}},"type":"if","locations":[{"start":{"line":163,"column":6},"end":{"line":163,"column":36}},{"start":{},"end":{}}],"line":163},"23":{"loc":{"start":{"line":177,"column":6},"end":{"line":177,"column":28}},"type":"if","locations":[{"start":{"line":177,"column":6},"end":{"line":177,"column":28}},{"start":{},"end":{}}],"line":177},"24":{"loc":{"start":{"line":179,"column":6},"end":{"line":181,"column":7}},"type":"if","locations":[{"start":{"line":179,"column":6},"end":{"line":181,"column":7}},{"start":{},"end":{}}],"line":179},"25":{"loc":{"start":{"line":179,"column":10},"end":{"line":179,"column":25}},"type":"binary-expr","locations":[{"start":{"line":179,"column":10},"end":{"line":179,"column":14}},{"start":{"line":179,"column":18},"end":{"line":179,"column":25}}],"line":179},"26":{"loc":{"start":{"line":191,"column":4},"end":{"line":195,"column":5}},"type":"if","locations":[{"start":{"line":191,"column":4},"end":{"line":195,"column":5}},{"start":{"line":193,"column":11},"end":{"line":195,"column":5}}],"line":191},"27":{"loc":{"start":{"line":191,"column":8},"end":{"line":191,"column":28}},"type":"binary-expr","locations":[{"start":{"line":191,"column":8},"end":{"line":191,"column":12}},{"start":{"line":191,"column":16},"end":{"line":191,"column":28}}],"line":191}},"s":{"0":0,"1":0,"2":0,"3":0,"4":0,"5":0,"6":0,"7":0,"8":0,"9":0,"10":0,"11":0,"12":0,"13":0,"14":0,"15":0,"16":0,"17":0,"18":0,"19":0,"20":0,"21":0,"22":0,"23":0,"24":0,"25":0,"26":0,"27":0,"28":0,"29":0,"30":0,"31":0,"32":0,"33":0,"34":0,"35":0,"36":0,"37":0,"38":0,"39":0,"40":0,"41":0,"42":0,"43":0,"44":0,"45":0,"46":0,"47":0,"48":0,"49":0,"50":0,"51":0,"52":0,"53":0,"54":0,"55":0,"56":0,"57":0,"58":0,"59":0,"60":0,"61":0,"62":0,"63":0,"64":0,"65":0,"66":0,"67":0,"68":0,"69":0,"70":0,"71":0,"72":0,"73":0,"74":0,"75":0,"76":0,"77":0,"78":0,"79":0,"80":0,"81":0,"82":0,"83":0,"84":0,"85":0,"86":0,"87":0,"88":0,"89":0,"90":0,"91":0},"f":{"0":0,"1":0,"2":0,"3":0,"4":0,"5":0,"6":0,"7":0,"8":0,"9":0,"10":0,"11":0},"b":{"0":[0,0],"1":[0,0],"2":[0,0],"3":[0,0],"4":[0,0],"5":[0,0],"6":[0,0],"7":[0,0],"8":[0,0],"9":[0,0],"10":[0,0],"11":[0,0],"12":[0,0],"13":[0,0],"14":[0,0],"15":[0,0],"16":[0,0],"17":[0,0],"18":[0,0],"19":[0,0],"20":[0,0],"21":[0,0],"22":[0,0],"23":[0,0],"24":[0,0],"25":[0,0],"26":[0,0],"27":[0,0]}}
,"/Users/darrenmorgan/AI_Projects/process-audit-ai/pages/api/analyze-process.js": {"path":"/Users/darrenmorgan/AI_Projects/process-audit-ai/pages/api/analyze-process.js","statementMap":{"0":{"start":{"line":8,"column":2},"end":{"line":8,"column":54}},"1":{"start":{"line":8,"column":47},"end":{"line":8,"column":54}},"2":{"start":{"line":10,"column":2},"end":{"line":12,"column":3}},"3":{"start":{"line":11,"column":4},"end":{"line":11,"column":64}},"4":{"start":{"line":14,"column":2},"end":{"line":227,"column":3}},"5":{"start":{"line":16,"column":57},"end":{"line":16,"column":65}},"6":{"start":{"line":19,"column":4},"end":{"line":21,"column":5}},"7":{"start":{"line":20,"column":6},"end":{"line":20,"column":74}},"8":{"start":{"line":23,"column":4},"end":{"line":25,"column":5}},"9":{"start":{"line":24,"column":6},"end":{"line":24,"column":95}},"10":{"start":{"line":27,"column":4},"end":{"line":29,"column":5}},"11":{"start":{"line":28,"column":6},"end":{"line":28,"column":68}},"12":{"start":{"line":32,"column":33},"end":{"line":32,"column":111}},"13":{"start":{"line":33,"column":33},"end":{"line":33,"column":83}},"14":{"start":{"line":36,"column":4},"end":{"line":36,"column":59}},"15":{"start":{"line":36,"column":33},"end":{"line":36,"column":58}},"16":{"start":{"line":39,"column":25},"end":{"line":207,"column":5}},"17":{"start":{"line":210,"column":21},"end":{"line":210,"column":94}},"18":{"start":{"line":212,"column":4},"end":{"line":217,"column":5}},"19":{"start":{"line":213,"column":6},"end":{"line":213,"column":48}},"20":{"start":{"line":216,"column":6},"end":{"line":216,"column":52}},"21":{"start":{"line":219,"column":4},"end":{"line":219,"column":52}},"22":{"start":{"line":222,"column":4},"end":{"line":224,"column":5}},"23":{"start":{"line":223,"column":6},"end":{"line":223,"column":59}},"24":{"start":{"line":226,"column":4},"end":{"line":226,"column":64}}},"fnMap":{"0":{"name":"handler","decl":{"start":{"line":6,"column":15},"end":{"line":6,"column":22}},"loc":{"start":{"line":6,"column":33},"end":{"line":228,"column":1}},"line":6},"1":{"name":"(anonymous_1)","decl":{"start":{"line":36,"column":22},"end":{"line":36,"column":23}},"loc":{"start":{"line":36,"column":33},"end":{"line":36,"column":58}},"line":36}},"branchMap":{"0":{"loc":{"start":{"line":8,"column":2},"end":{"line":8,"column":54}},"type":"if","locations":[{"start":{"line":8,"column":2},"end":{"line":8,"column":54}},{"start":{},"end":{}}],"line":8},"1":{"loc":{"start":{"line":10,"column":2},"end":{"line":12,"column":3}},"type":"if","locations":[{"start":{"line":10,"column":2},"end":{"line":12,"column":3}},{"start":{},"end":{}}],"line":10},"2":{"loc":{"start":{"line":19,"column":4},"end":{"line":21,"column":5}},"type":"if","locations":[{"start":{"line":19,"column":4},"end":{"line":21,"column":5}},{"start":{},"end":{}}],"line":19},"3":{"loc":{"start":{"line":19,"column":8},"end":{"line":19,"column":47}},"type":"binary-expr","locations":[{"start":{"line":19,"column":8},"end":{"line":19,"column":16}},{"start":{"line":19,"column":20},"end":{"line":19,"column":47}}],"line":19},"4":{"loc":{"start":{"line":23,"column":4},"end":{"line":25,"column":5}},"type":"if","locations":[{"start":{"line":23,"column":4},"end":{"line":25,"column":5}},{"start":{},"end":{}}],"line":23},"5":{"loc":{"start":{"line":23,"column":8},"end":{"line":23,"column":43}},"type":"binary-expr","locations":[{"start":{"line":23,"column":8},"end":{"line":23,"column":27}},{"start":{"line":23,"column":31},"end":{"line":23,"column":43}}],"line":23},"6":{"loc":{"start":{"line":27,"column":4},"end":{"line":29,"column":5}},"type":"if","locations":[{"start":{"line":27,"column":4},"end":{"line":29,"column":5}},{"start":{},"end":{}}],"line":27},"7":{"loc":{"start":{"line":32,"column":33},"end":{"line":32,"column":111}},"type":"cond-expr","locations":[{"start":{"line":32,"column":54},"end":{"line":32,"column":106}},{"start":{"line":32,"column":109},"end":{"line":32,"column":111}}],"line":32},"8":{"loc":{"start":{"line":33,"column":33},"end":{"line":33,"column":83}},"type":"cond-expr","locations":[{"start":{"line":33,"column":47},"end":{"line":33,"column":78}},{"start":{"line":33,"column":81},"end":{"line":33,"column":83}}],"line":33},"9":{"loc":{"start":{"line":45,"column":26},"end":{"line":45,"column":59}},"type":"binary-expr","locations":[{"start":{"line":45,"column":26},"end":{"line":45,"column":44}},{"start":{"line":45,"column":48},"end":{"line":45,"column":59}}],"line":45},"10":{"loc":{"start":{"line":46,"column":19},"end":{"line":46,"column":48}},"type":"binary-expr","locations":[{"start":{"line":46,"column":19},"end":{"line":46,"column":36}},{"start":{"line":46,"column":40},"end":{"line":46,"column":48}}],"line":46},"11":{"loc":{"start":{"line":212,"column":4},"end":{"line":217,"column":5}},"type":"if","locations":[{"start":{"line":212,"column":4},"end":{"line":217,"column":5}},{"start":{"line":214,"column":11},"end":{"line":217,"column":5}}],"line":212},"12":{"loc":{"start":{"line":222,"column":4},"end":{"line":224,"column":5}},"type":"if","locations":[{"start":{"line":222,"column":4},"end":{"line":224,"column":5}},{"start":{},"end":{}}],"line":222},"13":{"loc":{"start":{"line":222,"column":8},"end":{"line":222,"column":61}},"type":"binary-expr","locations":[{"start":{"line":222,"column":8},"end":{"line":222,"column":21}},{"start":{"line":222,"column":25},"end":{"line":222,"column":61}}],"line":222}},"s":{"0":0,"1":0,"2":0,"3":0,"4":0,"5":0,"6":0,"7":0,"8":0,"9":0,"10":0,"11":0,"12":0,"13":0,"14":0,"15":0,"16":0,"17":0,"18":0,"19":0,"20":0,"21":0,"22":0,"23":0,"24":0},"f":{"0":0,"1":0},"b":{"0":[0,0],"1":[0,0],"2":[0,0],"3":[0,0],"4":[0,0],"5":[0,0],"6":[0,0],"7":[0,0],"8":[0,0],"9":[0,0],"10":[0,0],"11":[0,0],"12":[0,0],"13":[0,0]}}
,"/Users/darrenmorgan/AI_Projects/process-audit-ai/pages/api/analyze-sop.js": {"path":"/Users/darrenmorgan/AI_Projects/process-audit-ai/pages/api/analyze-sop.js","statementMap":{"0":{"start":{"line":4,"column":2},"end":{"line":6,"column":3}},"1":{"start":{"line":5,"column":4},"end":{"line":5,"column":64}},"2":{"start":{"line":8,"column":2},"end":{"line":8,"column":54}},"3":{"start":{"line":9,"column":2},"end":{"line":9,"column":61}},"4":{"start":{"line":11,"column":59},"end":{"line":11,"column":67}},"5":{"start":{"line":13,"column":2},"end":{"line":13,"column":38}},"6":{"start":{"line":14,"column":2},"end":{"line":14,"column":77}},"7":{"start":{"line":15,"column":2},"end":{"line":15,"column":85}},"8":{"start":{"line":16,"column":2},"end":{"line":16,"column":93}},"9":{"start":{"line":17,"column":2},"end":{"line":17,"column":46}},"10":{"start":{"line":19,"column":2},"end":{"line":78,"column":3}},"11":{"start":{"line":20,"column":4},"end":{"line":20,"column":92}},"12":{"start":{"line":22,"column":29},"end":{"line":75,"column":5}},"13":{"start":{"line":77,"column":4},"end":{"line":77,"column":49}},"14":{"start":{"line":80,"column":2},"end":{"line":221,"column":3}},"15":{"start":{"line":81,"column":4},"end":{"line":81,"column":61}},"16":{"start":{"line":82,"column":4},"end":{"line":82,"column":60}},"17":{"start":{"line":83,"column":4},"end":{"line":83,"column":82}},"18":{"start":{"line":86,"column":23},"end":{"line":86,"column":94}},"19":{"start":{"line":88,"column":4},"end":{"line":91,"column":5}},"20":{"start":{"line":89,"column":6},"end":{"line":89,"column":63}},"21":{"start":{"line":90,"column":6},"end":{"line":90,"column":45}},"22":{"start":{"line":94,"column":4},"end":{"line":94,"column":70}},"23":{"start":{"line":95,"column":27},"end":{"line":211,"column":5}},"24":{"start":{"line":213,"column":4},"end":{"line":213,"column":47}},"25":{"start":{"line":216,"column":4},"end":{"line":216,"column":70}},"26":{"start":{"line":217,"column":4},"end":{"line":220,"column":6}},"27":{"start":{"line":224,"column":22},"end":{"line":230,"column":1}}},"fnMap":{"0":{"name":"handler","decl":{"start":{"line":3,"column":30},"end":{"line":3,"column":37}},"loc":{"start":{"line":3,"column":48},"end":{"line":222,"column":1}},"line":3}},"branchMap":{"0":{"loc":{"start":{"line":4,"column":2},"end":{"line":6,"column":3}},"type":"if","locations":[{"start":{"line":4,"column":2},"end":{"line":6,"column":3}},{"start":{},"end":{}}],"line":4},"1":{"loc":{"start":{"line":14,"column":38},"end":{"line":14,"column":76}},"type":"binary-expr","locations":[{"start":{"line":14,"column":38},"end":{"line":14,"column":56}},{"start":{"line":14,"column":60},"end":{"line":14,"column":76}}],"line":14},"2":{"loc":{"start":{"line":15,"column":39},"end":{"line":15,"column":84}},"type":"binary-expr","locations":[{"start":{"line":15,"column":39},"end":{"line":15,"column":68}},{"start":{"line":15,"column":72},"end":{"line":15,"column":84}}],"line":15},"3":{"loc":{"start":{"line":16,"column":46},"end":{"line":16,"column":92}},"type":"binary-expr","locations":[{"start":{"line":16,"column":46},"end":{"line":16,"column":72}},{"start":{"line":16,"column":76},"end":{"line":16,"column":92}}],"line":16},"4":{"loc":{"start":{"line":19,"column":2},"end":{"line":78,"column":3}},"type":"if","locations":[{"start":{"line":19,"column":2},"end":{"line":78,"column":3}},{"start":{},"end":{}}],"line":19},"5":{"loc":{"start":{"line":19,"column":6},"end":{"line":19,"column":51}},"type":"binary-expr","locations":[{"start":{"line":19,"column":6},"end":{"line":19,"column":17}},{"start":{"line":19,"column":21},"end":{"line":19,"column":51}}],"line":19},"6":{"loc":{"start":{"line":83,"column":47},"end":{"line":83,"column":81}},"type":"cond-expr","locations":[{"start":{"line":83,"column":69},"end":{"line":83,"column":74}},{"start":{"line":83,"column":77},"end":{"line":83,"column":81}}],"line":83},"7":{"loc":{"start":{"line":88,"column":4},"end":{"line":91,"column":5}},"type":"if","locations":[{"start":{"line":88,"column":4},"end":{"line":91,"column":5}},{"start":{},"end":{}}],"line":88}},"s":{"0":0,"1":0,"2":0,"3":0,"4":0,"5":0,"6":0,"7":0,"8":0,"9":0,"10":0,"11":0,"12":0,"13":0,"14":0,"15":0,"16":0,"17":0,"18":0,"19":0,"20":0,"21":0,"22":0,"23":0,"24":0,"25":0,"26":0,"27":0},"f":{"0":0},"b":{"0":[0,0],"1":[0,0],"2":[0,0],"3":[0,0],"4":[0,0],"5":[0,0],"6":[0,0],"7":[0,0]}}
,"/Users/darrenmorgan/AI_Projects/process-audit-ai/pages/api/generate-pdf-v2.js": {"path":"/Users/darrenmorgan/AI_Projects/process-audit-ai/pages/api/generate-pdf-v2.js","statementMap":{"0":{"start":{"line":11,"column":22},"end":{"line":19,"column":1}},"1":{"start":{"line":23,"column":2},"end":{"line":28,"column":3}},"2":{"start":{"line":24,"column":4},"end":{"line":27,"column":6}},"3":{"start":{"line":30,"column":2},"end":{"line":186,"column":3}},"4":{"start":{"line":31,"column":4},"end":{"line":31,"column":79}},"5":{"start":{"line":34,"column":25},"end":{"line":36,"column":6}},"6":{"start":{"line":39,"column":72},"end":{"line":39,"column":80}},"7":{"start":{"line":41,"column":4},"end":{"line":46,"column":5}},"8":{"start":{"line":42,"column":6},"end":{"line":45,"column":9}},"9":{"start":{"line":48,"column":4},"end":{"line":53,"column":5}},"10":{"start":{"line":49,"column":6},"end":{"line":52,"column":9}},"11":{"start":{"line":56,"column":23},"end":{"line":56,"column":76}},"12":{"start":{"line":57,"column":4},"end":{"line":62,"column":5}},"13":{"start":{"line":58,"column":6},"end":{"line":61,"column":9}},"14":{"start":{"line":64,"column":4},"end":{"line":64,"column":83}},"15":{"start":{"line":69,"column":4},"end":{"line":107,"column":5}},"16":{"start":{"line":71,"column":8},"end":{"line":71,"column":82}},"17":{"start":{"line":72,"column":8},"end":{"line":72,"column":14}},"18":{"start":{"line":75,"column":8},"end":{"line":85,"column":10}},"19":{"start":{"line":86,"column":8},"end":{"line":86,"column":14}},"20":{"start":{"line":89,"column":8},"end":{"line":99,"column":10}},"21":{"start":{"line":100,"column":8},"end":{"line":100,"column":14}},"22":{"start":{"line":103,"column":8},"end":{"line":106,"column":11}},"23":{"start":{"line":110,"column":23},"end":{"line":110,"column":84}},"24":{"start":{"line":111,"column":4},"end":{"line":118,"column":5}},"25":{"start":{"line":112,"column":6},"end":{"line":112,"column":77}},"26":{"start":{"line":113,"column":6},"end":{"line":117,"column":9}},"27":{"start":{"line":121,"column":22},"end":{"line":121,"column":32}},"28":{"start":{"line":122,"column":22},"end":{"line":134,"column":5}},"29":{"start":{"line":135,"column":27},"end":{"line":135,"column":49}},"30":{"start":{"line":137,"column":4},"end":{"line":137,"column":98}},"31":{"start":{"line":140,"column":27},"end":{"line":140,"column":59}},"32":{"start":{"line":142,"column":4},"end":{"line":176,"column":5}},"33":{"start":{"line":145,"column":25},"end":{"line":145,"column":80}},"34":{"start":{"line":147,"column":8},"end":{"line":147,"column":57}},"35":{"start":{"line":148,"column":8},"end":{"line":148,"column":83}},"36":{"start":{"line":149,"column":8},"end":{"line":149,"column":58}},"37":{"start":{"line":150,"column":8},"end":{"line":150,"column":78}},"38":{"start":{"line":153,"column":8},"end":{"line":153,"column":27}},"39":{"start":{"line":154,"column":8},"end":{"line":154,"column":27}},"40":{"start":{"line":155,"column":8},"end":{"line":155,"column":15}},"41":{"start":{"line":159,"column":8},"end":{"line":162,"column":11}},"42":{"start":{"line":166,"column":8},"end":{"line":169,"column":11}},"43":{"start":{"line":172,"column":8},"end":{"line":175,"column":11}},"44":{"start":{"line":179,"column":4},"end":{"line":179,"column":59}},"45":{"start":{"line":181,"column":4},"end":{"line":185,"column":7}},"46":{"start":{"line":193,"column":2},"end":{"line":195,"column":3}},"47":{"start":{"line":194,"column":4},"end":{"line":194,"column":87}},"48":{"start":{"line":198,"column":21},"end":{"line":198,"column":23}},"49":{"start":{"line":200,"column":2},"end":{"line":214,"column":3}},"50":{"start":{"line":201,"column":4},"end":{"line":213,"column":7}},"51":{"start":{"line":203,"column":77},"end":{"line":212,"column":7}},"52":{"start":{"line":216,"column":2},"end":{"line":261,"column":4}}},"fnMap":{"0":{"name":"handler","decl":{"start":{"line":21,"column":30},"end":{"line":21,"column":37}},"loc":{"start":{"line":21,"column":48},"end":{"line":187,"column":1}},"line":21},"1":{"name":"convertReportDataToSOP","decl":{"start":{"line":192,"column":9},"end":{"line":192,"column":31}},"loc":{"start":{"line":192,"column":57},"end":{"line":262,"column":1}},"line":192},"2":{"name":"(anonymous_2)","decl":{"start":{"line":203,"column":52},"end":{"line":203,"column":53}},"loc":{"start":{"line":203,"column":77},"end":{"line":212,"column":7}},"line":203}},"branchMap":{"0":{"loc":{"start":{"line":23,"column":2},"end":{"line":28,"column":3}},"type":"if","locations":[{"start":{"line":23,"column":2},"end":{"line":28,"column":3}},{"start":{},"end":{}}],"line":23},"1":{"loc":{"start":{"line":35,"column":20},"end":{"line":35,"column":58}},"type":"binary-expr","locations":[{"start":{"line":35,"column":20},"end":{"line":35,"column":45}},{"start":{"line":35,"column":49},"end":{"line":35,"column":58}}],"line":35},"2":{"loc":{"start":{"line":41,"column":4},"end":{"line":46,"column":5}},"type":"if","locations":[{"start":{"line":41,"column":4},"end":{"line":46,"column":5}},{"start":{},"end":{}}],"line":41},"3":{"loc":{"start":{"line":48,"column":4},"end":{"line":53,"column":5}},"type":"if","locations":[{"start":{"line":48,"column":4},"end":{"line":53,"column":5}},{"start":{},"end":{}}],"line":48},"4":{"loc":{"start":{"line":57,"column":4},"end":{"line":62,"column":5}},"type":"if","locations":[{"start":{"line":57,"column":4},"end":{"line":62,"column":5}},{"start":{},"end":{}}],"line":57},"5":{"loc":{"start":{"line":69,"column":4},"end":{"line":107,"column":5}},"type":"switch","locations":[{"start":{"line":70,"column":6},"end":{"line":72,"column":14}},{"start":{"line":74,"column":6},"end":{"line":86,"column":14}},{"start":{"line":88,"column":6},"end":{"line":100,"column":14}},{"start":{"line":102,"column":6},"end":{"line":106,"column":11}}],"line":69},"6":{"loc":{"start":{"line":71,"column":23},"end":{"line":71,"column":81}},"type":"binary-expr","locations":[{"start":{"line":71,"column":23},"end":{"line":71,"column":30}},{"start":{"line":71,"column":34},"end":{"line":71,"column":81}}],"line":71},"7":{"loc":{"start":{"line":76,"column":22},"end":{"line":76,"column":38}},"type":"binary-expr","locations":[{"start":{"line":76,"column":22},"end":{"line":76,"column":32}},{"start":{"line":76,"column":36},"end":{"line":76,"column":38}}],"line":76},"8":{"loc":{"start":{"line":77,"column":23},"end":{"line":77,"column":40}},"type":"binary-expr","locations":[{"start":{"line":77,"column":23},"end":{"line":77,"column":34}},{"start":{"line":77,"column":38},"end":{"line":77,"column":40}}],"line":77},"9":{"loc":{"start":{"line":79,"column":19},"end":{"line":81,"column":45}},"type":"cond-expr","locations":[{"start":{"line":80,"column":14},"end":{"line":80,"column":73}},{"start":{"line":81,"column":14},"end":{"line":81,"column":45}}],"line":79},"10":{"loc":{"start":{"line":82,"column":20},"end":{"line":82,"column":65}},"type":"binary-expr","locations":[{"start":{"line":82,"column":20},"end":{"line":82,"column":44}},{"start":{"line":82,"column":48},"end":{"line":82,"column":65}}],"line":82},"11":{"loc":{"start":{"line":90,"column":22},"end":{"line":90,"column":38}},"type":"binary-expr","locations":[{"start":{"line":90,"column":22},"end":{"line":90,"column":32}},{"start":{"line":90,"column":36},"end":{"line":90,"column":38}}],"line":90},"12":{"loc":{"start":{"line":91,"column":23},"end":{"line":91,"column":40}},"type":"binary-expr","locations":[{"start":{"line":91,"column":23},"end":{"line":91,"column":34}},{"start":{"line":91,"column":38},"end":{"line":91,"column":40}}],"line":91},"13":{"loc":{"start":{"line":93,"column":19},"end":{"line":95,"column":52}},"type":"cond-expr","locations":[{"start":{"line":94,"column":14},"end":{"line":94,"column":61}},{"start":{"line":95,"column":14},"end":{"line":95,"column":52}}],"line":93},"14":{"loc":{"start":{"line":96,"column":20},"end":{"line":96,"column":65}},"type":"binary-expr","locations":[{"start":{"line":96,"column":20},"end":{"line":96,"column":44}},{"start":{"line":96,"column":48},"end":{"line":96,"column":65}}],"line":96},"15":{"loc":{"start":{"line":111,"column":4},"end":{"line":118,"column":5}},"type":"if","locations":[{"start":{"line":111,"column":4},"end":{"line":118,"column":5}},{"start":{},"end":{}}],"line":111},"16":{"loc":{"start":{"line":127,"column":18},"end":{"line":127,"column":46}},"type":"binary-expr","locations":[{"start":{"line":127,"column":18},"end":{"line":127,"column":38}},{"start":{"line":127,"column":42},"end":{"line":127,"column":46}}],"line":127},"17":{"loc":{"start":{"line":128,"column":23},"end":{"line":128,"column":62}},"type":"binary-expr","locations":[{"start":{"line":128,"column":23},"end":{"line":128,"column":48}},{"start":{"line":128,"column":52},"end":{"line":128,"column":62}}],"line":128},"18":{"loc":{"start":{"line":140,"column":27},"end":{"line":140,"column":59}},"type":"binary-expr","locations":[{"start":{"line":140,"column":27},"end":{"line":140,"column":45}},{"start":{"line":140,"column":49},"end":{"line":140,"column":59}}],"line":140},"19":{"loc":{"start":{"line":142,"column":4},"end":{"line":176,"column":5}},"type":"switch","locations":[{"start":{"line":143,"column":6},"end":{"line":155,"column":15}},{"start":{"line":157,"column":6},"end":{"line":162,"column":11}},{"start":{"line":164,"column":6},"end":{"line":169,"column":11}},{"start":{"line":171,"column":6},"end":{"line":175,"column":11}}],"line":142},"20":{"loc":{"start":{"line":145,"column":25},"end":{"line":145,"column":80}},"type":"binary-expr","locations":[{"start":{"line":145,"column":25},"end":{"line":145,"column":41}},{"start":{"line":145,"column":45},"end":{"line":145,"column":80}}],"line":145},"21":{"loc":{"start":{"line":184,"column":15},"end":{"line":184,"column":81}},"type":"cond-expr","locations":[{"start":{"line":184,"column":56},"end":{"line":184,"column":69}},{"start":{"line":184,"column":72},"end":{"line":184,"column":81}}],"line":184},"22":{"loc":{"start":{"line":193,"column":2},"end":{"line":195,"column":3}},"type":"if","locations":[{"start":{"line":193,"column":2},"end":{"line":195,"column":3}},{"start":{},"end":{}}],"line":193},"23":{"loc":{"start":{"line":193,"column":6},"end":{"line":193,"column":33}},"type":"binary-expr","locations":[{"start":{"line":193,"column":6},"end":{"line":193,"column":17}},{"start":{"line":193,"column":21},"end":{"line":193,"column":33}}],"line":193},"24":{"loc":{"start":{"line":200,"column":2},"end":{"line":214,"column":3}},"type":"if","locations":[{"start":{"line":200,"column":2},"end":{"line":214,"column":3}},{"start":{},"end":{}}],"line":200},"25":{"loc":{"start":{"line":200,"column":6},"end":{"line":200,"column":90}},"type":"binary-expr","locations":[{"start":{"line":200,"column":6},"end":{"line":200,"column":41}},{"start":{"line":200,"column":45},"end":{"line":200,"column":90}}],"line":200},"26":{"loc":{"start":{"line":205,"column":15},"end":{"line":205,"column":97}},"type":"binary-expr","locations":[{"start":{"line":205,"column":15},"end":{"line":205,"column":32}},{"start":{"line":205,"column":36},"end":{"line":205,"column":63}},{"start":{"line":205,"column":67},"end":{"line":205,"column":97}}],"line":205},"27":{"loc":{"start":{"line":206,"column":21},"end":{"line":206,"column":74}},"type":"binary-expr","locations":[{"start":{"line":206,"column":21},"end":{"line":206,"column":41}},{"start":{"line":206,"column":45},"end":{"line":206,"column":68}},{"start":{"line":206,"column":72},"end":{"line":206,"column":74}}],"line":206},"28":{"loc":{"start":{"line":207,"column":22},"end":{"line":207,"column":80}},"type":"binary-expr","locations":[{"start":{"line":207,"column":22},"end":{"line":207,"column":53}},{"start":{"line":207,"column":57},"end":{"line":207,"column":74}},{"start":{"line":207,"column":78},"end":{"line":207,"column":80}}],"line":207},"29":{"loc":{"start":{"line":208,"column":57},"end":{"line":208,"column":102}},"type":"binary-expr","locations":[{"start":{"line":208,"column":57},"end":{"line":208,"column":74}},{"start":{"line":208,"column":78},"end":{"line":208,"column":102}}],"line":208},"30":{"loc":{"start":{"line":209,"column":22},"end":{"line":209,"column":53}},"type":"binary-expr","locations":[{"start":{"line":209,"column":22},"end":{"line":209,"column":47}},{"start":{"line":209,"column":51},"end":{"line":209,"column":53}}],"line":209},"31":{"loc":{"start":{"line":210,"column":19},"end":{"line":210,"column":42}},"type":"binary-expr","locations":[{"start":{"line":210,"column":19},"end":{"line":210,"column":36}},{"start":{"line":210,"column":40},"end":{"line":210,"column":42}}],"line":210},"32":{"loc":{"start":{"line":211,"column":34},"end":{"line":211,"column":67}},"type":"binary-expr","locations":[{"start":{"line":211,"column":34},"end":{"line":211,"column":51}},{"start":{"line":211,"column":55},"end":{"line":211,"column":67}}],"line":211},"33":{"loc":{"start":{"line":218,"column":13},"end":{"line":218,"column":106}},"type":"cond-expr","locations":[{"start":{"line":218,"column":40},"end":{"line":218,"column":73}},{"start":{"line":218,"column":76},"end":{"line":218,"column":106}}],"line":218},"34":{"loc":{"start":{"line":223,"column":18},"end":{"line":223,"column":57}},"type":"binary-expr","locations":[{"start":{"line":223,"column":18},"end":{"line":223,"column":41}},{"start":{"line":223,"column":45},"end":{"line":223,"column":57}}],"line":223},"35":{"loc":{"start":{"line":224,"column":20},"end":{"line":224,"column":64}},"type":"binary-expr","locations":[{"start":{"line":224,"column":20},"end":{"line":224,"column":45}},{"start":{"line":224,"column":49},"end":{"line":224,"column":64}}],"line":224},"36":{"loc":{"start":{"line":228,"column":13},"end":{"line":229,"column":120}},"type":"binary-expr","locations":[{"start":{"line":228,"column":13},"end":{"line":228,"column":51}},{"start":{"line":229,"column":13},"end":{"line":229,"column":120}}],"line":228}},"s":{"0":0,"1":0,"2":0,"3":0,"4":0,"5":0,"6":0,"7":0,"8":0,"9":0,"10":0,"11":0,"12":0,"13":0,"14":0,"15":0,"16":0,"17":0,"18":0,"19":0,"20":0,"21":0,"22":0,"23":0,"24":0,"25":0,"26":0,"27":0,"28":0,"29":0,"30":0,"31":0,"32":0,"33":0,"34":0,"35":0,"36":0,"37":0,"38":0,"39":0,"40":0,"41":0,"42":0,"43":0,"44":0,"45":0,"46":0,"47":0,"48":0,"49":0,"50":0,"51":0,"52":0},"f":{"0":0,"1":0,"2":0},"b":{"0":[0,0],"1":[0,0],"2":[0,0],"3":[0,0],"4":[0,0],"5":[0,0,0,0],"6":[0,0],"7":[0,0],"8":[0,0],"9":[0,0],"10":[0,0],"11":[0,0],"12":[0,0],"13":[0,0],"14":[0,0],"15":[0,0],"16":[0,0],"17":[0,0],"18":[0,0],"19":[0,0,0,0],"20":[0,0],"21":[0,0],"22":[0,0],"23":[0,0],"24":[0,0],"25":[0,0],"26":[0,0,0],"27":[0,0,0],"28":[0,0,0],"29":[0,0],"30":[0,0],"31":[0,0],"32":[0,0],"33":[0,0],"34":[0,0],"35":[0,0],"36":[0,0]}}
,"/Users/darrenmorgan/AI_Projects/process-audit-ai/pages/api/generate-questions.js": {"path":"/Users/darrenmorgan/AI_Projects/process-audit-ai/pages/api/generate-questions.js","statementMap":{"0":{"start":{"line":4,"column":2},"end":{"line":4,"column":61}},"1":{"start":{"line":6,"column":2},"end":{"line":9,"column":3}},"2":{"start":{"line":7,"column":4},"end":{"line":7,"column":73}},"3":{"start":{"line":8,"column":4},"end":{"line":8,"column":64}},"4":{"start":{"line":11,"column":2},"end":{"line":105,"column":3}},"5":{"start":{"line":12,"column":48},"end":{"line":12,"column":56}},"6":{"start":{"line":14,"column":4},"end":{"line":19,"column":6}},"7":{"start":{"line":21,"column":4},"end":{"line":24,"column":5}},"8":{"start":{"line":22,"column":6},"end":{"line":22,"column":65}},"9":{"start":{"line":23,"column":6},"end":{"line":23,"column":95}},"10":{"start":{"line":27,"column":24},"end":{"line":27,"column":86}},"11":{"start":{"line":28,"column":4},"end":{"line":28,"column":91}},"12":{"start":{"line":31,"column":28},"end":{"line":84,"column":5}},"13":{"start":{"line":87,"column":4},"end":{"line":87,"column":80}},"14":{"start":{"line":88,"column":24},"end":{"line":88,"column":60}},"15":{"start":{"line":90,"column":4},"end":{"line":101,"column":5}},"16":{"start":{"line":91,"column":6},"end":{"line":95,"column":8}},"17":{"start":{"line":93,"column":36},"end":{"line":93,"column":42}},"18":{"start":{"line":94,"column":41},"end":{"line":94,"column":51}},"19":{"start":{"line":96,"column":6},"end":{"line":96,"column":54}},"20":{"start":{"line":98,"column":6},"end":{"line":98,"column":87}},"21":{"start":{"line":99,"column":6},"end":{"line":99,"column":75}},"22":{"start":{"line":100,"column":6},"end":{"line":100,"column":58}},"23":{"start":{"line":103,"column":4},"end":{"line":103,"column":55}},"24":{"start":{"line":104,"column":4},"end":{"line":104,"column":67}}},"fnMap":{"0":{"name":"handler","decl":{"start":{"line":3,"column":30},"end":{"line":3,"column":37}},"loc":{"start":{"line":3,"column":48},"end":{"line":106,"column":1}},"line":3},"1":{"name":"(anonymous_1)","decl":{"start":{"line":93,"column":31},"end":{"line":93,"column":32}},"loc":{"start":{"line":93,"column":36},"end":{"line":93,"column":42}},"line":93},"2":{"name":"(anonymous_2)","decl":{"start":{"line":94,"column":36},"end":{"line":94,"column":37}},"loc":{"start":{"line":94,"column":41},"end":{"line":94,"column":51}},"line":94}},"branchMap":{"0":{"loc":{"start":{"line":6,"column":2},"end":{"line":9,"column":3}},"type":"if","locations":[{"start":{"line":6,"column":2},"end":{"line":9,"column":3}},{"start":{},"end":{}}],"line":6},"1":{"loc":{"start":{"line":16,"column":32},"end":{"line":16,"column":63}},"type":"binary-expr","locations":[{"start":{"line":16,"column":32},"end":{"line":16,"column":58}},{"start":{"line":16,"column":62},"end":{"line":16,"column":63}}],"line":16},"2":{"loc":{"start":{"line":18,"column":25},"end":{"line":18,"column":49}},"type":"binary-expr","locations":[{"start":{"line":18,"column":25},"end":{"line":18,"column":44}},{"start":{"line":18,"column":48},"end":{"line":18,"column":49}}],"line":18},"3":{"loc":{"start":{"line":21,"column":4},"end":{"line":24,"column":5}},"type":"if","locations":[{"start":{"line":21,"column":4},"end":{"line":24,"column":5}},{"start":{},"end":{}}],"line":21},"4":{"loc":{"start":{"line":21,"column":8},"end":{"line":21,"column":43}},"type":"binary-expr","locations":[{"start":{"line":21,"column":8},"end":{"line":21,"column":27}},{"start":{"line":21,"column":31},"end":{"line":21,"column":43}}],"line":21},"5":{"loc":{"start":{"line":90,"column":4},"end":{"line":101,"column":5}},"type":"if","locations":[{"start":{"line":90,"column":4},"end":{"line":101,"column":5}},{"start":{"line":97,"column":11},"end":{"line":101,"column":5}}],"line":90}},"s":{"0":0,"1":0,"2":0,"3":0,"4":0,"5":0,"6":0,"7":0,"8":0,"9":0,"10":0,"11":0,"12":0,"13":0,"14":0,"15":0,"16":0,"17":0,"18":0,"19":0,"20":0,"21":0,"22":0,"23":0,"24":0},"f":{"0":0,"1":0,"2":0},"b":{"0":[0,0],"1":[0,0],"2":[0,0],"3":[0,0],"4":[0,0],"5":[0,0]}}
,"/Users/darrenmorgan/AI_Projects/process-audit-ai/pages/api/generate-sop-questions.js": {"path":"/Users/darrenmorgan/AI_Projects/process-audit-ai/pages/api/generate-sop-questions.js","statementMap":{"0":{"start":{"line":4,"column":2},"end":{"line":6,"column":3}},"1":{"start":{"line":5,"column":4},"end":{"line":5,"column":64}},"2":{"start":{"line":8,"column":43},"end":{"line":8,"column":51}},"3":{"start":{"line":10,"column":2},"end":{"line":12,"column":3}},"4":{"start":{"line":11,"column":4},"end":{"line":11,"column":70}},"5":{"start":{"line":14,"column":2},"end":{"line":87,"column":3}},"6":{"start":{"line":15,"column":4},"end":{"line":15,"column":56}},"7":{"start":{"line":17,"column":22},"end":{"line":17,"column":73}},"8":{"start":{"line":19,"column":4},"end":{"line":19,"column":57}},"9":{"start":{"line":21,"column":4},"end":{"line":24,"column":6}},"10":{"start":{"line":27,"column":4},"end":{"line":27,"column":61}},"11":{"start":{"line":30,"column":30},"end":{"line":80,"column":5}},"12":{"start":{"line":82,"column":4},"end":{"line":86,"column":6}}},"fnMap":{"0":{"name":"handler","decl":{"start":{"line":3,"column":30},"end":{"line":3,"column":37}},"loc":{"start":{"line":3,"column":48},"end":{"line":88,"column":1}},"line":3}},"branchMap":{"0":{"loc":{"start":{"line":4,"column":2},"end":{"line":6,"column":3}},"type":"if","locations":[{"start":{"line":4,"column":2},"end":{"line":6,"column":3}},{"start":{},"end":{}}],"line":4},"1":{"loc":{"start":{"line":8,"column":23},"end":{"line":8,"column":38}},"type":"default-arg","locations":[{"start":{"line":8,"column":36},"end":{"line":8,"column":38}}],"line":8},"2":{"loc":{"start":{"line":10,"column":2},"end":{"line":12,"column":3}},"type":"if","locations":[{"start":{"line":10,"column":2},"end":{"line":12,"column":3}},{"start":{},"end":{}}],"line":10}},"s":{"0":0,"1":0,"2":0,"3":0,"4":0,"5":0,"6":0,"7":0,"8":0,"9":0,"10":0,"11":0,"12":0},"f":{"0":0},"b":{"0":[0,0],"1":[0],"2":[0,0]}}
,"/Users/darrenmorgan/AI_Projects/process-audit-ai/pages/api/health.js": {"path":"/Users/darrenmorgan/AI_Projects/process-audit-ai/pages/api/health.js","statementMap":{"0":{"start":{"line":8,"column":2},"end":{"line":13,"column":3}},"1":{"start":{"line":9,"column":4},"end":{"line":12,"column":7}},"2":{"start":{"line":15,"column":2},"end":{"line":42,"column":3}},"3":{"start":{"line":16,"column":24},"end":{"line":30,"column":5}},"4":{"start":{"line":32,"column":4},"end":{"line":32,"column":38}},"5":{"start":{"line":34,"column":4},"end":{"line":34,"column":49}},"6":{"start":{"line":36,"column":4},"end":{"line":41,"column":7}}},"fnMap":{"0":{"name":"handler","decl":{"start":{"line":7,"column":15},"end":{"line":7,"column":22}},"loc":{"start":{"line":7,"column":33},"end":{"line":43,"column":1}},"line":7}},"branchMap":{"0":{"loc":{"start":{"line":8,"column":2},"end":{"line":13,"column":3}},"type":"if","locations":[{"start":{"line":8,"column":2},"end":{"line":13,"column":3}},{"start":{},"end":{}}],"line":8},"1":{"loc":{"start":{"line":20,"column":15},"end":{"line":20,"column":49}},"type":"binary-expr","locations":[{"start":{"line":20,"column":15},"end":{"line":20,"column":38}},{"start":{"line":20,"column":42},"end":{"line":20,"column":49}}],"line":20}},"s":{"0":0,"1":0,"2":0,"3":0,"4":0,"5":0,"6":0},"f":{"0":0},"b":{"0":[0,0],"1":[0,0]}}
,"/Users/darrenmorgan/AI_Projects/process-audit-ai/pages/api/metrics.js": {"path":"/Users/darrenmorgan/AI_Projects/process-audit-ai/pages/api/metrics.js","statementMap":{"0":{"start":{"line":12,"column":4},"end":{"line":12,"column":29}},"1":{"start":{"line":13,"column":4},"end":{"line":13,"column":30}},"2":{"start":{"line":14,"column":4},"end":{"line":14,"column":32}},"3":{"start":{"line":15,"column":4},"end":{"line":15,"column":28}},"4":{"start":{"line":20,"column":16},"end":{"line":20,"column":44}},"5":{"start":{"line":21,"column":4},"end":{"line":21,"column":66}},"6":{"start":{"line":26,"column":16},"end":{"line":26,"column":44}},"7":{"start":{"line":27,"column":4},"end":{"line":27,"column":32}},"8":{"start":{"line":32,"column":16},"end":{"line":32,"column":44}},"9":{"start":{"line":33,"column":4},"end":{"line":35,"column":5}},"10":{"start":{"line":34,"column":6},"end":{"line":34,"column":73}},"11":{"start":{"line":37,"column":22},"end":{"line":37,"column":46}},"12":{"start":{"line":38,"column":4},"end":{"line":38,"column":27}},"13":{"start":{"line":39,"column":4},"end":{"line":39,"column":25}},"14":{"start":{"line":42,"column":20},"end":{"line":42,"column":55}},"15":{"start":{"line":43,"column":4},"end":{"line":48,"column":5}},"16":{"start":{"line":44,"column":24},"end":{"line":44,"column":49}},"17":{"start":{"line":45,"column":6},"end":{"line":47,"column":7}},"18":{"start":{"line":46,"column":8},"end":{"line":46,"column":86}},"19":{"start":{"line":52,"column":21},"end":{"line":54,"column":16}},"20":{"start":{"line":53,"column":23},"end":{"line":53,"column":36}},"21":{"start":{"line":55,"column":4},"end":{"line":55,"column":52}},"22":{"start":{"line":60,"column":17},"end":{"line":60,"column":19}},"23":{"start":{"line":63,"column":4},"end":{"line":65,"column":5}},"24":{"start":{"line":64,"column":6},"end":{"line":64,"column":36}},"25":{"start":{"line":68,"column":4},"end":{"line":70,"column":5}},"26":{"start":{"line":69,"column":6},"end":{"line":69,"column":36}},"27":{"start":{"line":73,"column":4},"end":{"line":86,"column":5}},"28":{"start":{"line":74,"column":23},"end":{"line":74,"column":40}},"29":{"start":{"line":75,"column":21},"end":{"line":75,"column":77}},"30":{"start":{"line":78,"column":6},"end":{"line":78,"column":83}},"31":{"start":{"line":79,"column":6},"end":{"line":79,"column":87}},"32":{"start":{"line":82,"column":6},"end":{"line":85,"column":7}},"33":{"start":{"line":83,"column":23},"end":{"line":83,"column":53}},"34":{"start":{"line":84,"column":8},"end":{"line":84,"column":101}},"35":{"start":{"line":88,"column":4},"end":{"line":88,"column":18}},"36":{"start":{"line":93,"column":0},"end":{"line":93,"column":76}},"37":{"start":{"line":94,"column":25},"end":{"line":94,"column":48}},"38":{"start":{"line":98,"column":20},"end":{"line":98,"column":30}},"39":{"start":{"line":101,"column":19},"end":{"line":101,"column":40}},"40":{"start":{"line":102,"column":2},"end":{"line":102,"column":99}},"41":{"start":{"line":103,"column":2},"end":{"line":103,"column":101}},"42":{"start":{"line":104,"column":2},"end":{"line":104,"column":98}},"43":{"start":{"line":107,"column":2},"end":{"line":107,"column":83}},"44":{"start":{"line":110,"column":2},"end":{"line":110,"column":82}},"45":{"start":{"line":113,"column":22},"end":{"line":113,"column":43}},"46":{"start":{"line":114,"column":27},"end":{"line":114,"column":92}},"47":{"start":{"line":115,"column":2},"end":{"line":115,"column":111}},"48":{"start":{"line":118,"column":2},"end":{"line":118,"column":104}},"49":{"start":{"line":119,"column":2},"end":{"line":119,"column":103}},"50":{"start":{"line":120,"column":2},"end":{"line":120,"column":56}},"51":{"start":{"line":123,"column":2},"end":{"line":123,"column":104}},"52":{"start":{"line":124,"column":2},"end":{"line":124,"column":106}},"53":{"start":{"line":125,"column":2},"end":{"line":125,"column":96}},"54":{"start":{"line":126,"column":2},"end":{"line":126,"column":98}},"55":{"start":{"line":130,"column":2},"end":{"line":135,"column":3}},"56":{"start":{"line":131,"column":4},"end":{"line":134,"column":7}},"57":{"start":{"line":137,"column":2},"end":{"line":184,"column":3}},"58":{"start":{"line":138,"column":26},"end":{"line":141,"column":6}},"59":{"start":{"line":144,"column":4},"end":{"line":144,"column":28}},"60":{"start":{"line":147,"column":26},"end":{"line":147,"column":58}},"61":{"start":{"line":150,"column":26},"end":{"line":162,"column":1}},"62":{"start":{"line":164,"column":23},"end":{"line":164,"column":52}},"63":{"start":{"line":166,"column":4},"end":{"line":170,"column":7}},"64":{"start":{"line":168,"column":61},"end":{"line":168,"column":72}},"65":{"start":{"line":172,"column":4},"end":{"line":172,"column":48}},"66":{"start":{"line":173,"column":4},"end":{"line":173,"column":37}},"67":{"start":{"line":175,"column":4},"end":{"line":178,"column":7}},"68":{"start":{"line":180,"column":4},"end":{"line":183,"column":7}}},"fnMap":{"0":{"name":"(anonymous_0)","decl":{"start":{"line":11,"column":2},"end":{"line":11,"column":3}},"loc":{"start":{"line":11,"column":16},"end":{"line":16,"column":3}},"line":11},"1":{"name":"(anonymous_1)","decl":{"start":{"line":19,"column":2},"end":{"line":19,"column":3}},"loc":{"start":{"line":19,"column":49},"end":{"line":22,"column":3}},"line":19},"2":{"name":"(anonymous_2)","decl":{"start":{"line":25,"column":2},"end":{"line":25,"column":3}},"loc":{"start":{"line":25,"column":37},"end":{"line":28,"column":3}},"line":25},"3":{"name":"(anonymous_3)","decl":{"start":{"line":31,"column":2},"end":{"line":31,"column":3}},"loc":{"start":{"line":31,"column":44},"end":{"line":49,"column":3}},"line":31},"4":{"name":"(anonymous_4)","decl":{"start":{"line":51,"column":2},"end":{"line":51,"column":3}},"loc":{"start":{"line":51,"column":26},"end":{"line":56,"column":3}},"line":51},"5":{"name":"(anonymous_5)","decl":{"start":{"line":53,"column":11},"end":{"line":53,"column":12}},"loc":{"start":{"line":53,"column":23},"end":{"line":53,"column":36}},"line":53},"6":{"name":"(anonymous_6)","decl":{"start":{"line":59,"column":2},"end":{"line":59,"column":3}},"loc":{"start":{"line":59,"column":18},"end":{"line":89,"column":3}},"line":59},"7":{"name":"collectCurrentMetrics","decl":{"start":{"line":97,"column":9},"end":{"line":97,"column":30}},"loc":{"start":{"line":97,"column":33},"end":{"line":127,"column":1}},"line":97},"8":{"name":"handler","decl":{"start":{"line":129,"column":15},"end":{"line":129,"column":22}},"loc":{"start":{"line":129,"column":33},"end":{"line":185,"column":1}},"line":129},"9":{"name":"(anonymous_9)","decl":{"start":{"line":168,"column":53},"end":{"line":168,"column":54}},"loc":{"start":{"line":168,"column":61},"end":{"line":168,"column":72}},"line":168}},"branchMap":{"0":{"loc":{"start":{"line":19,"column":25},"end":{"line":19,"column":36}},"type":"default-arg","locations":[{"start":{"line":19,"column":34},"end":{"line":19,"column":36}}],"line":19},"1":{"loc":{"start":{"line":19,"column":38},"end":{"line":19,"column":47}},"type":"default-arg","locations":[{"start":{"line":19,"column":46},"end":{"line":19,"column":47}}],"line":19},"2":{"loc":{"start":{"line":21,"column":28},"end":{"line":21,"column":55}},"type":"binary-expr","locations":[{"start":{"line":21,"column":28},"end":{"line":21,"column":50}},{"start":{"line":21,"column":54},"end":{"line":21,"column":55}}],"line":21},"3":{"loc":{"start":{"line":25,"column":17},"end":{"line":25,"column":28}},"type":"default-arg","locations":[{"start":{"line":25,"column":26},"end":{"line":25,"column":28}}],"line":25},"4":{"loc":{"start":{"line":31,"column":24},"end":{"line":31,"column":35}},"type":"default-arg","locations":[{"start":{"line":31,"column":33},"end":{"line":31,"column":35}}],"line":31},"5":{"loc":{"start":{"line":33,"column":4},"end":{"line":35,"column":5}},"type":"if","locations":[{"start":{"line":33,"column":4},"end":{"line":35,"column":5}},{"start":{},"end":{}}],"line":33},"6":{"loc":{"start":{"line":45,"column":6},"end":{"line":47,"column":7}},"type":"if","locations":[{"start":{"line":45,"column":6},"end":{"line":47,"column":7}},{"start":{},"end":{}}],"line":45},"7":{"loc":{"start":{"line":46,"column":42},"end":{"line":46,"column":79}},"type":"binary-expr","locations":[{"start":{"line":46,"column":42},"end":{"line":46,"column":74}},{"start":{"line":46,"column":78},"end":{"line":46,"column":79}}],"line":46},"8":{"loc":{"start":{"line":55,"column":11},"end":{"line":55,"column":51}},"type":"cond-expr","locations":[{"start":{"line":55,"column":22},"end":{"line":55,"column":44}},{"start":{"line":55,"column":47},"end":{"line":55,"column":51}}],"line":55},"9":{"loc":{"start":{"line":75,"column":21},"end":{"line":75,"column":77}},"type":"cond-expr","locations":[{"start":{"line":75,"column":41},"end":{"line":75,"column":72}},{"start":{"line":75,"column":75},"end":{"line":75,"column":77}}],"line":75},"10":{"loc":{"start":{"line":78,"column":34},"end":{"line":78,"column":61}},"type":"cond-expr","locations":[{"start":{"line":78,"column":43},"end":{"line":78,"column":56}},{"start":{"line":78,"column":59},"end":{"line":78,"column":61}}],"line":78},"11":{"loc":{"start":{"line":79,"column":36},"end":{"line":79,"column":63}},"type":"cond-expr","locations":[{"start":{"line":79,"column":45},"end":{"line":79,"column":58}},{"start":{"line":79,"column":61},"end":{"line":79,"column":63}}],"line":79},"12":{"loc":{"start":{"line":84,"column":40},"end":{"line":84,"column":66}},"type":"cond-expr","locations":[{"start":{"line":84,"column":49},"end":{"line":84,"column":61}},{"start":{"line":84,"column":64},"end":{"line":84,"column":66}}],"line":84},"13":{"loc":{"start":{"line":93,"column":26},"end":{"line":93,"column":75}},"type":"binary-expr","locations":[{"start":{"line":93,"column":26},"end":{"line":93,"column":49}},{"start":{"line":93,"column":53},"end":{"line":93,"column":75}}],"line":93},"14":{"loc":{"start":{"line":130,"column":2},"end":{"line":135,"column":3}},"type":"if","locations":[{"start":{"line":130,"column":2},"end":{"line":135,"column":3}},{"start":{},"end":{}}],"line":130},"15":{"loc":{"start":{"line":140,"column":10},"end":{"line":140,"column":52}},"type":"binary-expr","locations":[{"start":{"line":140,"column":10},"end":{"line":140,"column":16}},{"start":{"line":140,"column":20},"end":{"line":140,"column":52}}],"line":140},"16":{"loc":{"start":{"line":153,"column":29},"end":{"line":153,"column":63}},"type":"binary-expr","locations":[{"start":{"line":153,"column":29},"end":{"line":153,"column":52}},{"start":{"line":153,"column":56},"end":{"line":153,"column":63}}],"line":153},"17":{"loc":{"start":{"line":157,"column":34},"end":{"line":157,"column":80}},"type":"binary-expr","locations":[{"start":{"line":157,"column":34},"end":{"line":157,"column":67}},{"start":{"line":157,"column":71},"end":{"line":157,"column":80}}],"line":157},"18":{"loc":{"start":{"line":157,"column":93},"end":{"line":157,"column":139}},"type":"binary-expr","locations":[{"start":{"line":157,"column":93},"end":{"line":157,"column":126}},{"start":{"line":157,"column":130},"end":{"line":157,"column":139}}],"line":157},"19":{"loc":{"start":{"line":177,"column":10},"end":{"line":177,"column":52}},"type":"binary-expr","locations":[{"start":{"line":177,"column":10},"end":{"line":177,"column":16}},{"start":{"line":177,"column":20},"end":{"line":177,"column":52}}],"line":177}},"s":{"0":0,"1":0,"2":0,"3":0,"4":0,"5":0,"6":0,"7":0,"8":0,"9":0,"10":0,"11":0,"12":0,"13":0,"14":0,"15":0,"16":0,"17":0,"18":0,"19":0,"20":0,"21":0,"22":0,"23":0,"24":0,"25":0,"26":0,"27":0,"28":0,"29":0,"30":0,"31":0,"32":0,"33":0,"34":0,"35":0,"36":0,"37":0,"38":0,"39":0,"40":0,"41":0,"42":0,"43":0,"44":0,"45":0,"46":0,"47":0,"48":0,"49":0,"50":0,"51":0,"52":0,"53":0,"54":0,"55":0,"56":0,"57":
[...]
mn":6},"end":{"line":129,"column":7}},"13":{"start":{"line":70,"column":27},"end":{"line":73,"column":10}},"14":{"start":{"line":75,"column":8},"end":{"line":90,"column":9}},"15":{"start":{"line":76,"column":10},"end":{"line":82,"column":13}},"16":{"start":{"line":84,"column":10},"end":{"line":89,"column":12}},"17":{"start":{"line":92,"column":31},"end":{"line":92,"column":53}},"18":{"start":{"line":94,"column":8},"end":{"line":102,"column":11}},"19":{"start":{"line":104,"column":8},"end":{"line":112,"column":10}},"20":{"start":{"line":115,"column":8},"end":{"line":121,"column":11}},"21":{"start":{"line":123,"column":8},"end":{"line":128,"column":10}},"22":{"start":{"line":133,"column":4},"end":{"line":138,"column":6}},"23":{"start":{"line":141,"column":4},"end":{"line":147,"column":7}},"24":{"start":{"line":149,"column":4},"end":{"line":154,"column":6}},"25":{"start":{"line":164,"column":2},"end":{"line":180,"column":4}},"26":{"start":{"line":165,"column":23},"end":{"line":165,"column":66}},"27":{"start":{"line":167,"column":4},"end":{"line":174,"column":5}},"28":{"start":{"line":168,"column":6},"end":{"line":173,"column":9}},"29":{"start":{"line":177,"column":4},"end":{"line":177,"column":41}},"30":{"start":{"line":179,"column":4},"end":{"line":179,"column":29}},"31":{"start":{"line":191,"column":66},"end":{"line":191,"column":73}},"32":{"start":{"line":194,"column":27},"end":{"line":200,"column":3}},"33":{"start":{"line":202,"column":23},"end":{"line":202,"column":50}},"34":{"start":{"line":204,"column":2},"end":{"line":217,"column":3}},"35":{"start":{"line":205,"column":4},"end":{"line":210,"column":7}},"36":{"start":{"line":212,"column":4},"end":{"line":216,"column":6}},"37":{"start":{"line":219,"column":28},"end":{"line":220,"column":66}},"38":{"start":{"line":222,"column":2},"end":{"line":234,"column":3}},"39":{"start":{"line":223,"column":4},"end":{"line":233,"column":7}},"40":{"start":{"line":236,"column":2},"end":{"line":242,"column":4}}},"fnMap":{"0":{"name":"validateOrganizationContext","decl":{"start":{"line":17,"column":22},"end":{"line":17,"column":49}},"loc":{"start":{"line":17,"column":60},"end":{"line":156,"column":1}},"line":17},"1":{"name":"withOrganizationValidation","decl":{"start":{"line":163,"column":16},"end":{"line":163,"column":42}},"loc":{"start":{"line":163,"column":52},"end":{"line":181,"column":1}},"line":163},"2":{"name":"validatedHandler","decl":{"start":{"line":164,"column":24},"end":{"line":164,"column":40}},"loc":{"start":{"line":164,"column":51},"end":{"line":180,"column":3}},"line":164},"3":{"name":"validateOrganizationPermissions","decl":{"start":{"line":190,"column":16},"end":{"line":190,"column":47}},"loc":{"start":{"line":190,"column":78},"end":{"line":243,"column":1}},"line":190}},"branchMap":{"0":{"loc":{"start":{"line":19,"column":24},"end":{"line":19,"column":121}},"type":"binary-expr","locations":[{"start":{"line":19,"column":24},"end":{"line":19,"column":55}},{"start":{"line":19,"column":59},"end":{"line":19,"column":121}}],"line":19},"1":{"loc":{"start":{"line":25,"column":4},"end":{"line":40,"column":5}},"type":"if","locations":[{"start":{"line":25,"column":4},"end":{"line":40,"column":5}},{"start":{},"end":{}}],"line":25},"2":{"loc":{"start":{"line":30,"column":12},"end":{"line":30,"column":74}},"type":"binary-expr","locations":[{"start":{"line":30,"column":12},"end":{"line":30,"column":42}},{"start":{"line":30,"column":46},"end":{"line":30,"column":74}}],"line":30},"3":{"loc":{"start":{"line":43,"column":27},"end":{"line":43,"column":100}},"type":"binary-expr","locations":[{"start":{"line":43,"column":27},"end":{"line":43,"column":51}},{"start":{"line":43,"column":55},"end":{"line":43,"column":80}},{"start":{"line":43,"column":84},"end":{"line":43,"column":100}}],"line":43},"4":{"loc":{"start":{"line":46,"column":4},"end":{"line":65,"column":5}},"type":"if","locations":[{"start":{"line":46,"column":4},"end":{"line":65,"column":5}},{"start":{},"end":{}}],"line":46},"5":{"loc":{"start":{"line":46,"column":8},"end":{"line":46,"column":50}},"type":"binary-expr","locations":[{"start":{"line":46,"column":8},"end":{"line":46,"column":22}},{"start":{"line":46,"column":26},"end":{"line":46,"column":50}}],"line":46},"6":{"loc":{"start":{"line":68,"column":4},"end":{"line":130,"column":5}},"type":"if","locations":[{"start":{"line":68,"column":4},"end":{"line":130,"column":5}},{"start":{},"end":{}}],"line":68},"7":{"loc":{"start":{"line":75,"column":8},"end":{"line":90,"column":9}},"type":"if","locations":[{"start":{"line":75,"column":8},"end":{"line":90,"column":9}},{"start":{},"end":{}}],"line":75},"8":{"loc":{"start":{"line":167,"column":4},"end":{"line":174,"column":5}},"type":"if","locations":[{"start":{"line":167,"column":4},"end":{"line":174,"column":5}},{"start":{},"end":{}}],"line":167},"9":{"loc":{"start":{"line":168,"column":24},"end":{"line":168,"column":52}},"type":"binary-expr","locations":[{"start":{"line":168,"column":24},"end":{"line":168,"column":45}},{"start":{"line":168,"column":49},"end":{"line":168,"column":52}}],"line":168},"10":{"loc":{"start":{"line":172,"column":27},"end":{"line":172,"column":64}},"type":"binary-expr","locations":[{"start":{"line":172,"column":27},"end":{"line":172,"column":55}},{"start":{"line":172,"column":59},"end":{"line":172,"column":64}}],"line":172},"11":{"loc":{"start":{"line":204,"column":2},"end":{"line":217,"column":3}},"type":"if","locations":[{"start":{"line":204,"column":2},"end":{"line":217,"column":3}},{"start":{},"end":{}}],"line":204},"12":{"loc":{"start":{"line":219,"column":28},"end":{"line":220,"column":66}},"type":"binary-expr","locations":[{"start":{"line":219,"column":28},"end":{"line":219,"column":59}},{"start":{"line":220,"column":27},"end":{"line":220,"column":66}}],"line":219},"13":{"loc":{"start":{"line":222,"column":2},"end":{"line":234,"column":3}},"type":"if","locations":[{"start":{"line":222,"column":2},"end":{"line":234,"column":3}},{"start":{},"end":{}}],"line":222},"14":{"loc":{"start":{"line":238,"column":12},"end":{"line":238,"column":73}},"type":"cond-expr","locations":[{"start":{"line":238,"column":32},"end":{"line":238,"column":44}},{"start":{"line":238,"column":47},"end":{"line":238,"column":73}}],"line":238}},"s":{"0":0,"1":0,"2":0,"3":0,"4":0,"5":0,"6":0,"7":0,"8":0,"9":0,"10":0,"11":0,"12":0,"13":0,"14":0,"15":0,"16":0,"17":0,"18":0,"19":0,"20":0,"21":0,"22":0,"23":0,"24":0,"25":0,"26":0,"27":0,"28":0,"29":0,"30":0,"31":0,"32":0,"33":0,"34":0,"35":0,"36":0,"37":0,"38":0,"39":0,"40":0},"f":{"0":0,"1":0,"2":0,"3":0},"b":{"0":[0,0],"1":[0,0],"2":[0,0],"3":[0,0,0],"4":[0,0],"5":[0,0],"6":[0,0],"7":[0,0],"8":[0,0],"9":[0,0],"10":[0,0],"11":[0,0],"12":[0,0],"13":[0,0],"14":[0,0]}}
,"/Users/darrenmorgan/AI_Projects/process-audit-ai/utils/security/webhook-validation.js": {"path":"/Users/darrenmorgan/AI_Projects/process-audit-ai/utils/security/webhook-validation.js","statementMap":{"0":{"start":{"line":20,"column":24},"end":{"line":20,"column":93}},"1":{"start":{"line":22,"column":2},"end":{"line":74,"column":3}},"2":{"start":{"line":23,"column":4},"end":{"line":33,"column":5}},"3":{"start":{"line":24,"column":6},"end":{"line":30,"column":9}},"4":{"start":{"line":32,"column":6},"end":{"line":32,"column":19}},"5":{"start":{"line":36,"column":30},"end":{"line":39,"column":20}},"6":{"start":{"line":41,"column":30},"end":{"line":41,"column":58}},"7":{"start":{"line":43,"column":20},"end":{"line":46,"column":5}},"8":{"start":{"line":48,"column":4},"end":{"line":62,"column":5}},"9":{"start":{"line":49,"column":6},"end":{"line":56,"column":9}},"10":{"start":{"line":58,"column":6},"end":{"line":61,"column":9}},"11":{"start":{"line":64,"column":4},"end":{"line":64,"column":19}},"12":{"start":{"line":67,"column":4},"end":{"line":71,"column":7}},"13":{"start":{"line":73,"column":4},"end":{"line":73,"column":17}},"14":{"start":{"line":87,"column":24},"end":{"line":87,"column":96}},"15":{"start":{"line":89,"column":2},"end":{"line":160,"column":3}},"16":{"start":{"line":90,"column":4},"end":{"line":101,"column":5}},"17":{"start":{"line":91,"column":6},"end":{"line":98,"column":9}},"18":{"start":{"line":100,"column":6},"end":{"line":100,"column":19}},"19":{"start":{"line":104,"column":16},"end":{"line":104,"column":45}},"20":{"start":{"line":105,"column":29},"end":{"line":105,"column":48}},"21":{"start":{"line":107,"column":4},"end":{"line":118,"column":5}},"22":{"start":{"line":108,"column":6},"end":{"line":115,"column":9}},"23":{"start":{"line":117,"column":6},"end":{"line":117,"column":19}},"24":{"start":{"line":121,"column":23},"end":{"line":121,"column":51}},"25":{"start":{"line":122,"column":30},"end":{"line":125,"column":20}},"26":{"start":{"line":127,"column":20},"end":{"line":130,"column":5}},"27":{"start":{"line":132,"column":4},"end":{"line":148,"column":5}},"28":{"start":{"line":133,"column":6},"end":{"line":141,"column":9}},"29":{"start":{"line":143,"column":6},"end":{"line":147,"column":9}},"30":{"start":{"line":150,"column":4},"end":{"line":150,"column":19}},"31":{"start":{"line":153,"column":4},"end":{"line":157,"column":7}},"32":{"start":{"line":159,"column":4},"end":{"line":159,"column":17}},"33":{"start":{"line":174,"column":24},"end":{"line":174,"column":90}},"34":{"start":{"line":176,"column":2},"end":{"line":222,"column":3}},"35":{"start":{"line":177,"column":4},"end":{"line":187,"column":5}},"36":{"start":{"line":178,"column":6},"end":{"line":184,"column":9}},"37":{"start":{"line":186,"column":6},"end":{"line":186,"column":19}},"38":{"start":{"line":189,"column":30},"end":{"line":192,"column":23}},"39":{"start":{"line":194,"column":20},"end":{"line":197,"column":5}},"40":{"start":{"line":199,"column":4},"end":{"line":208,"column":5}},"41":{"start":{"line":200,"column":6},"end":{"line":207,"column":9}},"42":{"start":{"line":210,"column":4},"end":{"line":210,"column":19}},"43":{"start":{"line":213,"column":4},"end":{"line":219,"column":7}},"44":{"start":{"line":221,"column":4},"end":{"line":221,"column":17}},"45":{"start":{"line":236,"column":6},"end":{"line":236,"column":13}},"46":{"start":{"line":235,"column":28},"end":{"line":235,"column":90}},"47":{"start":{"line":238,"column":24},"end":{"line":238,"column":122}},"48":{"start":{"line":239,"column":14},"end":{"line":239,"column":31}},"49":{"start":{"line":240,"column":14},"end":{"line":240,"column":24}},"50":{"start":{"line":243,"column":2},"end":{"line":245,"column":3}},"51":{"start":{"line":244,"column":4},"end":{"line":244,"column":38}},"52":{"start":{"line":247,"column":22},"end":{"line":247,"column":36}},"53":{"start":{"line":248,"column":19},"end":{"line":248,"column":55}},"54":{"start":{"line":251,"column":24},"end":{"line":251,"column":77}},"55":{"start":{"line":251,"column":53},"end":{"line":251,"column":76}},"56":{"start":{"line":254,"column":2},"end":{"line":273,"column":3}},"57":{"start":{"line":255,"column":4},"end":{"line":264,"column":7}},"58":{"start":{"line":266,"column":4},"end":{"line":272,"column":6}},"59":{"start":{"line":276,"column":2},"end":{"line":276,"column":26}},"60":{"start":{"line":277,"column":2},"end":{"line":277,"column":48}},"61":{"start":{"line":279,"column":2},"end":{"line":285,"column":4}},"62":{"start":{"line":295,"column":106},"end":{"line":295,"column":113}},"63":{"start":{"line":298,"column":2},"end":{"line":305,"column":5}},"64":{"start":{"line":308,"column":2},"end":{"line":317,"column":3}},"65":{"start":{"line":309,"column":29},"end":{"line":309,"column":68}},"66":{"start":{"line":311,"column":4},"end":{"line":316,"column":6}},"67":{"start":{"line":320,"column":2},"end":{"line":326,"column":4}},"68":{"start":{"line":335,"column":19},"end":{"line":356,"column":3}},"69":{"start":{"line":358,"column":21},"end":{"line":358,"column":47}},"70":{"start":{"line":360,"column":2},"end":{"line":364,"column":3}},"71":{"start":{"line":361,"column":4},"end":{"line":363,"column":5}},"72":{"start":{"line":362,"column":6},"end":{"line":362,"column":23}},"73":{"start":{"line":367,"column":2},"end":{"line":367,"column":67}}},"fnMap":{"0":{"name":"validatePagerDutyWebhook","decl":{"start":{"line":19,"column":16},"end":{"line":19,"column":40}},"loc":{"start":{"line":19,"column":73},"end":{"line":75,"column":1}},"line":19},"1":{"name":"validateSlackWebhook","decl":{"start":{"line":86,"column":16},"end":{"line":86,"column":36}},"loc":{"start":{"line":86,"column":87},"end":{"line":161,"column":1}},"line":86},"2":{"name":"validateGenericWebhook","decl":{"start":{"line":173,"column":16},"end":{"line":173,"column":38}},"loc":{"start":{"line":173,"column":111},"end":{"line":223,"column":1}},"line":173},"3":{"name":"checkRateLimit","decl":{"start":{"line":231,"column":16},"end":{"line":231,"column":30}},"loc":{"start":{"line":231,"column":50},"end":{"line":286,"column":1}},"line":231},"4":{"name":"(anonymous_4)","decl":{"start":{"line":235,"column":19},"end":{"line":235,"column":20}},"loc":{"start":{"line":235,"column":28},"end":{"line":235,"column":90}},"line":235},"5":{"name":"(anonymous_5)","decl":{"start":{"line":251,"column":40},"end":{"line":251,"column":41}},"loc":{"start":{"line":251,"column":53},"end":{"line":251,"column":76}},"line":251},"6":{"name":"sanitizeErrorMessage","decl":{"start":{"line":294,"column":16},"end":{"line":294,"column":36}},"loc":{"start":{"line":294,"column":58},"end":{"line":327,"column":1}},"line":294},"7":{"name":"getSanitizedErrorMessage","decl":{"start":{"line":334,"column":9},"end":{"line":334,"column":33}},"loc":{"start":{"line":334,"column":48},"end":{"line":368,"column":1}},"line":334}},"branchMap":{"0":{"loc":{"start":{"line":23,"column":4},"end":{"line":33,"column":5}},"type":"if","locations":[{"start":{"line":23,"column":4},"end":{"line":33,"column":5}},{"start":{},"end":{}}],"line":23},"1":{"loc":{"start":{"line":23,"column":8},"end":{"line":23,"column":41}},"type":"binary-expr","locations":[{"start":{"line":23,"column":8},"end":{"line":23,"column":16}},{"start":{"line":23,"column":20},"end":{"line":23,"column":30}},{"start":{"line":23,"column":34},"end":{"line":23,"column":41}}],"line":23},"2":{"loc":{"start":{"line":48,"column":4},"end":{"line":62,"column":5}},"type":"if","locations":[{"start":{"line":48,"column":4},"end":{"line":62,"column":5}},{"start":{"line":57,"column":11},"end":{"line":62,"column":5}}],"line":48},"3":{"loc":{"start":{"line":90,"column":4},"end":{"line":101,"column":5}},"type":"if","locations":[{"start":{"line":90,"column":4},"end":{"line":101,"column":5}},{"start":{},"end":{}}],"line":90},"4":{"loc":{"start":{"line":90,"column":8},"end":{"line":90,"column":62}},"type":"binary-expr","locations":[{"start":{"line":90,"column":8},"end":{"line":90,"column":16}},{"start":{"line":90,"column":20},"end":{"line":90,"column":30}},{"start":{"line":90,"column":34},"end":{"line":90,"column":44}},{"start":{"line":90,"column":48},"end":{"line":90,"column":62}}],"line":90},"5":{"loc":{"start":{"line":107,"column":4},"end":{"line":118,"column":5}},"type":"if","locations":[{"start":{"line":107,"column":4},"end":{"line":118,"column":5}},{"start":{},"end":{}}],"line":107},"6":{"loc":{"start":{"line":132,"column":4},"end":{"line":148,"column":5}},"type":"if","locations":[{"start":{"line":132,"column":4},"end":{"line":148,"column":5}},{"start":{"line":142,"column":11},"end":{"line":148,"column":5}}],"line":132},"7":{"loc":{"start":{"line":173,"column":69},"end":{"line":173,"column":89}},"type":"default-arg","locations":[{"start":{"line":173,"column":81},"end":{"line":173,"column":89}}],"line":173},"8":{"loc":{"start":{"line":173,"column":91},"end":{"line":173,"column":107}},"type":"default-arg","locations":[{"start":{"line":173,"column":102},"end":{"line":173,"column":107}}],"line":173},"9":{"loc":{"start":{"line":177,"column":4},"end":{"line":187,"column":5}},"type":"if","locations":[{"start":{"line":177,"column":4},"end":{"line":187,"column":5}},{"start":{},"end":{}}],"line":177},"10":{"loc":{"start":{"line":177,"column":8},"end":{"line":177,"column":41}},"type":"binary-expr","locations":[{"start":{"line":177,"column":8},"end":{"line":177,"column":16}},{"start":{"line":177,"column":20},"end":{"line":177,"column":30}},{"start":{"line":177,"column":34},"end":{"line":177,"column":41}}],"line":177},"11":{"loc":{"start":{"line":199,"column":4},"end":{"line":208,"column":5}},"type":"if","locations":[{"start":{"line":199,"column":4},"end":{"line":208,"column":5}},{"start":{},"end":{}}],"line":199},"12":{"loc":{"start":{"line":231,"column":36},"end":{"line":231,"column":48}},"type":"default-arg","locations":[{"start":{"line":231,"column":46},"end":{"line":231,"column":48}}],"line":231},"13":{"loc":{"start":{"line":233,"column":4},"end":{"line":233,"column":20}},"type":"default-arg","locations":[{"start":{"line":233,"column":15},"end":{"line":233,"column":20}}],"line":233},"14":{"loc":{"start":{"line":234,"column":4},"end":{"line":234,"column":21}},"type":"default-arg","locations":[{"start":{"line":234,"column":18},"end":{"line":234,"column":21}}],"line":234},"15":{"loc":{"start":{"line":235,"column":4},"end":{"line":235,"column":90}},"type":"default-arg","locations":[{"start":{"line":235,"column":19},"end":{"line":235,"column":90}}],"line":235},"16":{"loc":{"start":{"line":235,"column":28},"end":{"line":235,"column":90}},"type":"binary-expr","locations":[{"start":{"line":235,"column":28},"end":{"line":235,"column":58}},{"start":{"line":235,"column":62},"end":{"line":235,"column":90}}],"line":235},"17":{"loc":{"start":{"line":238,"column":24},"end":{"line":238,"column":122}},"type":"binary-expr","locations":[{"start":{"line":238,"column":24},"end":{"line":238,"column":55}},{"start":{"line":238,"column":59},"end":{"line":238,"column":122}}],"line":238},"18":{"loc":{"start":{"line":243,"column":2},"end":{"line":245,"column":3}},"type":"if","locations":[{"start":{"line":243,"column":2},"end":{"line":245,"column":3}},{"start":{},"end":{}}],"line":243},"19":{"loc":{"start":{"line":248,"column":19},"end":{"line":248,"column":55}},"type":"binary-expr","locations":[{"start":{"line":248,"column":19},"end":{"line":248,"column":49}},{"start":{"line":248,"column":53},"end":{"line":248,"column":55}}],"line":248},"20":{"loc":{"start":{"line":254,"column":2},"end":{"line":273,"column":3}},"type":"if","locations":[{"start":{"line":254,"column":2},"end":{"line":273,"column":3}},{"start":{},"end":{}}],"line":254},"21":{"loc":{"start":{"line":294,"column":44},"end":{"line":294,"column":56}},"type":"default-arg","locations":[{"start":{"line":294,"column":54},"end":{"line":294,"column":56}}],"line":294},"22":{"loc":{"start":{"line":295,"column":49},"end":{"line":295,"column":101}},"type":"default-arg","locations":[{"start":{"line":295,"column":64},"end":{"line":295,"column":101}}],"line":295},"23":{"loc":{"start":{"line":308,"column":2},"end":{"line":317,"column":3}},"type":"if","locations":[{"start":{"line":308,"column":2},"end":{"line":317,"column":3}},{"start":{},"end":{}}],"line":308},"24":{"loc":{"start":{"line":361,"column":4},"end":{"line":363,"column":5}},"type":"if","locations":[{"start":{"line":361,"column":4},"end":{"line":363,"column":5}},{"start":{},"end":{}}],"line":361}},"s":{"0":0,"1":0,"2":0,"3":0,"4":0,"5":0,"6":0,"7":0,"8":0,"9":0,"10":0,"11":0,"12":0,"13":0,"14":0,"15":0,"16":0,"17":0,"18":0,"19":0,"20":0,"21":0,"22":0,"23":0,"24":0,"25":0,"26":0,"27":0,"28":0,"29":0,"30":0,"31":0,"32":0,"33":0,"34":0,"35":0,"36":0,"37":0,"38":0,"39":0,"40":0,"41":0,"42":0,"43":0,"44":0,"45":0,"46":0,"47":0,"48":0,"49":0,"50":0,"51":0,"52":0,"53":0,"54":0,"55":0,"56":0,"57":0,"58":0,"59":0,"60":0,"61":0,"62":0,"63":0,"64":0,"65":0,"66":0,"67":0,"68":0,"69":0,"70":0,"71":0,"72":0,"73":0},"f":{"0":0,"1":0,"2":0,"3":0,"4":0,"5":0,"6":0,"7":0},"b":{"0":[0,0],"1":[0,0,0],"2":[0,0],"3":[0,0],"4":[0,0,0,0],"5":[0,0],"6":[0,0],"7":[0],"8":[0],"9":[0,0],"10":[0,0,0],"11":[0,0],"12":[0],"13":[0],"14":[0],"15":[0],"16":[0,0],"17":[0,0],"18":[0,0],"19":[0,0],"20":[0,0],"21":[0],"22":[0],"23":[0,0],"24":[0,0]}}
}
