TN:
SF:middleware.ts
FN:4,(anonymous_0)
FN:31,(anonymous_1)
FN:39,middleware
FNF:3
FNH:0
FNDA:0,(anonymous_0)
FNDA:0,(anonymous_1)
FNDA:0,middleware
DA:4,0
DA:5,0
DA:8,0
DA:9,0
DA:13,0
DA:14,0
DA:16,0
DA:19,0
DA:28,0
DA:31,0
DA:33,0
DA:34,0
DA:36,0
DA:40,0
DA:43,0
DA:45,0
DA:47,0
DA:50,0
DA:58,0
DA:66,0
DA:68,0
DA:72,0
DA:73,0
DA:74,0
DA:76,0
DA:79,0
LF:26
LH:0
BRDA:5,0,0,0
BRDA:5,0,1,0
BRDA:8,1,0,0
BRDA:8,1,1,0
BRDA:8,2,0,0
BRDA:8,2,1,0
BRDA:14,3,0,0
BRDA:14,3,1,0
BRDA:28,4,0,0
BRDA:28,4,1,0
BRDA:34,5,0,0
BRDA:34,5,1,0
BRDA:43,6,0,0
BRDA:43,6,1,0
BRDA:45,7,0,0
BRDA:45,7,1,0
BRF:16
BRH:0
end_of_record
TN:
SF:hooks/useMobileOptimization.js
FN:3,(anonymous_0)
FN:18,(anonymous_1)
FN:26,(anonymous_2)
FN:33,(anonymous_3)
FN:45,(anonymous_4)
FN:52,(anonymous_5)
FN:80,(anonymous_6)
FN:86,(anonymous_7)
FN:95,(anonymous_8)
FN:99,(anonymous_9)
FN:105,(anonymous_10)
FN:117,(anonymous_11)
FN:133,(anonymous_12)
FN:147,(anonymous_13)
FNF:14
FNH:0
FNDA:0,(anonymous_0)
FNDA:0,(anonymous_1)
FNDA:0,(anonymous_2)
FNDA:0,(anonymous_3)
FNDA:0,(anonymous_4)
FNDA:0,(anonymous_5)
FNDA:0,(anonymous_6)
FNDA:0,(anonymous_7)
FNDA:0,(anonymous_8)
FNDA:0,(anonymous_9)
FNDA:0,(anonymous_10)
FNDA:0,(anonymous_11)
FNDA:0,(anonymous_12)
FNDA:0,(anonymous_13)
DA:3,0
DA:4,0
DA:11,0
DA:18,0
DA:19,0
DA:21,0
DA:26,0
DA:27,0
DA:30,0
DA:31,0
DA:33,0
DA:34,0
DA:42,0
DA:43,0
DA:45,0
DA:46,0
DA:52,0
DA:53,0
DA:55,0
DA:56,0
DA:58,0
DA:65,0
DA:66,0
DA:69,0
DA:70,0
DA:71,0
DA:75,0
DA:76,0
DA:80,0
DA:81,0
DA:86,0
DA:87,0
DA:90,0
DA:91,0
DA:92,0
DA:95,0
DA:96,0
DA:98,0
DA:99,0
DA:100,0
DA:105,0
DA:106,0
DA:108,0
DA:109,0
DA:112,0
DA:117,0
DA:118,0
DA:121,0
DA:122,0
DA:133,0
DA:135,0
DA:136,0
DA:139,0
DA:140,0
DA:143,0
DA:147,0
DA:148,0
DA:150,0
DA:158,0
LF:59
LH:0
BRDA:19,0,0,0
BRDA:19,0,1,0
BRDA:21,1,0,0
BRDA:21,1,1,0
BRDA:27,2,0,0
BRDA:27,2,1,0
BRDA:30,3,0,0
BRDA:30,3,1,0
BRDA:31,4,0,0
BRDA:31,4,1,0
BRDA:31,4,2,0
BRDA:35,5,0,0
BRDA:35,5,1,0
BRDA:36,6,0,0
BRDA:36,6,1,0
BRDA:37,7,0,0
BRDA:37,7,1,0
BRDA:38,8,0,0
BRDA:38,8,1,0
BRDA:53,9,0,0
BRDA:53,9,1,0
BRDA:55,10,0,0
BRDA:55,10,1,0
BRDA:56,11,0,0
BRDA:56,11,1,0
BRDA:65,12,0,0
BRDA:65,12,1,0
BRDA:69,13,0,0
BRDA:69,13,1,0
BRDA:75,14,0,0
BRDA:75,14,1,0
BRDA:75,15,0,0
BRDA:75,15,1,0
BRDA:87,16,0,0
BRDA:87,16,1,0
BRDA:96,17,0,0
BRDA:96,17,1,0
BRDA:106,18,0,0
BRDA:106,18,1,0
BRDA:108,19,0,0
BRDA:108,19,1,0
BRDA:118,20,0,0
BRDA:118,20,1,0
BRDA:121,21,0,0
BRDA:121,21,1,0
BRDA:125,22,0,0
BRDA:125,22,1,0
BRDA:135,23,0,0
BRDA:135,23,1,0
BRDA:135,24,0,0
BRDA:135,24,1,0
BRDA:139,25,0,0
BRDA:139,25,1,0
BRDA:148,26,0,0
BRDA:148,26,1,0
BRDA:153,27,0,0
BRDA:153,27,1,0
BRDA:154,28,0,0
BRDA:154,28,1,0
BRDA:175,29,0,0
BRDA:175,29,1,0
BRDA:178,30,0,0
BRDA:178,30,1,0
BRF:63
BRH:0
end_of_record
TN:
SF:hooks/useSupabase.js
FN:7,(anonymous_0)
FN:13,(anonymous_1)
FN:44,(anonymous_2)
FN:74,(anonymous_3)
FN:86,(anonymous_4)
FN:102,(anonymous_5)
FN:102,(anonymous_6)
FN:111,(anonymous_7)
FN:129,(anonymous_8)
FN:134,(anonymous_9)
FN:157,(anonymous_10)
FN:190,(anonymous_11)
FNF:12
FNH:0
FNDA:0,(anonymous_0)
FNDA:0,(anonymous_1)
FNDA:0,(anonymous_2)
FNDA:0,(anonymous_3)
FNDA:0,(anonymous_4)
FNDA:0,(anonymous_5)
FNDA:0,(anonymous_6)
FNDA:0,(anonymous_7)
FNDA:0,(anonymous_8)
FNDA:0,(anonymous_9)
FNDA:0,(anonymous_10)
FNDA:0,(anonymous_11)
DA:7,0
DA:8,0
DA:9,0
DA:10,0
DA:13,0
DA:14,0
DA:15,0
DA:16,0
DA:19,0
DA:20,0
DA:21,0
DA:23,0
DA:24,0
DA:26,0
DA:32,0
DA:33,0
DA:34,0
DA:36,0
DA:37,0
DA:39,0
DA:44,0
DA:45,0
DA:46,0
DA:49,0
DA:50,0
DA:52,0
DA:53,0
DA:55,0
DA:70,0
DA:73,0
DA:74,0
DA:77,0
DA:78,0
DA:80,0
DA:81,0
DA:86,0
DA:87,0
DA:89,0
DA:91,0
DA:93,0
DA:99,0
DA:102,0
DA:103,0
DA:105,0
DA:106,0
DA:111,0
DA:112,0
DA:113,0
DA:115,0
DA:119,0
DA:129,0
DA:130,0
DA:131,0
DA:132,0
DA:134,0
DA:135,0
DA:137,0
DA:138,0
DA:139,0
DA:145,0
DA:146,0
DA:149,0
DA:151,0
DA:153,0
DA:157,0
DA:158,0
DA:160,0
DA:162,0
DA:163,0
DA:166,0
DA:177,0
DA:179,0
DA:180,0
DA:183,0
DA:185,0
DA:186,0
DA:190,0
DA:191,0
DA:192,0
DA:194,0
DA:198,0
LF:81
LH:0
BRDA:14,0,0,0
BRDA:14,0,1,0
BRDA:14,1,0,0
BRDA:14,1,1,0
BRDA:32,2,0,0
BRDA:32,2,1,0
BRDA:33,3,0,0
BRDA:33,3,1,0
BRDA:34,4,0,0
BRDA:34,4,1,0
BRDA:45,5,0,0
BRDA:45,5,1,0
BRDA:45,6,0,0
BRDA:45,6,1,0
BRDA:60,7,0,0
BRDA:60,7,1,0
BRDA:70,8,0,0
BRDA:70,8,1,0
BRDA:73,9,0,0
BRDA:73,9,1,0
BRDA:73,10,0,0
BRDA:73,10,1,0
BRDA:87,11,0,0
BRDA:87,11,1,0
BRDA:87,12,0,0
BRDA:87,12,1,0
BRDA:99,13,0,0
BRDA:99,13,1,0
BRDA:112,14,0,0
BRDA:112,14,1,0
BRDA:112,15,0,0
BRDA:112,15,1,0
BRDA:135,16,0,0
BRDA:135,16,1,0
BRDA:135,17,0,0
BRDA:135,17,1,0
BRDA:145,18,0,0
BRDA:145,18,1,0
BRDA:145,19,0,0
BRDA:145,19,1,0
BRDA:158,20,0,0
BRDA:158,20,1,0
BRDA:158,21,0,0
BRDA:158,21,1,0
BRDA:163,22,0,0
BRDA:163,22,1,0
BRDA:177,23,0,0
BRDA:177,23,1,0
BRDA:179,24,0,0
BRDA:179,24,1,0
BRDA:179,25,0,0
BRDA:179,25,1,0
BRDA:191,26,0,0
BRDA:191,26,1,0
BRDA:191,27,0,0
BRDA:191,27,1,0
BRF:56
BRH:0
end_of_record
TN:
SF:pages/api/analyze-process.js
FN:6,handler
FN:36,(anonymous_1)
FNF:2
FNH:0
FNDA:0,handler
FNDA:0,(anonymous_1)
DA:8,0
DA:10,0
DA:11,0
DA:14,0
DA:16,0
DA:19,0
DA:20,0
DA:23,0
DA:24,0
DA:27,0
DA:28,0
DA:32,0
DA:33,0
DA:36,0
DA:39,0
DA:210,0
DA:212,0
DA:213,0
DA:216,0
DA:219,0
DA:222,0
DA:223,0
DA:226,0
LF:23
LH:0
BRDA:8,0,0,0
BRDA:8,0,1,0
BRDA:10,1,0,0
BRDA:10,1,1,0
BRDA:19,2,0,0
BRDA:19,2,1,0
BRDA:19,3,0,0
BRDA:19,3,1,0
BRDA:23,4,0,0
BRDA:23,4,1,0
BRDA:23,5,0,0
BRDA:23,5,1,0
BRDA:27,6,0,0
BRDA:27,6,1,0
BRDA:32,7,0,0
BRDA:32,7,1,0
BRDA:33,8,0,0
BRDA:33,8,1,0
BRDA:45,9,0,0
BRDA:45,9,1,0
BRDA:46,10,0,0
BRDA:46,10,1,0
BRDA:212,11,0,0
BRDA:212,11,1,0
BRDA:222,12,0,0
BRDA:222,12,1,0
BRDA:222,13,0,0
BRDA:222,13,1,0
BRF:28
BRH:0
end_of_record
TN:
SF:pages/api/analyze-sop.js
FN:3,handler
FNF:1
FNH:0
FNDA:0,handler
DA:4,0
DA:5,0
DA:8,0
DA:9,0
DA:11,0
DA:13,0
DA:14,0
DA:15,0
DA:16,0
DA:17,0
DA:19,0
DA:20,0
DA:22,0
DA:77,0
DA:80,0
DA:81,0
DA:82,0
DA:83,0
DA:86,0
DA:88,0
DA:89,0
DA:90,0
DA:94,0
DA:95,0
DA:213,0
DA:216,0
DA:217,0
DA:224,0
LF:28
LH:0
BRDA:4,0,0,0
BRDA:4,0,1,0
BRDA:14,1,0,0
BRDA:14,1,1,0
BRDA:15,2,0,0
BRDA:15,2,1,0
BRDA:16,3,0,0
BRDA:16,3,1,0
BRDA:19,4,0,0
BRDA:19,4,1,0
BRDA:19,5,0,0
BRDA:19,5,1,0
BRDA:83,6,0,0
BRDA:83,6,1,0
BRDA:88,7,0,0
BRDA:88,7,1,0
BRF:16
BRH:0
end_of_record
TN:
SF:pages/api/generate-pdf-v2.js
FN:21,handler
FN:192,convertReportDataToSOP
FN:203,(anonymous_2)
FNF:3
FNH:0
FNDA:0,handler
FNDA:0,convertReportDataToSOP
FNDA:0,(anonymous_2)
DA:11,0
DA:23,0
DA:24,0
DA:30,0
DA:31,0
DA:34,0
DA:39,0
DA:41,0
DA:42,0
DA:48,0
DA:49,0
DA:56,0
DA:57,0
DA:58,0
DA:64,0
DA:69,0
DA:71,0
DA:72,0
DA:75,0
DA:86,0
DA:89,0
DA:100,0
DA:103,0
DA:110,0
DA:111,0
DA:112,0
DA:113,0
DA:121,0
DA:122,0
DA:135,0
DA:137,0
DA:140,0
DA:142,0
DA:145,0
DA:147,0
DA:148,0
DA:149,0
DA:150,0
DA:153,0
DA:154,0
DA:155,0
DA:159,0
DA:166,0
DA:172,0
DA:179,0
DA:181,0
DA:193,0
DA:194,0
DA:198,0
DA:200,0
DA:201,0
DA:203,0
DA:216,0
LF:53
LH:0
BRDA:23,0,0,0
BRDA:23,0,1,0
BRDA:35,1,0,0
BRDA:35,1,1,0
BRDA:41,2,0,0
BRDA:41,2,1,0
BRDA:48,3,0,0
BRDA:48,3,1,0
BRDA:57,4,0,0
BRDA:57,4,1,0
BRDA:69,5,0,0
BRDA:69,5,1,0
BRDA:69,5,2,0
BRDA:69,5,3,0
BRDA:71,6,0,0
BRDA:71,6,1,0
BRDA:76,7,0,0
BRDA:76,7,1,0
BRDA:77,8,0,0
BRDA:77,8,1,0
BRDA:79,9,0,0
BRDA:79,9,1,0
BRDA:82,10,0,0
BRDA:82,10,1,0
BRDA:90,11,0,0
BRDA:90,11,1,0
BRDA:91,12,0,0
BRDA:91,12,1,0
BRDA:93,13,0,0
BRDA:93,13,1,0
BRDA:96,14,0,0
BRDA:96,14,1,0
BRDA:111,15,0,0
BRDA:111,15,1,0
BRDA:127,16,0,0
BRDA:127,16,1,0
BRDA:128,17,0,0
BRDA:128,17,1,0
BRDA:140,18,0,0
BRDA:140,18,1,0
BRDA:142,19,0,0
BRDA:142,19,1,0
BRDA:142,19,2,0
BRDA:142,19,3,0
BRDA:145,20,0,0
BRDA:145,20,1,0
BRDA:184,21,0,0
BRDA:184,21,1,0
BRDA:193,22,0,0
BRDA:193,22,1,0
BRDA:193,23,0,0
BRDA:193,23,1,0
BRDA:200,24,0,0
BRDA:200,24,1,0
BRDA:200,25,0,0
BRDA:200,25,1,0
BRDA:205,26,0,0
BRDA:205,26,1,0
BRDA:205,26,2,0
BRDA:206,27,0,0
BRDA:206,27,1,0
BRDA:206,27,2,0
BRDA:207,28,0,0
BRDA:207,28,1,0
BRDA:207,28,2,0
BRDA:208,29,0,0
BRDA:208,29,1,0
BRDA:209,30,0,0
BRDA:209,30,1,0
BRDA:210,31,0,0
BRDA:210,31,1,0
BRDA:211,32,0,0
BRDA:211,32,1,0
BRDA:218,33,0,0
BRDA:218,33,1,0
BRDA:223,34,0,0
BRDA:223,34,1,0
BRDA:224,35,0,0
BRDA:224,35,1,0
BRDA:228,36,0,0
BRDA:228,36,1,0
BRF:81
BRH:0
end_of_record
TN:
SF:pages/api/generate-questions.js
FN:3,handler
FN:93,(anonymous_1)
FN:94,(anonymous_2)
FNF:3
FNH:0
FNDA:0,handler
FNDA:0,(anonymous_1)
FNDA:0,(anonymous_2)
DA:4,0
DA:6,0
DA:7,0
DA:8,0
DA:11,0
DA:12,0
DA:14,0
DA:21,0
DA:22,0
DA:23,0
DA:27,0
DA:28,0
DA:31,0
DA:87,0
DA:88,0
DA:90,0
DA:91,0
DA:93,0
DA:94,0
DA:96,0
DA:98,0
DA:99,0
DA:100,0
DA:103,0
DA:104,0
LF:25
LH:0
BRDA:6,0,0,0
BRDA:6,0,1,0
BRDA:16,1,0,0
BRDA:16,1,1,0
BRDA:18,2,0,0
BRDA:18,2,1,0
BRDA:21,3,0,0
BRDA:21,3,1,0
BRDA:21,4,0,0
BRDA:21,4,1,0
BRDA:90,5,0,0
BRDA:90,5,1,0
BRF:12
BRH:0
end_of_record
TN:
SF:pages/api/generate-sop-questions.js
FN:3,handler
FNF:1
FNH:0
FNDA:0,handler
DA:4,0
DA:5,0
DA:8,0
DA:10,0
DA:11,0
DA:14,0
DA:15,0
DA:17,0
DA:19,0
DA:21,0
DA:27,0
DA:30,0
DA:82,0
LF:13
LH:0
BRDA:4,0,0,0
BRDA:4,0,1,0
BRDA:8,1,0,0
BRDA:10,2,0,0
BRDA:10,2,1,0
BRF:5
BRH:0
end_of_record
TN:
SF:pages/api/health.js
FN:7,handler
FNF:1
FNH:0
FNDA:0,handler
DA:8,0
DA:9,0
DA:15,0
DA:16,0
DA:32,0
DA:34,0
DA:36,0
LF:7
LH:0
BRDA:8,0,0,0
BRDA:8,0,1,0
BRDA:20,1,0,0
BRDA:20,1,1,0
BRF:4
BRH:0
end_of_record
TN:
SF:pages/api/metrics.js
FN:11,(anonymous_0)
FN:19,(anonymous_1)
FN:25,(anonymous_2)
FN:31,(anonymous_3)
FN:51,(anonymous_4)
FN:53,(anonymous_5)
FN:59,(anonymous_6)
FN:97,collectCurrentMetrics
FN:129,handler
FN:168,(anonymous_9)
FNF:10
FNH:0
FNDA:0,(anonymous_0)
FNDA:0,(anonymous_1)
FNDA:0,(anonymous_2)
FNDA:0,(anonymous_3)
FNDA:0,(anonymous_4)
FNDA:0,(anonymous_5)
FNDA:0,(anonymous_6)
FNDA:0,collectCurrentMetrics
FNDA:0,handler
FNDA:0,(anonymous_9)
DA:12,0
DA:13,0
DA:14,0
DA:15,0
DA:20,0
DA:21,0
DA:26,0
DA:27,0
DA:32,0
DA:33,0
DA:34,0
DA:37,0
DA:38,0
DA:39,0
DA:42,0
DA:43,0
DA:44,0
DA:45,0
DA:46,0
DA:52,0
DA:53,0
DA:55,0
DA:60,0
DA:63,0
DA:64,0
DA:68,0
DA:69,0
DA:73,0
DA:74,0
DA:75,0
DA:78,0
DA:79,0
DA:82,0
DA:83,0
DA:84,0
DA:88,0
DA:93,0
DA:94,0
DA:98,0
DA:101,0
DA:102,0
DA:103,0
DA:104,0
DA:107,0
DA:110,0
DA:113,0
DA:114,0
DA:115,0
DA:118,0
DA:119,0
DA:120,0
DA:123,0
DA:124,0
DA:125,0
DA:126,0
DA:130,0
DA:131,0
DA:137,0
DA:138,0
DA:144,0
DA:147,0
DA:150,0
DA:164,0
DA:166,0
DA:168,0
DA:172,0
DA:173,0
DA:175,0
DA:180,0
LF:69
LH:0
BRDA:19,0,0,0
BRDA:19,1,0,0
BRDA:21,2,0,0
BRDA:21,2,1,0
BRDA:25,3,0,0
BRDA:31,4,0,0
BRDA:33,5,0,0
BRDA:33,5,1,0
BRDA:45,6,0,0
BRDA:45,6,1,0
BRDA:46,7,0,0
BRDA:46,7,1,0
BRDA:55,8,0,0
BRDA:55,8,1,0
BRDA:75,9,0,0
BRDA:75,9,1,0
BRDA:78,10,0,0
BRDA:78,10,1,0
BRDA:79,11,0,0
BRDA:79,11,1,0
BRDA:84,12,0,0
BRDA:84,12,1,0
BRDA:93,13,0,0
BRDA:93,13,1,0
BRDA:130,14,0,0
BRDA:130,14,1,0
BRDA:140,15,0,0
BRDA:140,15,1,0
BRDA:153,16,0,0
BRDA:153,16,1,0
BRDA:157,17,0,0
BRDA:157,17,1,0
BRDA:157,18,0,0
BRDA:157,18,1,0
BRDA:177,19,0,0
BRDA:177,19,1,0
BRF:36
BRH:0
end_of_record
TN:
SF:pages/api/pdf-templates.js
FN:19,handler
FN:58,handleGetTemplates
FN:103,handleCreateTemplate
FN:143,handleUpdateTemplate
FN:184,handleDeleteTemplate
FN:224,validateTemplate
FN:242,(anonymous_6)
FNF:7
FNH:0
FNDA:0,handler
FNDA:0,handleGetTemplates
FNDA:0,handleCreateTemplate
FNDA:0,handleUpdateTemplate
FNDA:0,handleDeleteTemplate
FNDA:0,validateTemplate
FNDA:0,(anonymous_6)
DA:10,0
DA:20,0
DA:22,0
DA:24,0
DA:26,0
DA:29,0
DA:32,0
DA:35,0
DA:38,0
DA:45,0
DA:47,0
DA:59,0
DA:61,0
DA:62,0
DA:64,0
DA:66,0
DA:71,0
DA:73,0
DA:75,0
DA:83,0
DA:85,0
DA:93,0
DA:104,0
DA:106,0
DA:107,0
DA:114,0
DA:115,0
DA:116,0
DA:123,0
DA:124,0
DA:126,0
DA:133,0
DA:144,0
DA:145,0
DA:147,0
DA:148,0
DA:155,0
DA:156,0
DA:157,0
DA:164,0
DA:165,0
DA:167,0
DA:174,0
DA:185,0
DA:187,0
DA:188,0
DA:195,0
DA:196,0
DA:202,0
DA:205,0
DA:207,0
DA:214,0
DA:225,0
DA:228,0
DA:229,0
DA:230,0
DA:231,0
DA:235,0
DA:236,0
DA:237,0
DA:241,0
DA:242,0
DA:243,0
DA:244,0
DA:245,0
DA:249,0
LF:66
LH:0
BRDA:24,0,0,0
BRDA:24,0,1,0
BRDA:24,0,2,0
BRDA:24,0,3,0
BRDA:24,0,4,0
BRDA:50,1,0,0
BRDA:50,1,1,0
BRDA:62,2,0,0
BRDA:62,2,1,0
BRDA:71,3,0,0
BRDA:71,3,1,0
BRDA:106,4,0,0
BRDA:106,4,1,0
BRDA:106,5,0,0
BRDA:106,5,1,0
BRDA:115,6,0,0
BRDA:115,6,1,0
BRDA:147,7,0,0
BRDA:147,7,1,0
BRDA:147,8,0,0
BRDA:147,8,1,0
BRDA:156,9,0,0
BRDA:156,9,1,0
BRDA:187,10,0,0
BRDA:187,10,1,0
BRDA:195,11,0,0
BRDA:195,11,1,0
BRDA:228,12,0,0
BRDA:228,12,1,0
BRDA:229,13,0,0
BRDA:229,13,1,0
BRDA:230,14,0,0
BRDA:230,14,1,0
BRDA:230,15,0,0
BRDA:230,15,1,0
BRDA:236,16,0,0
BRDA:236,16,1,0
BRDA:236,17,0,0
BRDA:236,17,1,0
BRDA:241,18,0,0
BRDA:241,18,1,0
BRDA:241,19,0,0
BRDA:241,19,1,0
BRDA:243,20,0,0
BRDA:243,20,1,0
BRDA:244,21,0,0
BRDA:244,21,1,0
BRDA:245,22,0,0
BRDA:245,22,1,0
BRF:49
BRH:0
end_of_record
TN:
SF:pages/api/process-file.js
FN:11,handler
FNF:1
FNH:0
FNDA:0,handler
DA:3,0
DA:12,0
DA:13,0
DA:16,0
DA:17,0
DA:19,0
DA:20,0
DA:24,0
DA:32,0
DA:33,0
DA:37,0
DA:39,0
DA:45,0
DA:46,0
LF:14
LH:0
BRDA:12,0,0,0
BRDA:12,0,1,0
BRDA:19,1,0,0
BRDA:19,1,1,0
BRDA:19,2,0,0
BRDA:19,2,1,0
BRDA:32,3,0,0
BRDA:32,3,1,0
BRDA:32,4,0,0
BRDA:32,4,1,0
BRF:10
BRH:0
end_of_record
TN:
SF:pages/api/revise-sop.js
FN:3,handler
FN:26,(anonymous_1)
FNF:2
FNH:0
FNDA:0,handler
FNDA:0,(anonymous_1)
DA:4,0
DA:5,0
DA:8,0
DA:9,0
DA:11,0
DA:13,0
DA:14,0
DA:15,0
DA:18,0
DA:19,0
DA:20,0
DA:21,0
DA:24,0
DA:25,0
DA:26,0
DA:30,0
DA:37,0
DA:38,0
DA:39,0
DA:43,0
DA:44,0
DA:165,0
DA:168,0
DA:169,0
DA:176,0
LF:25
LH:0
BRDA:4,0,0,0
BRDA:4,0,1,0
BRDA:13,1,0,0
BRDA:13,1,1,0
BRDA:13,2,0,0
BRDA:13,2,1,0
BRDA:21,3,0,0
BRDA:21,3,1,0
BRDA:24,4,0,0
BRDA:24,4,1,0
BRDA:25,5,0,0
BRDA:25,5,1,0
BRDA:25,6,0,0
BRDA:25,6,1,0
BRDA:34,7,0,0
BRDA:34,7,1,0
BRDA:37,8,0,0
BRDA:37,8,1,0
BRF:18
BRH:0
end_of_record
TN:
SF:pages/api/system-status.js
FN:11,(anonymous_0)
FN:17,(anonymous_1)
FN:67,(anonymous_2)
FN:117,(anonymous_3)
FN:159,(anonymous_4)
FN:192,(anonymous_5)
FN:200,(anonymous_6)
FN:202,(anonymous_7)
FN:211,(anonymous_8)
FN:213,(anonymous_9)
FN:225,(anonymous_10)
FN:255,handler
FNF:12
FNH:0
FNDA:0,(anonymous_0)
FNDA:0,(anonymous_1)
FNDA:0,(anonymous_2)
FNDA:0,(anonymous_3)
FNDA:0,(anonymous_4)
FNDA:0,(anonymous_5)
FNDA:0,(anonymous_6)
FNDA:0,(anonymous_7)
FNDA:0,(anonymous_8)
FNDA:0,(anonymous_9)
FNDA:0,(anonymous_10)
FNDA:0,handler
DA:12,0
DA:13,0
DA:14,0
DA:19,0
DA:21,0
DA:24,0
DA:34,0
DA:36,0
DA:39,0
DA:42,0
DA:45,0
DA:48,0
DA:49,0
DA:51,0
DA:59,0
DA:60,0
DA:61,0
DA:64,0
DA:68,0
DA:71,0
DA:72,0
DA:73,0
DA:78,0
DA:79,0
DA:80,0
DA:82,0
DA:88,0
DA:99,0
DA:105,0
DA:106,0
DA:107,0
DA:110,0
DA:111,0
DA:112,0
DA:113,0
DA:118,0
DA:122,0
DA:125,0
DA:133,0
DA:141,0
DA:149,0
DA:150,0
DA:160,0
DA:163,0
DA:164,0
DA:166,0
DA:167,0
DA:174,0
DA:175,0
DA:176,0
DA:177,0
DA:179,0
DA:180,0
DA:194,0
DA:195,0
DA:196,0
DA:200,0
DA:201,0
DA:202,0
DA:205,0
DA:206,0
DA:207,0
DA:211,0
DA:212,0
DA:213,0
DA:216,0
DA:217,0
DA:218,0
DA:222,0
DA:226,0
DA:249,0
DA:253,0
DA:256,0
DA:257,0
DA:263,0
DA:265,0
DA:266,0
DA:268,0
DA:269,0
DA:271,0
DA:278,0
DA:283,0
DA:286,0
DA:288,0
LF:84
LH:0
BRDA:19,0,0,0
BRDA:19,0,1,0
BRDA:19,1,0,0
BRDA:19,1,1,0
BRDA:19,1,2,0
BRDA:78,2,0,0
BRDA:78,2,1,0
BRDA:83,3,0,0
BRDA:83,3,1,0
BRDA:84,4,0,0
BRDA:84,4,1,0
BRDA:90,5,0,0
BRDA:90,5,1,0
BRDA:94,6,0,0
BRDA:94,6,1,0
BRDA:100,7,0,0
BRDA:100,7,1,0
BRDA:122,8,0,0
BRDA:122,8,1,0
BRDA:126,9,0,0
BRDA:126,9,1,0
BRDA:127,10,0,0
BRDA:127,10,1,0
BRDA:128,11,0,0
BRDA:128,11,1,0
BRDA:129,12,0,0
BRDA:129,12,1,0
BRDA:135,13,0,0
BRDA:135,13,1,0
BRDA:136,14,0,0
BRDA:136,14,1,0
BRDA:143,15,0,0
BRDA:143,15,1,0
BRDA:144,16,0,0
BRDA:144,16,1,0
BRDA:149,17,0,0
BRDA:149,17,1,0
BRDA:152,18,0,0
BRDA:152,18,1,0
BRDA:153,19,0,0
BRDA:153,19,1,0
BRDA:154,20,0,0
BRDA:154,20,1,0
BRDA:166,21,0,0
BRDA:166,21,1,0
BRDA:171,22,0,0
BRDA:171,22,1,0
BRDA:172,23,0,0
BRDA:172,23,1,0
BRDA:175,24,0,0
BRDA:175,24,1,0
BRDA:179,25,0,0
BRDA:179,25,1,0
BRDA:179,26,0,0
BRDA:179,26,1,0
BRDA:185,27,0,0
BRDA:185,27,1,0
BRDA:194,28,0,0
BRDA:194,28,1,0
BRDA:201,29,0,0
BRDA:201,29,1,0
BRDA:201,29,2,0
BRDA:205,30,0,0
BRDA:205,30,1,0
BRDA:212,31,0,0
BRDA:212,31,1,0
BRDA:212,31,2,0
BRDA:216,32,0,0
BRDA:216,32,1,0
BRDA:238,33,0,0
BRDA:238,33,1,0
BRDA:239,34,0,0
BRDA:239,34,1,0
BRDA:249,35,0,0
BRDA:249,35,1,0
BRDA:256,36,0,0
BRDA:256,36,1,0
BRDA:278,37,0,0
BRDA:278,37,1,0
BRDA:279,38,0,0
BRDA:279,38,1,0
BRDA:280,39,0,0
BRDA:280,39,1,0
BRF:83
BRH:0
end_of_record
TN:
SF:pages/api/waitlist.js
FN:8,handler
FNF:1
FNH:0
FNDA:0,handler
DA:3,0
DA:9,0
DA:10,0
DA:13,0
DA:15,0
DA:16,0
DA:20,0
DA:21,0
DA:22,0
DA:25,0
DA:27,0
DA:33,0
DA:34,0
DA:41,0
DA:52,0
DA:53,0
DA:54,0
DA:57,0
DA:63,0
DA:64,0
LF:20
LH:0
BRDA:5,0,0,0
BRDA:5,0,1,0
BRDA:9,1,0,0
BRDA:9,1,1,0
BRDA:15,2,0,0
BRDA:15,2,1,0
BRDA:21,3,0,0
BRDA:21,3,1,0
BRDA:33,4,0,0
BRDA:33,4,1,0
BRDA:52,5,0,0
BRDA:52,5,1,0
BRF:12
BRH:0
end_of_record
TN:
SF:pages/api/automations/create.js
FN:5,getSupabase
FN:15,handler
FNF:2
FNH:0
FNDA:0,getSupabase
FNDA:0,handler
DA:6,0
DA:7,0
DA:8,0
DA:9,0
DA:16,0
DA:17,0
DA:20,0
DA:29,0
DA:31,0
DA:39,0
DA:42,0
DA:43,0
DA:53,0
DA:54,0
DA:57,0
DA:76,0
DA:82,0
DA:83,0
DA:84,0
DA:90,0
DA:92,0
DA:95,0
DA:97,0
DA:98,0
DA:99,0
DA:101,0
DA:102,0
DA:109,0
DA:111,0
DA:113,0
DA:131,0
DA:139,0
DA:147,0
DA:148,0
DA:149,0
DA:152,0
DA:160,0
DA:167,0
DA:168,0
DA:171,0
DA:174,0
DA:182,0
DA:189,0
DA:203,0
DA:204,0
DA:205,0
DA:214,0
DA:221,0
LF:48
LH:0
BRDA:7,0,0,0
BRDA:7,0,1,0
BRDA:8,1,0,0
BRDA:8,1,1,0
BRDA:8,2,0,0
BRDA:8,2,1,0
BRDA:16,3,0,0
BRDA:16,3,1,0
BRDA:25,4,0,0
BRDA:35,5,0,0
BRDA:35,5,1,0
BRDA:36,6,0,0
BRDA:36,6,1,0
BRDA:42,7,0,0
BRDA:42,7,1,0
BRDA:48,8,0,0
BRDA:48,8,1,0
BRDA:59,9,0,0
BRDA:59,9,1,0
BRDA:60,10,0,0
BRDA:60,10,1,0
BRDA:61,11,0,0
BRDA:61,11,1,0
BRDA:67,12,0,0
BRDA:67,12,1,0
BRDA:70,13,0,0
BRDA:70,13,1,0
BRDA:71,14,0,0
BRDA:71,14,1,0
BRDA:82,15,0,0
BRDA:82,15,1,0
BRDA:95,16,0,0
BRDA:95,16,1,0
BRDA:101,17,0,0
BRDA:101,17,1,0
BRDA:119,18,0,0
BRDA:119,18,1,0
BRDA:121,19,0,0
BRDA:121,19,1,0
BRDA:122,20,0,0
BRDA:122,20,1,0
BRDA:124,21,0,0
BRDA:124,21,1,0
BRDA:134,22,0,0
BRDA:134,22,1,0
BRDA:147,23,0,0
BRDA:147,23,1,0
BRDA:193,24,0,0
BRDA:193,24,1,0
BRDA:194,25,0,0
BRDA:194,25,1,0
BRDA:198,26,0,0
BRDA:198,26,1,0
BRDA:208,27,0,0
BRDA:208,27,1,0
BRDA:209,28,0,0
BRDA:209,28,1,0
BRDA:210,29,0,0
BRDA:210,29,1,0
BRDA:212,30,0,0
BRDA:212,30,1,0
BRDA:225,31,0,0
BRDA:225,31,1,0
BRDA:226,32,0,0
BRDA:226,32,1,0
BRDA:227,33,0,0
BRDA:227,33,1,0
BRF:67
BRH:0
end_of_record
TN:
SF:pages/api/automations/download/[jobId].js
FN:4,getSupabase
FN:11,handler
FNF:2
FNH:0
FNDA:0,getSupabase
FNDA:0,handler
DA:5,0
DA:6,0
DA:7,0
DA:8,0
DA:12,0
DA:13,0
DA:16,0
DA:18,0
DA:19,0
DA:22,0
DA:24,0
DA:25,0
DA:26,0
DA:28,0
DA:29,0
DA:31,0
DA:34,0
DA:35,0
DA:36,0
DA:40,0
DA:46,0
DA:47,0
DA:48,0
DA:52,0
DA:54,0
DA:55,0
DA:58,0
DA:61,0
DA:62,0
LF:29
LH:0
BRDA:7,0,0,0
BRDA:7,0,1,0
BRDA:7,1,0,0
BRDA:7,1,1,0
BRDA:12,2,0,0
BRDA:12,2,1,0
BRDA:18,3,0,0
BRDA:18,3,1,0
BRDA:25,4,0,0
BRDA:25,4,1,0
BRDA:26,5,0,0
BRDA:26,5,1,0
BRDA:35,6,0,0
BRDA:35,6,1,0
BRDA:46,7,0,0
BRDA:46,7,1,0
BRDA:46,8,0,0
BRDA:46,8,1,0
BRF:18
BRH:0
end_of_record
TN:
SF:pages/api/automations/status/[jobId].js
FN:3,getSupabase
FN:10,handler
FNF:2
FNH:0
FNDA:0,getSupabase
FNDA:0,handler
DA:4,0
DA:5,0
DA:6,0
DA:7,0
DA:11,0
DA:12,0
DA:15,0
DA:17,0
DA:18,0
DA:21,0
DA:22,0
DA:24,0
DA:25,0
DA:36,0
DA:42,0
DA:43,0
DA:44,0
DA:53,0
DA:54,0
DA:55,0
DA:61,0
DA:64,0
DA:70,0
DA:71,0
LF:24
LH:0
BRDA:5,0,0,0
BRDA:5,0,1,0
BRDA:6,1,0,0
BRDA:6,1,1,0
BRDA:6,2,0,0
BRDA:6,2,1,0
BRDA:11,3,0,0
BRDA:11,3,1,0
BRDA:17,4,0,0
BRDA:17,4,1,0
BRDA:24,5,0,0
BRDA:24,5,1,0
BRDA:30,6,0,0
BRDA:30,6,1,0
BRDA:42,7,0,0
BRDA:42,7,1,0
BRDA:42,8,0,0
BRDA:42,8,1,0
BRDA:47,9,0,0
BRDA:47,9,1,0
BRDA:54,10,0,0
BRDA:54,10,1,0
BRDA:61,11,0,0
BRDA:61,11,1,0
BRF:24
BRH:0
end_of_record
TN:
SF:pages/api/health/deep.js
FN:9,handler
FN:251,(anonymous_1)
FNF:2
FNH:0
FNDA:0,handler
FNDA:0,(anonymous_1)
DA:10,0
DA:11,0
DA:17,0
DA:18,0
DA:20,0
DA:22,0
DA:33,0
DA:44,0
DA:45,0
DA:46,0
DA:48,0
DA:49,0
DA:54,0
DA:59,0
DA:61,0
DA:62,0
DA:63,0
DA:68,0
DA:70,0
DA:71,0
DA:78,0
DA:82,0
DA:85,0
DA:86,0
DA:90,0
DA:94,0
DA:95,0
DA:98,0
DA:99,0
DA:100,0
DA:101,0
DA:115,0
DA:117,0
DA:119,0
DA:120,0
DA:125,0
DA:126,0
DA:133,0
DA:134,0
DA:140,0
DA:147,0
DA:148,0
DA:149,0
DA:150,0
DA:157,0
DA:159,0
DA:160,0
DA:161,0
DA:166,0
DA:167,0
DA:174,0
DA:175,0
DA:179,0
DA:182,0
DA:188,0
DA:189,0
DA:193,0
DA:197,0
DA:198,0
DA:200,0
DA:201,0
DA:202,0
DA:207,0
DA:209,0
DA:210,0
DA:211,0
DA:216,0
DA:217,0
DA:224,0
DA:230,0
DA:231,0
DA:235,0
DA:239,0
DA:245,0
DA:246,0
DA:248,0
DA:251,0
DA:252,0
DA:255,0
DA:256,0
DA:257,0
DA:258,0
DA:259,0
DA:261,0
LF:84
LH:0
BRDA:10,0,0,0
BRDA:10,0,1,0
BRDA:27,1,0,0
BRDA:27,1,1,0
BRDA:48,2,0,0
BRDA:48,2,1,0
BRDA:48,3,0,0
BRDA:48,3,1,0
BRDA:61,4,0,0
BRDA:61,4,1,0
BRDA:99,5,0,0
BRDA:99,5,1,0
BRDA:117,6,0,0
BRDA:117,6,1,0
BRDA:117,7,0,0
BRDA:117,7,1,0
BRDA:148,8,0,0
BRDA:148,8,1,0
BRDA:159,9,0,0
BRDA:159,9,1,0
BRDA:200,10,0,0
BRDA:200,10,1,0
BRDA:209,11,0,0
BRDA:209,11,1,0
BRDA:240,12,0,0
BRDA:240,12,1,0
BRDA:252,13,0,0
BRDA:252,13,1,0
BRDA:255,14,0,0
BRDA:255,14,1,0
BRDA:258,15,0,0
BRDA:258,15,1,0
BRF:32
BRH:0
end_of_record
TN:
SF:pages/api/organizations/index.js
FN:8,handler
FN:62,handleGetOrganizations
FN:71,(anonymous_2)
FN:124,handleCreateOrganization
FNF:4
FNH:0
FNDA:0,handler
FNDA:0,handleGetOrganizations
FNDA:0,(anonymous_2)
FNDA:0,handleCreateOrganization
DA:9,0
DA:10,0
DA:13,0
DA:15,0
DA:16,0
DA:23,0
DA:24,0
DA:31,0
DA:33,0
DA:35,0
DA:38,0
DA:41,0
DA:42,0
DA:49,0
DA:50,0
DA:63,0
DA:65,0
DA:71,0
DA:95,0
DA:102,0
DA:105,0
DA:106,0
DA:113,0
DA:125,0
DA:126,0
DA:129,0
DA:130,0
DA:138,0
DA:139,0
DA:147,0
DA:148,0
DA:149,0
DA:157,0
DA:186,0
DA:187,0
DA:191,0
DA:194,0
DA:209,0
DA:216,0
DA:219,0
DA:220,0
DA:222,0
DA:223,0
DA:230,0
DA:237,0
DA:238,0
DA:245,0
LF:47
LH:0
BRDA:15,0,0,0
BRDA:15,0,1,0
BRDA:23,1,0,0
BRDA:23,1,1,0
BRDA:33,2,0,0
BRDA:33,2,1,0
BRDA:33,2,2,0
BRDA:54,3,0,0
BRDA:54,3,1,0
BRDA:75,4,0,0
BRDA:75,4,1,0
BRDA:77,5,0,0
BRDA:77,5,1,0
BRDA:78,6,0,0
BRDA:78,6,1,0
BRDA:83,7,0,0
BRDA:83,7,1,0
BRDA:89,8,0,0
BRDA:89,8,1,0
BRDA:105,9,0,0
BRDA:105,9,1,0
BRDA:126,10,0,0
BRDA:126,11,0,0
BRDA:129,12,0,0
BRDA:129,12,1,0
BRDA:129,13,0,0
BRDA:129,13,1,0
BRDA:129,13,2,0
BRDA:138,14,0,0
BRDA:138,14,1,0
BRDA:138,15,0,0
BRDA:138,15,1,0
BRDA:148,16,0,0
BRDA:148,16,1,0
BRDA:161,17,0,0
BRDA:161,17,1,0
BRDA:171,18,0,0
BRDA:171,18,1,0
BRDA:171,19,0,0
BRDA:171,19,1,0
BRDA:172,20,0,0
BRDA:172,20,1,0
BRDA:172,21,0,0
BRDA:172,21,1,0
BRDA:186,22,0,0
BRDA:186,22,1,0
BRDA:198,23,0,0
BRDA:198,23,1,0
BRDA:200,24,0,0
BRDA:200,24,1,0
BRDA:201,25,0,0
BRDA:201,25,1,0
BRDA:206,26,0,0
BRDA:206,26,1,0
BRDA:219,27,0,0
BRDA:219,27,1,0
BRDA:222,28,0,0
BRDA:222,28,1,0
BRDA:232,29,0,0
BRDA:232,29,1,0
BRDA:237,30,0,0
BRDA:237,30,1,0
BRF:62
BRH:0
end_of_record
TN:
SF:pages/api/organizations/resolve.js
FN:12,handler
FN:65,(anonymous_1)
FN:74,(anonymous_2)
FN:87,(anonymous_3)
FN:91,(anonymous_4)
FNF:5
FNH:0
FNDA:0,handler
FNDA:0,(anonymous_1)
FNDA:0,(anonymous_2)
FNDA:0,(anonymous_3)
FNDA:0,(anonymous_4)
DA:13,0
DA:15,0
DA:17,0
DA:18,0
DA:25,0
DA:27,0
DA:28,0
DA:29,0
DA:36,0
DA:39,0
DA:40,0
DA:47,0
DA:49,0
DA:53,0
DA:54,0
DA:60,0
DA:61,0
DA:65,0
DA:69,0
DA:70,0
DA:74,0
DA:75,0
DA:81,0
DA:82,0
DA:87,0
DA:90,0
DA:91,0
DA:92,0
DA:99,0
DA:102,0
DA:103,0
DA:110,0
DA:113,0
DA:114,0
DA:123,0
DA:146,0
DA:148,0
DA:154,0
DA:155,0
LF:39
LH:0
BRDA:17,0,0,0
BRDA:17,0,1,0
BRDA:27,1,0,0
BRDA:27,1,1,0
BRDA:39,2,0,0
BRDA:39,2,1,0
BRDA:39,3,0,0
BRDA:39,3,1,0
BRDA:39,3,2,0
BRDA:39,3,3,0
BRDA:53,4,0,0
BRDA:53,4,1,0
BRDA:60,5,0,0
BRDA:60,5,1,0
BRDA:69,6,0,0
BRDA:69,6,1,0
BRDA:75,7,0,0
BRDA:75,7,1,0
BRDA:81,8,0,0
BRDA:81,8,1,0
BRDA:90,9,0,0
BRDA:90,9,1,0
BRDA:92,10,0,0
BRDA:92,10,1,0
BRDA:102,11,0,0
BRDA:102,11,1,0
BRDA:113,12,0,0
BRDA:113,12,1,0
BRDA:127,13,0,0
BRDA:127,13,1,0
BRDA:129,14,0,0
BRDA:129,14,1,0
BRDA:134,15,0,0
BRDA:134,15,1,0
BRDA:134,16,0,0
BRDA:134,16,1,0
BRDA:134,17,0,0
BRDA:134,17,1,0
BRDA:135,18,0,0
BRDA:135,18,1,0
BRDA:135,18,2,0
BRDA:135,18,3,0
BRDA:137,19,0,0
BRDA:137,19,1,0
BRDA:140,20,0,0
BRDA:140,20,1,0
BRDA:140,20,2,0
BRDA:159,21,0,0
BRDA:159,21,1,0
BRF:49
BRH:0
end_of_record
TN:
SF:pages/api/organizations/theme.js
FN:16,handler
FN:49,handleGetTheme
FN:101,handleUpdateTheme
FN:197,handleValidateTheme
FN:230,handleResetTheme
FN:283,validateBrandingData
FN:335,generateBrandingWarnings
FN:358,isValidColor
FN:382,isValidUrl
FN:394,isValidDomain
FN:402,getContrastRatio
FNF:11
FNH:0
FNDA:0,handler
FNDA:0,handleGetTheme
FNDA:0,handleUpdateTheme
FNDA:0,handleValidateTheme
FNDA:0,handleResetTheme
FNDA:0,validateBrandingData
FNDA:0,generateBrandingWarnings
FNDA:0,isValidColor
FNDA:0,isValidUrl
FNDA:0,isValidDomain
FNDA:0,getContrastRatio
DA:8,0
DA:17,0
DA:19,0
DA:20,0
DA:22,0
DA:24,0
DA:26,0
DA:28,0
DA:30,0
DA:31,0
DA:37,0
DA:38,0
DA:50,0
DA:52,0
DA:53,0
DA:59,0
DA:60,0
DA:66,0
DA:67,0
DA:68,0
DA:75,0
DA:77,0
DA:89,0
DA:90,0
DA:102,0
DA:104,0
DA:105,0
DA:111,0
DA:112,0
DA:118,0
DA:120,0
DA:121,0
DA:122,0
DA:130,0
DA:132,0
DA:133,0
DA:139,0
DA:140,0
DA:147,0
DA:154,0
DA:164,0
DA:165,0
DA:166,0
DA:172,0
DA:185,0
DA:186,0
DA:198,0
DA:200,0
DA:201,0
DA:207,0
DA:208,0
DA:210,0
DA:218,0
DA:219,0
DA:231,0
DA:233,0
DA:234,0
DA:240,0
DA:241,0
DA:251,0
DA:252,0
DA:253,0
DA:259,0
DA:272,0
DA:273,0
DA:284,0
DA:287,0
DA:288,0
DA:289,0
DA:293,0
DA:294,0
DA:295,0
DA:300,0
DA:301,0
DA:302,0
DA:306,0
DA:307,0
DA:308,0
DA:312,0
DA:313,0
DA:314,0
DA:319,0
DA:320,0
DA:322,0
DA:323,0
DA:324,0
DA:329,0
DA:336,0
DA:339,0
DA:340,0
DA:343,0
DA:344,0
DA:348,0
DA:349,0
DA:352,0
DA:359,0
DA:362,0
DA:363,0
DA:367,0
DA:368,0
DA:372,0
DA:373,0
DA:376,0
DA:383,0
DA:384,0
DA:385,0
DA:387,0
DA:395,0
DA:396,0
DA:405,0
LF:110
LH:0
BRDA:20,0,0,0
BRDA:20,0,1,0
BRDA:20,0,2,0
BRDA:20,0,3,0
BRDA:20,0,4,0
BRDA:52,1,0,0
BRDA:52,1,1,0
BRDA:66,2,0,0
BRDA:66,2,1,0
BRDA:75,3,0,0
BRDA:75,3,1,0
BRDA:84,4,0,0
BRDA:84,4,1,0
BRDA:84,4,2,0
BRDA:102,5,0,0
BRDA:104,6,0,0
BRDA:104,6,1,0
BRDA:111,7,0,0
BRDA:111,7,1,0
BRDA:111,8,0,0
BRDA:111,8,1,0
BRDA:121,9,0,0
BRDA:121,9,1,0
BRDA:132,10,0,0
BRDA:132,10,1,0
BRDA:139,11,0,0
BRDA:139,11,1,0
BRDA:148,12,0,0
BRDA:148,12,1,0
BRDA:164,13,0,0
BRDA:164,13,1,0
BRDA:180,14,0,0
BRDA:180,14,1,0
BRDA:180,14,2,0
BRDA:198,15,0,0
BRDA:200,16,0,0
BRDA:200,16,1,0
BRDA:200,17,0,0
BRDA:200,17,1,0
BRDA:233,18,0,0
BRDA:233,18,1,0
BRDA:251,19,0,0
BRDA:251,19,1,0
BRDA:283,20,0,0
BRDA:287,21,0,0
BRDA:287,21,1,0
BRDA:287,22,0,0
BRDA:287,22,1,0
BRDA:288,23,0,0
BRDA:288,23,1,0
BRDA:293,24,0,0
BRDA:293,24,1,0
BRDA:293,25,0,0
BRDA:293,25,1,0
BRDA:294,26,0,0
BRDA:294,26,1,0
BRDA:300,27,0,0
BRDA:300,27,1,0
BRDA:300,28,0,0
BRDA:300,28,1,0
BRDA:301,29,0,0
BRDA:301,29,1,0
BRDA:301,30,0,0
BRDA:301,30,1,0
BRDA:306,31,0,0
BRDA:306,31,1,0
BRDA:306,32,0,0
BRDA:306,32,1,0
BRDA:307,33,0,0
BRDA:307,33,1,0
BRDA:307,34,0,0
BRDA:307,34,1,0
BRDA:312,35,0,0
BRDA:312,35,1,0
BRDA:312,36,0,0
BRDA:312,36,1,0
BRDA:313,37,0,0
BRDA:313,37,1,0
BRDA:313,38,0,0
BRDA:313,38,1,0
BRDA:319,39,0,0
BRDA:319,39,1,0
BRDA:320,40,0,0
BRDA:320,40,1,0
BRDA:320,41,0,0
BRDA:320,41,1,0
BRDA:323,42,0,0
BRDA:323,42,1,0
BRDA:339,43,0,0
BRDA:339,43,1,0
BRDA:339,44,0,0
BRDA:339,44,1,0
BRDA:343,45,0,0
BRDA:343,45,1,0
BRDA:343,46,0,0
BRDA:343,46,1,0
BRDA:348,47,0,0
BRDA:348,47,1,0
BRDA:348,48,0,0
BRDA:348,48,1,0
BRDA:359,49,0,0
BRDA:359,49,1,0
BRDA:359,50,0,0
BRDA:359,50,1,0
BRDA:362,51,0,0
BRDA:362,51,1,0
BRDA:367,52,0,0
BRDA:367,52,1,0
BRDA:372,53,0,0
BRDA:372,53,1,0
BRF:110
BRH:0
end_of_record
TN:
SF:pages/api/organizations/[orgId]/index.js
FN:9,handler
FN:75,handleGetOrganization
FN:150,handleUpdateOrganization
FN:296,handleDeleteOrganization
FN:356,getUserOrganizationMembership
FNF:5
FNH:0
FNDA:0,handler
FNDA:0,handleGetOrganization
FNDA:0,handleUpdateOrganization
FNDA:0,handleDeleteOrganization
FNDA:0,getUserOrganizationMembership
DA:10,0
DA:11,0
DA:12,0
DA:15,0
DA:17,0
DA:18,0
DA:25,0
DA:26,0
DA:33,0
DA:34,0
DA:41,0
DA:43,0
DA:45,0
DA:48,0
DA:51,0
DA:54,0
DA:55,0
DA:62,0
DA:63,0
DA:76,0
DA:78,0
DA:79,0
DA:80,0
DA:88,0
DA:93,0
DA:99,0
DA:123,0
DA:129,0
DA:131,0
DA:132,0
DA:139,0
DA:151,0
DA:153,0
DA:154,0
DA:155,0
DA:168,0
DA:171,0
DA:172,0
DA:173,0
DA:182,0
DA:183,0
DA:184,0
DA:193,0
DA:198,0
DA:200,0
DA:201,0
DA:204,0
DA:205,0
DA:209,0
DA:210,0
DA:215,0
DA:216,0
DA:221,0
DA:222,0
DA:229,0
DA:235,0
DA:250,0
DA:257,0
DA:259,0
DA:260,0
DA:262,0
DA:263,0
DA:270,0
DA:277,0
DA:278,0
DA:285,0
DA:297,0
DA:299,0
DA:300,0
DA:301,0
DA:309,0
DA:310,0
DA:311,0
DA:319,0
DA:321,0
DA:327,0
DA:329,0
DA:330,0
DA:337,0
DA:338,0
DA:345,0
DA:357,0
DA:358,0
DA:362,0
DA:364,0
DA:365,0
DA:367,0
LF:87
LH:0
BRDA:17,0,0,0
BRDA:17,0,1,0
BRDA:25,1,0,0
BRDA:25,1,1,0
BRDA:33,2,0,0
BRDA:33,2,1,0
BRDA:33,3,0,0
BRDA:33,3,1,0
BRDA:43,4,0,0
BRDA:43,4,1,0
BRDA:43,4,2,0
BRDA:43,4,3,0
BRDA:67,5,0,0
BRDA:67,5,1,0
BRDA:79,6,0,0
BRDA:79,6,1,0
BRDA:103,7,0,0
BRDA:103,7,1,0
BRDA:105,8,0,0
BRDA:105,8,1,0
BRDA:106,9,0,0
BRDA:106,9,1,0
BRDA:111,10,0,0
BRDA:111,10,1,0
BRDA:117,11,0,0
BRDA:117,11,1,0
BRDA:131,12,0,0
BRDA:131,12,1,0
BRDA:154,13,0,0
BRDA:154,13,1,0
BRDA:154,14,0,0
BRDA:154,14,1,0
BRDA:166,15,0,0
BRDA:167,16,0,0
BRDA:171,17,0,0
BRDA:171,17,1,0
BRDA:172,18,0,0
BRDA:172,18,1,0
BRDA:172,19,0,0
BRDA:172,19,1,0
BRDA:172,19,2,0
BRDA:182,20,0,0
BRDA:182,20,1,0
BRDA:182,21,0,0
BRDA:182,21,1,0
BRDA:183,22,0,0
BRDA:183,22,1,0
BRDA:200,23,0,0
BRDA:200,23,1,0
BRDA:204,24,0,0
BRDA:204,24,1,0
BRDA:209,25,0,0
BRDA:209,25,1,0
BRDA:209,26,0,0
BRDA:209,26,1,0
BRDA:215,27,0,0
BRDA:215,27,1,0
BRDA:216,28,0,0
BRDA:216,28,1,0
BRDA:221,29,0,0
BRDA:221,29,1,0
BRDA:239,30,0,0
BRDA:239,30,1,0
BRDA:241,31,0,0
BRDA:241,31,1,0
BRDA:242,32,0,0
BRDA:242,32,1,0
BRDA:247,33,0,0
BRDA:247,33,1,0
BRDA:259,34,0,0
BRDA:259,34,1,0
BRDA:262,35,0,0
BRDA:262,35,1,0
BRDA:272,36,0,0
BRDA:272,36,1,0
BRDA:277,37,0,0
BRDA:277,37,1,0
BRDA:300,38,0,0
BRDA:300,38,1,0
BRDA:300,39,0,0
BRDA:300,39,1,0
BRDA:310,40,0,0
BRDA:310,40,1,0
BRDA:329,41,0,0
BRDA:329,41,1,0
BRDA:337,42,0,0
BRDA:337,42,1,0
BRDA:364,43,0,0
BRDA:364,43,1,0
BRF:89
BRH:0
end_of_record
TN:
SF:pages/api/organizations/[orgId]/invitations.js
FN:7,handler
FN:67,handleCreateInvitation
FN:274,getUserOrganizationMembership
FNF:3
FNH:0
FNDA:0,handler
FNDA:0,handleCreateInvitation
FNDA:0,getUserOrganizationMembership
DA:8,0
DA:9,0
DA:10,0
DA:13,0
DA:15,0
DA:16,0
DA:23,0
DA:24,0
DA:31,0
DA:32,0
DA:39,0
DA:41,0
DA:43,0
DA:46,0
DA:47,0
DA:54,0
DA:55,0
DA:68,0
DA:70,0
DA:71,0
DA:72,0
DA:80,0
DA:81,0
DA:93,0
DA:96,0
DA:97,0
DA:105,0
DA:106,0
DA:107,0
DA:115,0
DA:116,0
DA:117,0
DA:125,0
DA:126,0
DA:134,0
DA:139,0
DA:140,0
DA:145,0
DA:146,0
DA:155,0
DA:156,0
DA:161,0
DA:162,0
DA:170,0
DA:171,0
DA:176,0
DA:183,0
DA:184,0
DA:190,0
DA:196,0
DA:199,0
DA:220,0
DA:227,0
DA:229,0
DA:230,0
DA:232,0
DA:233,0
DA:240,0
DA:247,0
DA:248,0
DA:255,0
DA:256,0
DA:263,0
DA:275,0
DA:276,0
DA:280,0
DA:282,0
DA:283,0
DA:285,0
LF:69
LH:0
BRDA:15,0,0,0
BRDA:15,0,1,0
BRDA:23,1,0,0
BRDA:23,1,1,0
BRDA:31,2,0,0
BRDA:31,2,1,0
BRDA:31,3,0,0
BRDA:31,3,1,0
BRDA:41,4,0,0
BRDA:41,4,1,0
BRDA:59,5,0,0
BRDA:59,5,1,0
BRDA:71,6,0,0
BRDA:71,6,1,0
BRDA:80,7,0,0
BRDA:80,7,1,0
BRDA:90,8,0,0
BRDA:91,9,0,0
BRDA:96,10,0,0
BRDA:96,10,1,0
BRDA:96,11,0,0
BRDA:96,11,1,0
BRDA:106,12,0,0
BRDA:106,12,1,0
BRDA:116,13,0,0
BRDA:116,13,1,0
BRDA:125,14,0,0
BRDA:125,14,1,0
BRDA:125,15,0,0
BRDA:125,15,1,0
BRDA:139,16,0,0
BRDA:139,16,1,0
BRDA:145,17,0,0
BRDA:145,17,1,0
BRDA:161,18,0,0
BRDA:161,18,1,0
BRDA:170,19,0,0
BRDA:170,19,1,0
BRDA:179,20,0,0
BRDA:179,20,1,0
BRDA:179,21,0,0
BRDA:179,21,1,0
BRDA:179,22,0,0
BRDA:179,22,1,0
BRDA:183,23,0,0
BRDA:183,23,1,0
BRDA:229,24,0,0
BRDA:229,24,1,0
BRDA:232,25,0,0
BRDA:232,25,1,0
BRDA:242,26,0,0
BRDA:242,26,1,0
BRDA:247,27,0,0
BRDA:247,27,1,0
BRDA:255,28,0,0
BRDA:255,28,1,0
BRDA:282,29,0,0
BRDA:282,29,1,0
BRF:58
BRH:0
end_of_record
TN:
SF:pages/api/organizations/[orgId]/settings.js
FN:7,handler
FN:67,handleUpdateSettings
FN:252,validateFeatureSettings
FN:291,isValidUrl
FN:303,getUserOrganizationMembership
FNF:5
FNH:0
FNDA:0,handler
FNDA:0,handleUpdateSettings
FNDA:0,validateFeatureSettings
FNDA:0,isValidUrl
FNDA:0,getUserOrganizationMembership
DA:8,0
DA:9,0
DA:10,0
DA:13,0
DA:15,0
DA:16,0
DA:23,0
DA:24,0
DA:31,0
DA:32,0
DA:39,0
DA:41,0
DA:43,0
DA:46,0
DA:47,0
DA:54,0
DA:55,0
DA:68,0
DA:70,0
DA:71,0
DA:72,0
DA:85,0
DA:88,0
DA:93,0
DA:100,0
DA:105,0
DA:106,0
DA:113,0
DA:114,0
DA:120,0
DA:121,0
DA:122,0
DA:129,0
DA:130,0
DA:136,0
DA:137,0
DA:138,0
DA:146,0
DA:147,0
DA:148,0
DA:158,0
DA:159,0
DA:165,0
DA:166,0
DA:173,0
DA:174,0
DA:183,0
DA:189,0
DA:190,0
DA:191,0
DA:197,0
DA:201,0
DA:207,0
DA:215,0
DA:222,0
DA:224,0
DA:225,0
DA:232,0
DA:233,0
DA:234,0
DA:241,0
DA:253,0
DA:256,0
DA:259,0
DA:260,0
DA:262,0
DA:263,0
DA:266,0
DA:267,0
DA:268,0
DA:272,0
DA:273,0
DA:275,0
DA:276,0
DA:278,0
DA:282,0
DA:285,0
DA:292,0
DA:293,0
DA:294,0
DA:296,0
DA:304,0
DA:305,0
DA:309,0
DA:311,0
DA:312,0
DA:314,0
LF:87
LH:0
BRDA:15,0,0,0
BRDA:15,0,1,0
BRDA:23,1,0,0
BRDA:23,1,1,0
BRDA:31,2,0,0
BRDA:31,2,1,0
BRDA:31,3,0,0
BRDA:31,3,1,0
BRDA:41,4,0,0
BRDA:41,4,1,0
BRDA:59,5,0,0
BRDA:59,5,1,0
BRDA:71,6,0,0
BRDA:71,6,1,0
BRDA:71,7,0,0
BRDA:71,7,1,0
BRDA:80,8,0,0
BRDA:81,9,0,0
BRDA:82,10,0,0
BRDA:83,11,0,0
BRDA:84,12,0,0
BRDA:95,13,0,0
BRDA:95,13,1,0
BRDA:96,14,0,0
BRDA:96,14,1,0
BRDA:97,15,0,0
BRDA:97,15,1,0
BRDA:105,16,0,0
BRDA:105,16,1,0
BRDA:113,17,0,0
BRDA:113,17,1,0
BRDA:120,18,0,0
BRDA:120,18,1,0
BRDA:129,19,0,0
BRDA:129,19,1,0
BRDA:136,20,0,0
BRDA:136,20,1,0
BRDA:137,21,0,0
BRDA:137,21,1,0
BRDA:137,22,0,0
BRDA:137,22,1,0
BRDA:137,22,2,0
BRDA:146,23,0,0
BRDA:146,23,1,0
BRDA:147,24,0,0
BRDA:147,24,1,0
BRDA:158,25,0,0
BRDA:158,25,1,0
BRDA:165,26,0,0
BRDA:165,26,1,0
BRDA:165,27,0,0
BRDA:165,27,1,0
BRDA:173,28,0,0
BRDA:173,28,1,0
BRDA:173,29,0,0
BRDA:173,29,1,0
BRDA:189,30,0,0
BRDA:189,30,1,0
BRDA:189,31,0,0
BRDA:189,31,1,0
BRDA:190,32,0,0
BRDA:190,32,1,0
BRDA:190,33,0,0
BRDA:190,33,1,0
BRDA:190,33,2,0
BRDA:210,34,0,0
BRDA:210,34,1,0
BRDA:211,35,0,0
BRDA:211,35,1,0
BRDA:224,36,0,0
BRDA:224,36,1,0
BRDA:232,37,0,0
BRDA:232,37,1,0
BRDA:236,38,0,0
BRDA:236,38,1,0
BRDA:256,39,0,0
BRDA:256,39,1,0
BRDA:256,39,2,0
BRDA:259,40,0,0
BRDA:259,40,1,0
BRDA:259,41,0,0
BRDA:259,41,1,0
BRDA:262,42,0,0
BRDA:262,42,1,0
BRDA:262,43,0,0
BRDA:262,43,1,0
BRDA:272,44,0,0
BRDA:272,44,1,0
BRDA:272,45,0,0
BRDA:272,45,1,0
BRDA:275,46,0,0
BRDA:275,46,1,0
BRDA:275,47,0,0
BRDA:275,47,1,0
BRDA:311,48,0,0
BRDA:311,48,1,0
BRF:96
BRH:0
end_of_record
TN:
SF:pages/api/organizations/[orgId]/memberships/[membershipId].js
FN:8,handler
FN:79,handleUpdateMembership
FN:134,(anonymous_2)
FN:209,handleRemoveMember
FN:251,(anonymous_4)
FN:303,getUserOrganizationMembership
FNF:6
FNH:0
FNDA:0,handler
FNDA:0,handleUpdateMembership
FNDA:0,(anonymous_2)
FNDA:0,handleRemoveMember
FNDA:0,(anonymous_4)
FNDA:0,getUserOrganizationMembership
DA:9,0
DA:10,0
DA:11,0
DA:14,0
DA:16,0
DA:17,0
DA:24,0
DA:25,0
DA:32,0
DA:33,0
DA:40,0
DA:41,0
DA:48,0
DA:50,0
DA:52,0
DA:55,0
DA:58,0
DA:59,0
DA:66,0
DA:67,0
DA:80,0
DA:82,0
DA:83,0
DA:84,0
DA:92,0
DA:97,0
DA:98,0
DA:106,0
DA:107,0
DA:114,0
DA:117,0
DA:118,0
DA:119,0
DA:127,0
DA:129,0
DA:134,0
DA:136,0
DA:137,0
DA:146,0
DA:153,0
DA:173,0
DA:180,0
DA:182,0
DA:183,0
DA:190,0
DA:191,0
DA:198,0
DA:210,0
DA:212,0
DA:213,0
DA:214,0
DA:222,0
DA:227,0
DA:228,0
DA:236,0
DA:237,0
DA:245,0
DA:246,0
DA:251,0
DA:253,0
DA:254,0
DA:263,0
DA:268,0
DA:274,0
DA:276,0
DA:277,0
DA:284,0
DA:285,0
DA:292,0
DA:304,0
DA:305,0
DA:309,0
DA:311,0
DA:312,0
DA:314,0
LF:75
LH:0
BRDA:16,0,0,0
BRDA:16,0,1,0
BRDA:24,1,0,0
BRDA:24,1,1,0
BRDA:32,2,0,0
BRDA:32,2,1,0
BRDA:32,3,0,0
BRDA:32,3,1,0
BRDA:40,4,0,0
BRDA:40,4,1,0
BRDA:40,5,0,0
BRDA:40,5,1,0
BRDA:50,6,0,0
BRDA:50,6,1,0
BRDA:50,6,2,0
BRDA:71,7,0,0
BRDA:71,7,1,0
BRDA:83,8,0,0
BRDA:83,8,1,0
BRDA:83,9,0,0
BRDA:83,9,1,0
BRDA:97,10,0,0
BRDA:97,10,1,0
BRDA:106,11,0,0
BRDA:106,11,1,0
BRDA:114,12,0,0
BRDA:118,13,0,0
BRDA:118,13,1,0
BRDA:127,14,0,0
BRDA:127,14,1,0
BRDA:127,15,0,0
BRDA:127,15,1,0
BRDA:136,16,0,0
BRDA:136,16,1,0
BRDA:168,17,0,0
BRDA:168,17,1,0
BRDA:182,18,0,0
BRDA:182,18,1,0
BRDA:190,19,0,0
BRDA:190,19,1,0
BRDA:213,20,0,0
BRDA:213,20,1,0
BRDA:213,21,0,0
BRDA:213,21,1,0
BRDA:227,22,0,0
BRDA:227,22,1,0
BRDA:236,23,0,0
BRDA:236,23,1,0
BRDA:245,24,0,0
BRDA:245,24,1,0
BRDA:253,25,0,0
BRDA:253,25,1,0
BRDA:276,26,0,0
BRDA:276,26,1,0
BRDA:284,27,0,0
BRDA:284,27,1,0
BRDA:311,28,0,0
BRDA:311,28,1,0
BRF:58
BRH:0
end_of_record
TN:
SF:pages/api/pdf-download/[fileId].js
FN:17,handler
FNF:1
FNH:0
FNDA:0,handler
DA:10,0
DA:18,0
DA:19,0
DA:25,0
DA:26,0
DA:28,0
DA:29,0
DA:36,0
DA:37,0
DA:44,0
DA:48,0
DA:51,0
DA:53,0
DA:54,0
DA:56,0
DA:62,0
DA:65,0
DA:66,0
DA:67,0
DA:68,0
DA:69,0
DA:70,0
DA:73,0
DA:74,0
DA:76,0
DA:79,0
DA:81,0
LF:27
LH:0
BRDA:18,0,0,0
BRDA:18,0,1,0
BRDA:28,1,0,0
BRDA:28,1,1,0
BRDA:36,2,0,0
BRDA:36,2,1,0
BRDA:45,3,0,0
BRDA:45,3,1,0
BRDA:53,4,0,0
BRDA:53,4,1,0
BRDA:84,5,0,0
BRDA:84,5,1,0
BRF:12
BRH:0
end_of_record
TN:
SF:utils/aiPrompts.js
FN:689,analyzeSOPStructure
FN:721,generateSOPRevision
FN:754,generateQuestions
FN:812,analyzeProcess
FN:842,generateFollowUpQuestions
FN:901,callClaudeAPI
FN:1119,generateSOPQuestions
FN:1194,getFallbackSOPQuestions
FNF:8
FNH:0
FNDA:0,analyzeSOPStructure
FNDA:0,generateSOPRevision
FNDA:0,generateQuestions
FNDA:0,analyzeProcess
FNDA:0,generateFollowUpQuestions
FNDA:0,callClaudeAPI
FNDA:0,generateSOPQuestions
FNDA:0,getFallbackSOPQuestions
DA:4,0
DA:146,0
DA:355,0
DA:449,0
DA:565,0
DA:690,0
DA:691,0
DA:692,0
DA:694,0
DA:699,0
DA:700,0
DA:702,0
DA:704,0
DA:705,0
DA:706,0
DA:709,0
DA:710,0
DA:713,0
DA:714,0
DA:716,0
DA:717,0
DA:722,0
DA:723,0
DA:724,0
DA:726,0
DA:732,0
DA:733,0
DA:735,0
DA:737,0
DA:738,0
DA:739,0
DA:742,0
DA:743,0
DA:746,0
DA:747,0
DA:749,0
DA:750,0
DA:756,0
DA:758,0
DA:759,0
DA:761,0
DA:763,0
DA:767,0
DA:769,0
DA:770,0
DA:772,0
DA:773,0
DA:777,0
DA:779,0
DA:780,0
DA:783,0
DA:784,0
DA:785,0
DA:786,0
DA:787,0
DA:788,0
DA:789,0
DA:791,0
DA:792,0
DA:793,0
DA:794,0
DA:795,0
DA:797,0
DA:798,0
DA:803,0
DA:804,0
DA:806,0
DA:807,0
DA:808,0
DA:813,0
DA:814,0
DA:815,0
DA:816,0
DA:821,0
DA:824,0
DA:825,0
DA:826,0
DA:827,0
DA:828,0
DA:830,0
DA:834,0
DA:835,0
DA:837,0
DA:838,0
DA:843,0
DA:844,0
DA:851,0
DA:852,0
DA:853,0
DA:855,0
DA:860,0
DA:861,0
DA:863,0
DA:864,0
DA:865,0
DA:867,0
DA:868,0
DA:871,0
DA:872,0
DA:873,0
DA:874,0
DA:875,0
DA:876,0
DA:877,0
DA:879,0
DA:880,0
DA:881,0
DA:882,0
DA:883,0
DA:885,0
DA:886,0
DA:891,0
DA:892,0
DA:894,0
DA:895,0
DA:896,0
DA:903,0
DA:905,0
DA:906,0
DA:915,0
DA:926,0
DA:928,0
DA:938,0
DA:944,0
DA:945,0
DA:946,0
DA:947,0
DA:950,0
DA:951,0
DA:952,0
DA:955,0
DA:956,0
DA:957,0
DA:965,0
DA:966,0
DA:967,0
DA:972,0
DA:973,0
DA:974,0
DA:975,0
DA:976,0
DA:977,0
DA:979,0
DA:980,0
DA:981,0
DA:991,0
DA:992,0
DA:993,0
DA:994,0
DA:998,0
DA:1003,0
DA:1004,0
DA:1005,0
DA:1009,0
DA:1010,0
DA:1011,0
DA:1012,0
DA:1015,0
DA:1017,0
DA:1018,0
DA:1019,0
DA:1021,0
DA:1022,0
DA:1025,0
DA:1028,0
DA:1029,0
DA:1030,0
DA:1031,0
DA:1032,0
DA:1033,0
DA:1034,0
DA:1036,0
DA:1041,0
DA:1042,0
DA:1043,0
DA:1044,0
DA:1045,0
DA:1046,0
DA:1047,0
DA:1049,0
DA:1054,0
DA:1055,0
DA:1056,0
DA:1059,0
DA:1063,0
DA:1120,0
DA:1122,0
DA:1123,0
DA:1124,0
DA:1127,0
DA:1167,0
DA:1168,0
DA:1170,0
DA:1171,0
DA:1172,0
DA:1176,0
DA:1177,0
DA:1181,0
DA:1182,0
DA:1185,0
DA:1186,0
DA:1189,0
DA:1190,0
DA:1195,0
LF:204
LH:0
BRDA:689,0,0,0
BRDA:691,1,0,0
BRDA:691,1,1,0
BRDA:704,2,0,0
BRDA:704,2,1,0
BRDA:721,3,0,0
BRDA:721,4,0,0
BRDA:723,5,0,0
BRDA:723,5,1,0
BRDA:737,6,0,0
BRDA:737,6,1,0
BRDA:754,7,0,0
BRDA:758,8,0,0
BRDA:758,8,1,0
BRDA:783,9,0,0
BRDA:783,9,1,0
BRDA:786,10,0,0
BRDA:786,10,1,0
BRDA:792,11,0,0
BRDA:792,11,1,0
BRDA:793,12,0,0
BRDA:793,12,1,0
BRDA:812,13,0,0
BRDA:812,14,0,0
BRDA:814,15,0,0
BRDA:814,15,1,0
BRDA:824,16,0,0
BRDA:824,16,1,0
BRDA:827,17,0,0
BRDA:827,17,1,0
BRDA:827,18,0,0
BRDA:827,18,1,0
BRDA:828,19,0,0
BRDA:828,19,1,0
BRDA:842,20,0,0
BRDA:852,21,0,0
BRDA:852,21,1,0
BRDA:871,22,0,0
BRDA:871,22,1,0
BRDA:874,23,0,0
BRDA:874,23,1,0
BRDA:880,24,0,0
BRDA:880,24,1,0
BRDA:881,25,0,0
BRDA:881,25,1,0
BRDA:901,26,0,0
BRDA:901,27,0,0
BRDA:903,28,0,0
BRDA:903,28,1,0
BRDA:903,29,0,0
BRDA:903,29,1,0
BRDA:944,30,0,0
BRDA:944,30,1,0
BRDA:947,31,0,0
BRDA:947,31,1,0
BRDA:956,32,0,0
BRDA:956,32,1,0
BRDA:965,33,0,0
BRDA:965,33,1,0
BRDA:972,34,0,0
BRDA:972,34,1,0
BRDA:974,35,0,0
BRDA:974,35,1,0
BRDA:975,36,0,0
BRDA:975,36,1,0
BRDA:976,37,0,0
BRDA:976,37,1,0
BRDA:977,38,0,0
BRDA:977,38,1,0
BRDA:979,39,0,0
BRDA:979,39,1,0
BRDA:979,40,0,0
BRDA:979,40,1,0
BRDA:999,41,0,0
BRDA:999,41,1,0
BRDA:1000,42,0,0
BRDA:1000,42,1,0
BRDA:1003,43,0,0
BRDA:1003,43,1,0
BRDA:1003,44,0,0
BRDA:1003,44,1,0
BRDA:1010,45,0,0
BRDA:1010,45,1,0
BRDA:1010,46,0,0
BRDA:1010,46,1,0
BRDA:1025,47,0,0
BRDA:1025,47,1,0
BRDA:1029,48,0,0
BRDA:1029,48,1,0
BRDA:1042,49,0,0
BRDA:1042,49,1,0
BRDA:1054,50,0,0
BRDA:1054,50,1,0
BRDA:1054,51,0,0
BRDA:1054,51,1,0
BRDA:1054,51,2,0
BRDA:1119,52,0,0
BRDA:1122,53,0,0
BRDA:1122,53,1,0
BRDA:1170,54,0,0
BRDA:1170,54,1,0
BRDA:1176,55,0,0
BRDA:1176,55,1,0
BRDA:1181,56,0,0
BRDA:1181,56,1,0
BRDA:1181,57,0,0
BRDA:1181,57,1,0
BRF:107
BRH:0
end_of_record
TN:
SF:utils/automationTemplates.js
FN:6,(anonymous_0)
FN:8,(anonymous_1)
FNF:2
FNH:0
FNDA:0,(anonymous_0)
FNDA:0,(anonymous_1)
DA:6,0
DA:7,0
DA:8,0
LF:3
LH:0
BRDA:9,0,0,0
BRDA:9,0,1,0
BRDA:10,1,0,0
BRDA:10,1,1,0
BRDA:12,2,0,0
BRDA:12,2,1,0
BRDA:14,3,0,0
BRDA:14,3,1,0
BRF:8
BRH:0
end_of_record
TN:
SF:utils/clerkUtils.js
FN:10,clerkUserIdToUUID
FN:35,isClerkUserId
FN:45,isUUID
FN:57,getDBUserId
FNF:4
FNH:0
FNDA:0,clerkUserIdToUUID
FNDA:0,isClerkUserId
FNDA:0,isUUID
FNDA:0,getDBUserId
DA:2,0
DA:11,0
DA:12,0
DA:16,0
DA:19,0
DA:27,0
DA:36,0
DA:37,0
DA:46,0
DA:47,0
DA:48,0
DA:58,0
DA:60,0
DA:61,0
DA:64,0
DA:65,0
DA:68,0
LF:17
LH:0
BRDA:11,0,0,0
BRDA:11,0,1,0
BRDA:11,1,0,0
BRDA:11,1,1,0
BRDA:36,2,0,0
BRDA:36,2,1,0
BRDA:36,3,0,0
BRDA:36,3,1,0
BRDA:37,4,0,0
BRDA:37,4,1,0
BRDA:46,5,0,0
BRDA:46,5,1,0
BRDA:46,6,0,0
BRDA:46,6,1,0
BRDA:58,7,0,0
BRDA:58,7,1,0
BRDA:60,8,0,0
BRDA:60,8,1,0
BRDA:64,9,0,0
BRDA:64,9,1,0
BRF:20
BRH:0
end_of_record
TN:
SF:utils/csrf.js
FN:9,generateCSRFToken
FN:19,setCSRFToken
FN:40,getCSRFToken
FN:50,validateCSRF
FN:84,withCSRF
FN:85,(anonymous_5)
FN:111,getClientCSRFToken
FN:130,addCSRFHeader
FNF:8
FNH:0
FNDA:0,generateCSRFToken
FNDA:0,setCSRFToken
FNDA:0,getCSRFToken
FNDA:0,validateCSRF
FNDA:0,withCSRF
FNDA:0,(anonymous_5)
FNDA:0,getClientCSRFToken
FNDA:0,addCSRFHeader
DA:10,0
DA:20,0
DA:22,0
DA:32,0
DA:41,0
DA:52,0
DA:53,0
DA:56,0
DA:57,0
DA:58,0
DA:61,0
DA:62,0
DA:66,0
DA:67,0
DA:68,0
DA:72,0
DA:73,0
DA:76,0
DA:85,0
DA:86,0
DA:88,0
DA:89,0
DA:93,0
DA:94,0
DA:97,0
DA:99,0
DA:100,0
DA:102,0
DA:112,0
DA:115,0
DA:116,0
DA:117,0
DA:121,0
DA:122,0
DA:131,0
DA:132,0
DA:133,0
DA:135,0
LF:38
LH:0
BRDA:41,0,0,0
BRDA:41,0,1,0
BRDA:52,1,0,0
BRDA:52,1,1,0
BRDA:61,2,0,0
BRDA:61,2,1,0
BRDA:66,3,0,0
BRDA:66,3,1,0
BRDA:67,4,0,0
BRDA:67,4,1,0
BRDA:72,5,0,0
BRDA:72,5,1,0
BRDA:88,6,0,0
BRDA:88,6,1,0
BRDA:93,7,0,0
BRDA:93,7,1,0
BRDA:99,8,0,0
BRDA:99,8,1,0
BRDA:112,9,0,0
BRDA:112,9,1,0
BRDA:116,10,0,0
BRDA:116,10,1,0
BRDA:122,11,0,0
BRDA:122,11,1,0
BRDA:130,12,0,0
BRDA:132,13,0,0
BRDA:132,13,1,0
BRF:27
BRH:0
end_of_record
TN:
SF:utils/fileProcessor.js
FN:1,processFile
FN:32,processTextFile
FN:43,processMarkdownFile
FN:78,processPdfFile
FN:108,processDocFile
FN:138,validateFileType
FN:151,validateFileSize
FN:156,getFileExtension
FN:160,formatFileSize
FNF:9
FNH:0
FNDA:0,processFile
FNDA:0,processTextFile
FNDA:0,processMarkdownFile
FNDA:0,processPdfFile
FNDA:0,processDocFile
FNDA:0,validateFileType
FNDA:0,validateFileSize
FNDA:0,getFileExtension
FNDA:0,formatFileSize
DA:2,0
DA:4,0
DA:5,0
DA:8,0
DA:10,0
DA:14,0
DA:17,0
DA:21,0
DA:24,0
DA:27,0
DA:28,0
DA:33,0
DA:35,0
DA:36,0
DA:37,0
DA:39,0
DA:44,0
DA:45,0
DA:46,0
DA:49,0
DA:50,0
DA:53,0
DA:56,0
DA:68,0
DA:69,0
DA:71,0
DA:73,0
DA:74,0
DA:80,0
DA:81,0
DA:109,0
DA:110,0
DA:113,0
DA:115,0
DA:116,0
DA:117,0
DA:119,0
DA:120,0
DA:123,0
DA:125,0
DA:139,0
DA:148,0
DA:152,0
DA:153,0
DA:157,0
DA:161,0
DA:163,0
DA:164,0
DA:165,0
DA:167,0
LF:50
LH:0
BRDA:8,0,0,0
BRDA:8,0,1,0
BRDA:8,0,2,0
BRDA:8,0,3,0
BRDA:8,0,4,0
BRDA:8,0,5,0
BRDA:8,0,6,0
BRDA:69,1,0,0
BRDA:69,1,1,0
BRDA:115,2,0,0
BRDA:115,2,1,0
BRDA:115,3,0,0
BRDA:115,3,1,0
BRDA:151,4,0,0
BRDA:161,5,0,0
BRDA:161,5,1,0
BRF:16
BRH:0
end_of_record
TN:
SF:utils/jobStore.js
FN:8,generateJobId
FN:13,storeAutomation
FN:20,(anonymous_2)
FN:26,getAutomation
FN:31,clearExpiredAutomations
FNF:5
FNH:0
FNDA:0,generateJobId
FNDA:0,storeAutomation
FNDA:0,(anonymous_2)
FNDA:0,getAutomation
FNDA:0,clearExpiredAutomations
DA:2,0
DA:5,0
DA:9,0
DA:14,0
DA:20,0
DA:21,0
DA:27,0
DA:32,0
DA:33,0
DA:34,0
DA:35,0
DA:41,0
DA:43,0
LF:13
LH:0
BRDA:27,0,0,0
BRDA:27,0,1,0
BRDA:34,1,0,0
BRDA:34,1,1,0
BRF:4
BRH:0
end_of_record
TN:
SF:utils/logger.js
FN:9,(anonymous_0)
FN:17,(anonymous_1)
FN:72,(anonymous_2)
FN:90,(anonymous_3)
FN:108,(anonymous_4)
FN:122,(anonymous_5)
FN:159,(anonymous_6)
FN:170,(anonymous_7)
FN:176,(anonymous_8)
FN:195,(anonymous_9)
FN:217,(anonymous_10)
FN:237,(anonymous_11)
FN:265,(anonymous_12)
FN:291,(anonymous_13)
FN:292,(anonymous_14)
FN:293,(anonymous_15)
FN:294,(anonymous_16)
FN:297,(anonymous_17)
FN:298,(anonymous_18)
FN:299,(anonymous_19)
FNF:20
FNH:0
FNDA:0,(anonymous_0)
FNDA:0,(anonymous_1)
FNDA:0,(anonymous_2)
FNDA:0,(anonymous_3)
FNDA:0,(anonymous_4)
FNDA:0,(anonymous_5)
FNDA:0,(anonymous_6)
FNDA:0,(anonymous_7)
FNDA:0,(anonymous_8)
FNDA:0,(anonymous_9)
FNDA:0,(anonymous_10)
FNDA:0,(anonymous_11)
FNDA:0,(anonymous_12)
FNDA:0,(anonymous_13)
FNDA:0,(anonymous_14)
FNDA:0,(anonymous_15)
FNDA:0,(anonymous_16)
FNDA:0,(anonymous_17)
FNDA:0,(anonymous_18)
FNDA:0,(anonymous_19)
DA:10,0
DA:11,0
DA:18,0
DA:19,0
DA:21,0
DA:32,0
DA:33,0
DA:40,0
DA:41,0
DA:48,0
DA:49,0
DA:56,0
DA:57,0
DA:66,0
DA:73,0
DA:74,0
DA:77,0
DA:84,0
DA:91,0
DA:92,0
DA:95,0
DA:102,0
DA:109,0
DA:118,0
DA:121,0
DA:122,0
DA:124,0
DA:125,0
DA:126,0
DA:133,0
DA:134,0
DA:141,0
DA:144,0
DA:146,0
DA:150,0
DA:153,0
DA:160,0
DA:161,0
DA:162,0
DA:163,0
DA:171,0
DA:172,0
DA:174,0
DA:177,0
DA:179,0
DA:187,0
DA:196,0
DA:199,0
DA:201,0
DA:212,0
DA:214,0
DA:218,0
DA:220,0
DA:229,0
DA:238,0
DA:240,0
DA:253,0
DA:254,0
DA:256,0
DA:259,0
DA:266,0
DA:268,0
DA:279,0
DA:281,0
DA:286,0
DA:287,0
DA:288,0
DA:291,0
DA:292,0
DA:293,0
DA:294,0
DA:297,0
DA:298,0
DA:299,0
LF:74
LH:0
BRDA:9,0,0,0
BRDA:11,1,0,0
BRDA:11,1,1,0
BRDA:17,2,0,0
BRDA:19,3,0,0
BRDA:19,3,1,0
BRDA:32,4,0,0
BRDA:32,4,1,0
BRDA:35,5,0,0
BRDA:35,5,1,0
BRDA:40,6,0,0
BRDA:40,6,1,0
BRDA:43,7,0,0
BRDA:43,7,1,0
BRDA:48,8,0,0
BRDA:48,8,1,0
BRDA:51,9,0,0
BRDA:51,9,1,0
BRDA:56,10,0,0
BRDA:56,10,1,0
BRDA:61,11,0,0
BRDA:61,11,1,0
BRDA:62,12,0,0
BRDA:62,12,1,0
BRDA:72,13,0,0
BRDA:90,14,0,0
BRDA:108,15,0,0
BRDA:108,16,0,0
BRDA:111,17,0,0
BRDA:111,17,1,0
BRDA:121,18,0,0
BRDA:121,18,1,0
BRDA:124,19,0,0
BRDA:124,19,1,0
BRDA:133,20,0,0
BRDA:133,20,1,0
BRDA:159,21,0,0
BRDA:160,22,0,0
BRDA:160,22,1,0
BRDA:170,23,0,0
BRDA:171,24,0,0
BRDA:171,24,1,0
BRDA:176,25,0,0
BRDA:195,26,0,0
BRDA:207,27,0,0
BRDA:207,27,1,0
BRDA:217,28,0,0
BRDA:237,29,0,0
BRDA:238,30,0,0
BRDA:238,30,1,0
BRDA:253,31,0,0
BRDA:253,31,1,0
BRDA:265,32,0,0
BRDA:266,33,0,0
BRDA:266,33,1,0
BRF:55
BRH:0
end_of_record
TN:
SF:utils/oauthConfig.js
FN:9,(anonymous_0)
FN:59,(anonymous_1)
FN:81,(anonymous_2)
FN:134,(anonymous_3)
FN:168,(anonymous_4)
FN:188,(anonymous_5)
FN:241,(anonymous_6)
FN:247,(anonymous_7)
FN:261,(anonymous_8)
FN:275,(anonymous_9)
FN:297,(anonymous_10)
FN:302,(anonymous_11)
FNF:12
FNH:0
FNDA:0,(anonymous_0)
FNDA:0,(anonymous_1)
FNDA:0,(anonymous_2)
FNDA:0,(anonymous_3)
FNDA:0,(anonymous_4)
FNDA:0,(anonymous_5)
FNDA:0,(anonymous_6)
FNDA:0,(anonymous_7)
FNDA:0,(anonymous_8)
FNDA:0,(anonymous_9)
FNDA:0,(anonymous_10)
FNDA:0,(anonymous_11)
DA:9,0
DA:10,0
DA:18,0
DA:23,0
DA:24,0
DA:25,0
DA:26,0
DA:27,0
DA:28,0
DA:29,0
DA:30,0
DA:31,0
DA:32,0
DA:37,0
DA:38,0
DA:39,0
DA:40,0
DA:41,0
DA:46,0
DA:47,0
DA:48,0
DA:49,0
DA:53,0
DA:59,0
DA:60,0
DA:64,0
DA:73,0
DA:75,0
DA:81,0
DA:82,0
DA:88,0
DA:90,0
DA:91,0
DA:94,0
DA:95,0
DA:96,0
DA:97,0
DA:99,0
DA:100,0
DA:101,0
DA:106,0
DA:107,0
DA:108,0
DA:109,0
DA:114,0
DA:115,0
DA:119,0
DA:120,0
DA:124,0
DA:125,0
DA:128,0
DA:134,0
DA:135,0
DA:144,0
DA:145,0
DA:148,0
DA:151,0
DA:157,0
DA:162,0
DA:168,0
DA:169,0
DA:188,0
DA:189,0
DA:190,0
DA:191,0
DA:194,0
DA:196,0
DA:198,0
DA:206,0
DA:213,0
DA:221,0
DA:222,0
DA:225,0
DA:226,0
DA:229,0
DA:230,0
DA:232,0
DA:235,0
DA:241,0
DA:242,0
DA:248,0
DA:249,0
DA:262,0
DA:263,0
DA:265,0
DA:276,0
DA:277,0
DA:278,0
DA:279,0
DA:280,0
DA:281,0
DA:286,0
DA:298,0
DA:302,0
DA:303,0
LF:95
LH:0
BRDA:14,0,0,0
BRDA:14,0,1,0
BRDA:24,1,0,0
BRDA:24,1,1,0
BRDA:27,2,0,0
BRDA:27,2,1,0
BRDA:27,3,0,0
BRDA:27,3,1,0
BRDA:30,4,0,0
BRDA:30,4,1,0
BRDA:30,5,0,0
BRDA:30,5,1,0
BRDA:37,6,0,0
BRDA:37,6,1,0
BRDA:39,7,0,0
BRDA:39,7,1,0
BRDA:39,8,0,0
BRDA:39,8,1,0
BRDA:46,9,0,0
BRDA:46,9,1,0
BRDA:48,10,0,0
BRDA:48,10,1,0
BRDA:48,11,0,0
BRDA:48,11,1,0
BRDA:59,12,0,0
BRDA:60,13,0,0
BRDA:60,13,1,0
BRDA:62,14,0,0
BRDA:62,14,1,0
BRDA:67,15,0,0
BRDA:67,15,1,0
BRDA:94,16,0,0
BRDA:94,16,1,0
BRDA:95,17,0,0
BRDA:95,17,1,0
BRDA:99,18,0,0
BRDA:99,18,1,0
BRDA:106,19,0,0
BRDA:106,19,1,0
BRDA:107,20,0,0
BRDA:107,20,1,0
BRDA:107,21,0,0
BRDA:107,21,1,0
BRDA:114,22,0,0
BRDA:114,22,1,0
BRDA:119,23,0,0
BRDA:119,23,1,0
BRDA:134,24,0,0
BRDA:137,25,0,0
BRDA:137,25,1,0
BRDA:148,26,0,0
BRDA:148,26,1,0
BRDA:189,27,0,0
BRDA:189,27,1,0
BRDA:221,28,0,0
BRDA:221,28,1,0
BRDA:225,29,0,0
BRDA:225,29,1,0
BRDA:229,30,0,0
BRDA:229,30,1,0
BRDA:250,31,0,0
BRDA:250,31,1,0
BRDA:250,32,0,0
BRDA:250,32,1,0
BRDA:253,33,0,0
BRDA:253,33,1,0
BRDA:263,34,0,0
BRDA:263,34,1,0
BRDA:266,35,0,0
BRDA:266,35,1,0
BRDA:267,36,0,0
BRDA:267,36,1,0
BRDA:283,37,0,0
BRDA:283,37,1,0
BRDA:305,38,0,0
BRDA:305,38,1,0
BRF:76
BRH:0
end_of_record
TN:
SF:utils/oauthUtils.js
FN:9,(anonymous_0)
FN:60,(anonymous_1)
FN:106,(anonymous_2)
FN:107,(anonymous_3)
FN:142,(anonymous_4)
FN:143,(anonymous_5)
FN:168,(anonymous_6)
FN:229,(anonymous_7)
FN:289,(anonymous_8)
FNF:9
FNH:0
FNDA:0,(anonymous_0)
FNDA:0,(anonymous_1)
FNDA:0,(anonymous_2)
FNDA:0,(anonymous_3)
FNDA:0,(anonymous_4)
FNDA:0,(anonymous_5)
FNDA:0,(anonymous_6)
FNDA:0,(anonymous_7)
FNDA:0,(anonymous_8)
DA:9,0
DA:10,0
DA:12,0
DA:13,0
DA:21,0
DA:22,0
DA:23,0
DA:24,0
DA:25,0
DA:28,0
DA:29,0
DA:30,0
DA:31,0
DA:32,0
DA:35,0
DA:36,0
DA:37,0
DA:38,0
DA:39,0
DA:42,0
DA:43,0
DA:47,0
DA:48,0
DA:49,0
DA:50,0
DA:51,0
DA:54,0
DA:60,0
DA:61,0
DA:67,0
DA:69,0
DA:70,0
DA:71,0
DA:72,0
DA:76,0
DA:77,0
DA:78,0
DA:79,0
DA:83,0
DA:84,0
DA:88,0
DA:89,0
DA:90,0
DA:91,0
DA:96,0
DA:97,0
DA:100,0
DA:106,0
DA:107,0
DA:108,0
DA:109,0
DA:110,0
DA:113,0
DA:115,0
DA:118,0
DA:121,0
DA:123,0
DA:129,0
DA:142,0
DA:143,0
DA:144,0
DA:145,0
DA:146,0
DA:149,0
DA:151,0
DA:153,0
DA:154,0
DA:156,0
DA:157,0
DA:160,0
DA:168,0
DA:169,0
DA:179,0
DA:180,0
DA:181,0
DA:182,0
DA:184,0
DA:193,0
DA:196,0
DA:199,0
DA:200,0
DA:202,0
DA:205,0
DA:206,0
DA:207,0
DA:210,0
DA:211,0
DA:214,0
DA:215,0
DA:219,0
DA:220,0
DA:223,0
DA:229,0
DA:230,0
DA:231,0
DA:234,0
DA:235,0
DA:243,0
DA:244,0
DA:252,0
DA:253,0
DA:261,0
DA:262,0
DA:270,0
DA:271,0
DA:279,0
DA:289,0
DA:290,0
DA:291,0
DA:292,0
DA:295,0
DA:297,0
DA:299,0
DA:306,0
DA:307,0
DA:310,0
DA:311,0
DA:314,0
DA:315,0
DA:317,0
DA:320,0
LF:121
LH:0
BRDA:10,0,0,0
BRDA:10,0,1,0
BRDA:21,1,0,0
BRDA:21,1,1,0
BRDA:21,2,0,0
BRDA:21,2,1,0
BRDA:24,3,0,0
BRDA:24,3,1,0
BRDA:28,4,0,0
BRDA:28,4,1,0
BRDA:31,5,0,0
BRDA:31,5,1,0
BRDA:35,6,0,0
BRDA:35,6,1,0
BRDA:35,7,0,0
BRDA:35,7,1,0
BRDA:38,8,0,0
BRDA:38,8,1,0
BRDA:42,9,0,0
BRDA:42,9,1,0
BRDA:47,10,0,0
BRDA:47,10,1,0
BRDA:50,11,0,0
BRDA:50,11,1,0
BRDA:70,12,0,0
BRDA:70,12,1,0
BRDA:70,13,0,0
BRDA:70,13,1,0
BRDA:77,14,0,0
BRDA:77,14,1,0
BRDA:77,15,0,0
BRDA:77,15,1,0
BRDA:83,16,0,0
BRDA:83,16,1,0
BRDA:89,17,0,0
BRDA:89,17,1,0
BRDA:90,18,0,0
BRDA:90,18,1,0
BRDA:90,19,0,0
BRDA:90,19,1,0
BRDA:108,20,0,0
BRDA:108,20,1,0
BRDA:144,21,0,0
BRDA:144,21,1,0
BRDA:153,22,0,0
BRDA:153,22,1,0
BRDA:153,23,0,0
BRDA:153,23,1,0
BRDA:153,23,2,0
BRDA:179,24,0,0
BRDA:179,24,1,0
BRDA:199,25,0,0
BRDA:199,25,1,0
BRDA:199,26,0,0
BRDA:199,26,1,0
BRDA:205,27,0,0
BRDA:205,27,1,0
BRDA:205,28,0,0
BRDA:205,28,1,0
BRDA:210,29,0,0
BRDA:210,29,1,0
BRDA:210,30,0,0
BRDA:210,30,1,0
BRDA:214,31,0,0
BRDA:214,31,1,0
BRDA:214,32,0,0
BRDA:214,32,1,0
BRDA:219,33,0,0
BRDA:219,33,1,0
BRDA:230,34,0,0
BRDA:230,34,1,0
BRDA:230,34,2,0
BRDA:231,35,0,0
BRDA:231,35,1,0
BRDA:234,36,0,0
BRDA:234,36,1,0
BRDA:234,37,0,0
BRDA:234,37,1,0
BRDA:234,37,2,0
BRDA:243,38,0,0
BRDA:243,38,1,0
BRDA:243,39,0,0
BRDA:243,39,1,0
BRDA:252,40,0,0
BRDA:252,40,1,0
BRDA:252,41,0,0
BRDA:252,41,1,0
BRDA:252,41,2,0
BRDA:261,42,0,0
BRDA:261,42,1,0
BRDA:261,43,0,0
BRDA:261,43,1,0
BRDA:261,43,2,0
BRDA:270,44,0,0
BRDA:270,44,1,0
BRDA:270,45,0,0
BRDA:270,45,1,0
BRDA:290,46,0,0
BRDA:290,46,1,0
BRDA:306,47,0,0
BRDA:306,47,1,0
BRDA:310,48,0,0
BRDA:310,48,1,0
BRDA:314,49,0,0
BRDA:314,49,1,0
BRF:105
BRH:0
end_of_record
TN:
SF:utils/openai.js
FN:16,callOpenAI
FN:153,callModelWithFallback
FN:192,getOptimalModelConfig
FN:246,formatPromptForOpenAI
FNF:4
FNH:0
FNDA:0,callOpenAI
FNDA:0,callModelWithFallback
FNDA:0,getOptimalModelConfig
FNDA:0,formatPromptForOpenAI
DA:17,0
DA:25,0
DA:28,0
DA:32,0
DA:33,0
DA:43,0
DA:44,0
DA:47,0
DA:48,0
DA:65,0
DA:66,0
DA:69,0
DA:71,0
DA:80,0
DA:81,0
DA:82,0
DA:85,0
DA:86,0
DA:88,0
DA:96,0
DA:98,0
DA:99,0
DA:102,0
DA:103,0
DA:107,0
DA:108,0
DA:109,0
DA:111,0
DA:112,0
DA:113,0
DA:116,0
DA:131,0
DA:133,0
DA:135,0
DA:154,0
DA:155,0
DA:156,0
DA:158,0
DA:159,0
DA:160,0
DA:162,0
DA:166,0
DA:169,0
DA:170,0
DA:171,0
DA:173,0
DA:174,0
DA:177,0
DA:178,0
DA:179,0
DA:181,0
DA:193,0
DA:199,0
DA:201,0
DA:209,0
DA:217,0
DA:225,0
DA:233,0
DA:247,0
DA:253,0
LF:60
LH:0
BRDA:16,0,0,0
BRDA:20,1,0,0
BRDA:21,2,0,0
BRDA:22,3,0,0
BRDA:23,4,0,0
BRDA:24,5,0,0
BRDA:28,6,0,0
BRDA:28,6,1,0
BRDA:29,7,0,0
BRDA:29,7,1,0
BRDA:30,8,0,0
BRDA:30,8,1,0
BRDA:40,9,0,0
BRDA:40,9,1,0
BRDA:43,10,0,0
BRDA:43,10,1,0
BRDA:65,11,0,0
BRDA:65,11,1,0
BRDA:80,12,0,0
BRDA:80,12,1,0
BRDA:82,13,0,0
BRDA:82,13,1,0
BRDA:96,14,0,0
BRDA:96,14,1,0
BRDA:98,15,0,0
BRDA:98,15,1,0
BRDA:120,16,0,0
BRDA:120,16,1,0
BRDA:123,17,0,0
BRDA:123,17,1,0
BRDA:124,18,0,0
BRDA:124,18,1,0
BRDA:125,19,0,0
BRDA:125,19,1,0
BRDA:153,20,0,0
BRDA:158,21,0,0
BRDA:158,21,1,0
BRDA:192,22,0,0
BRDA:199,23,0,0
BRDA:199,23,1,0
BRDA:199,23,2,0
BRDA:199,23,3,0
BRDA:199,23,4,0
BRDA:246,24,0,0
BRF:44
BRH:0
end_of_record
TN:
SF:utils/rateLimiter.js
FN:15,rateLimit
FN:35,(anonymous_1)
FNF:2
FNH:0
FNDA:0,rateLimit
FNDA:0,(anonymous_1)
DA:5,0
DA:20,0
DA:23,0
DA:25,0
DA:26,0
DA:30,0
DA:33,0
DA:35,0
DA:36,0
DA:38,0
DA:39,0
DA:40,0
DA:43,0
DA:46,0
DA:47,0
DA:48,0
DA:49,0
DA:51,0
DA:55,0
DA:59,0
DA:62,0
DA:63,0
DA:64,0
DA:66,0
DA:68,0
DA:70,0
DA:76,0
LF:27
LH:0
BRDA:15,0,0,0
BRDA:17,1,0,0
BRDA:18,2,0,0
BRDA:19,3,0,0
BRDA:25,4,0,0
BRDA:25,4,1,0
BRDA:39,5,0,0
BRDA:39,5,1,0
BRDA:40,6,0,0
BRDA:40,6,1,0
BRDA:43,7,0,0
BRDA:43,7,1,0
BRDA:46,8,0,0
BRDA:46,8,1,0
BRF:14
BRH:0
end_of_record
TN:
SF:utils/sampleSOP.js
FNF:0
FNH:0
DA:3,0
DA:85,0
LF:2
LH:0
BRF:0
BRH:0
end_of_record
TN:
SF:utils/validation.js
FN:13,(anonymous_0)
FN:29,(anonymous_1)
FN:54,(anonymous_2)
FN:77,(anonymous_3)
FN:95,(anonymous_4)
FN:140,(anonymous_5)
FN:167,validatePassword
FN:196,(anonymous_7)
FN:213,validateRequestBody
FNF:9
FNH:0
FNDA:0,(anonymous_0)
FNDA:0,(anonymous_1)
FNDA:0,(anonymous_2)
FNDA:0,(anonymous_3)
FNDA:0,(anonymous_4)
FNDA:0,(anonymous_5)
FNDA:0,validatePassword
FNDA:0,(anonymous_7)
FNDA:0,validateRequestBody
DA:7,0
DA:14,0
DA:17,0
DA:30,0
DA:31,0
DA:34,0
DA:36,0
DA:37,0
DA:41,0
DA:42,0
DA:45,0
DA:55,0
DA:58,0
DA:65,0
DA:66,0
DA:69,0
DA:78,0
DA:81,0
DA:96,0
DA:97,0
DA:100,0
DA:102,0
DA:103,0
DA:104,0
DA:107,0
DA:108,0
DA:110,0
DA:112,0
DA:113,0
DA:114,0
DA:116,0
DA:119,0
DA:120,0
DA:121,0
DA:123,0
DA:124,0
DA:126,0
DA:127,0
DA:129,0
DA:130,0
DA:133,0
DA:134,0
DA:137,0
DA:138,0
DA:140,0
DA:141,0
DA:143,0
DA:146,0
DA:147,0
DA:149,0
DA:150,0
DA:153,0
DA:158,0
DA:168,0
DA:170,0
DA:171,0
DA:174,0
DA:175,0
DA:178,0
DA:179,0
DA:182,0
DA:183,0
DA:186,0
DA:187,0
DA:190,0
DA:191,0
DA:195,0
DA:196,0
DA:197,0
DA:200,0
DA:214,0
DA:215,0
DA:218,0
LF:73
LH:0
BRDA:14,0,0,0
BRDA:14,0,1,0
BRDA:30,1,0,0
BRDA:30,1,1,0
BRDA:30,2,0,0
BRDA:30,2,1,0
BRDA:36,3,0,0
BRDA:36,3,1,0
BRDA:41,4,0,0
BRDA:41,4,1,0
BRDA:54,5,0,0
BRDA:55,6,0,0
BRDA:55,6,1,0
BRDA:65,7,0,0
BRDA:65,7,1,0
BRDA:78,8,0,0
BRDA:78,8,1,0
BRDA:95,9,0,0
BRDA:96,10,0,0
BRDA:96,10,1,0
BRDA:96,11,0,0
BRDA:96,11,1,0
BRDA:103,12,0,0
BRDA:103,12,1,0
BRDA:103,13,0,0
BRDA:103,13,1,0
BRDA:107,14,0,0
BRDA:107,14,1,0
BRDA:110,15,0,0
BRDA:110,15,1,0
BRDA:110,15,2,0
BRDA:110,15,3,0
BRDA:110,15,4,0
BRDA:110,15,5,0
BRDA:113,16,0,0
BRDA:113,16,1,0
BRDA:113,17,0,0
BRDA:113,17,1,0
BRDA:120,18,0,0
BRDA:120,18,1,0
BRDA:123,19,0,0
BRDA:123,19,1,0
BRDA:123,20,0,0
BRDA:123,20,1,0
BRDA:126,21,0,0
BRDA:126,21,1,0
BRDA:126,22,0,0
BRDA:126,22,1,0
BRDA:137,23,0,0
BRDA:137,23,1,0
BRDA:141,24,0,0
BRDA:141,24,1,0
BRDA:146,25,0,0
BRDA:146,25,1,0
BRDA:146,26,0,0
BRDA:146,26,1,0
BRDA:149,27,0,0
BRDA:149,27,1,0
BRDA:170,28,0,0
BRDA:170,28,1,0
BRDA:170,29,0,0
BRDA:170,29,1,0
BRDA:174,30,0,0
BRDA:174,30,1,0
BRDA:178,31,0,0
BRDA:178,31,1,0
BRDA:182,32,0,0
BRDA:182,32,1,0
BRDA:186,33,0,0
BRDA:186,33,1,0
BRDA:190,34,0,0
BRDA:190,34,1,0
BRDA:196,35,0,0
BRDA:196,35,1,0
BRDA:214,36,0,0
BRDA:214,36,1,0
BRDA:214,37,0,0
BRDA:214,37,1,0
BRF:78
BRH:0
end_of_record
TN:
SF:utils/monitoring/pagerduty-validator.js
FN:13,validatePagerDutyConfig
FN:59,validateAllPagerDutyConfigs
FN:76,(anonymous_2)
FN:90,(anonymous_3)
FN:91,(anonymous_4)
FNF:5
FNH:0
FNDA:0,validatePagerDutyConfig
FNDA:0,validateAllPagerDutyConfigs
FNDA:0,(anonymous_2)
FNDA:0,(anonymous_3)
FNDA:0,(anonymous_4)
DA:14,0
DA:17,0
DA:18,0
DA:19,0
DA:28,0
DA:29,0
DA:30,0
DA:34,0
DA:35,0
DA:36,0
DA:39,0
DA:47,0
DA:48,0
DA:49,0
DA:52,0
DA:60,0
DA:73,0
DA:74,0
DA:76,0
DA:77,0
DA:78,0
DA:80,0
DA:81,0
DA:85,0
DA:90,0
DA:91,0
LF:26
LH:0
BRDA:13,0,0,0
BRDA:17,1,0,0
BRDA:17,1,1,0
BRDA:29,2,0,0
BRDA:29,2,1,0
BRDA:35,3,0,0
BRDA:35,3,1,0
BRDA:47,4,0,0
BRDA:47,4,1,0
BRDA:80,5,0,0
BRDA:80,5,1,0
BRF:11
BRH:0
end_of_record
TN:
SF:utils/monitoring/slack-validator.js
FN:11,isValidWebhookUrl
FN:23,validateSlackConfig
FN:43,(anonymous_2)
FN:76,validateMessageSize
FN:94,(anonymous_4)
FN:100,(anonymous_5)
FNF:6
FNH:0
FNDA:0,isValidWebhookUrl
FNDA:0,validateSlackConfig
FNDA:0,(anonymous_2)
FNDA:0,validateMessageSize
FNDA:0,(anonymous_4)
FNDA:0,(anonymous_5)
DA:12,0
DA:14,0
DA:15,0
DA:29,0
DA:31,0
DA:32,0
DA:33,0
DA:36,0
DA:43,0
DA:44,0
DA:45,0
DA:47,0
DA:48,0
DA:50,0
DA:52,0
DA:53,0
DA:57,0
DA:77,0
DA:78,0
DA:81,0
DA:87,0
DA:89,0
DA:90,0
DA:93,0
DA:94,0
DA:95,0
DA:96,0
DA:99,0
DA:100,0
DA:101,0
DA:102,0
DA:109,0
LF:32
LH:0
BRDA:12,0,0,0
BRDA:12,0,1,0
BRDA:44,1,0,0
BRDA:44,1,1,0
BRDA:47,2,0,0
BRDA:47,2,1,0
BRDA:52,3,0,0
BRDA:52,3,1,0
BRDA:89,4,0,0
BRDA:89,4,1,0
BRDA:93,5,0,0
BRDA:93,5,1,0
BRDA:95,6,0,0
BRDA:95,6,1,0
BRDA:95,7,0,0
BRDA:95,7,1,0
BRDA:99,8,0,0
BRDA:99,8,1,0
BRDA:101,9,0,0
BRDA:101,9,1,0
BRDA:101,10,0,0
BRDA:101,10,1,0
BRF:22
BRH:0
end_of_record
TN:
SF:utils/security/audit-logger.js
FN:56,(anonymous_0)
FN:66,(anonymous_1)
FN:110,(anonymous_2)
FN:128,(anonymous_3)
FN:156,(anonymous_4)
FN:190,(anonymous_5)
FN:220,(anonymous_6)
FN:233,(anonymous_7)
FN:237,(anonymous_8)
FN:241,(anonymous_9)
FN:245,(anonymous_10)
FN:251,(anonymous_11)
FN:257,(anonymous_12)
FN:272,(anonymous_13)
FN:281,(anonymous_14)
FN:301,(anonymous_15)
FN:328,(anonymous_16)
FN:340,(anonymous_17)
FN:353,(anonymous_18)
FN:379,logAuditEvent
FN:388,getComplianceAuditTrail
FNF:21
FNH:0
FNDA:0,(anonymous_0)
FNDA:0,(anonymous_1)
FNDA:0,(anonymous_2)
FNDA:0,(anonymous_3)
FNDA:0,(anonymous_4)
FNDA:0,(anonymous_5)
FNDA:0,(anonymous_6)
FNDA:0,(anonymous_7)
FNDA:0,(anonymous_8)
FNDA:0,(anonymous_9)
FNDA:0,(anonymous_10)
FNDA:0,(anonymous_11)
FNDA:0,(anonymous_12)
FNDA:0,(anonymous_13)
FNDA:0,(anonymous_14)
FNDA:0,(anonymous_15)
FNDA:0,(anonymous_16)
FNDA:0,(anonymous_17)
FNDA:0,(anonymous_18)
FNDA:0,logAuditEvent
FNDA:0,getComplianceAuditTrail
DA:13,0
DA:57,0
DA:58,0
DA:67,0
DA:87,0
DA:88,0
DA:89,0
DA:93,0
DA:96,0
DA:99,0
DA:100,0
DA:103,0
DA:111,0
DA:113,0
DA:137,0
DA:139,0
DA:165,0
DA:167,0
DA:181,0
DA:182,0
DA:199,0
DA:201,0
DA:228,0
DA:230,0
DA:232,0
DA:233,0
DA:236,0
DA:237,0
DA:240,0
DA:241,0
DA:244,0
DA:245,0
DA:246,0
DA:250,0
DA:251,0
DA:252,0
DA:256,0
DA:257,0
DA:260,0
DA:273,0
DA:282,0
DA:293,0
DA:302,0
DA:305,0
DA:306,0
DA:307,0
DA:308,0
DA:313,0
DA:314,0
DA:315,0
DA:316,0
DA:320,0
DA:329,0
DA:331,0
DA:332,0
DA:341,0
DA:344,0
DA:354,0
DA:372,0
DA:380,0
DA:389,0
LF:61
LH:0
BRDA:66,0,0,0
BRDA:70,1,0,0
BRDA:70,1,1,0
BRDA:80,2,0,0
BRDA:80,2,1,0
BRDA:81,3,0,0
BRDA:81,3,1,0
BRDA:87,4,0,0
BRDA:87,4,1,0
BRDA:99,5,0,0
BRDA:99,5,1,0
BRDA:116,6,0,0
BRDA:116,6,1,0
BRDA:119,7,0,0
BRDA:119,7,1,0
BRDA:145,8,0,0
BRDA:145,8,1,0
BRDA:171,9,0,0
BRDA:171,9,1,0
BRDA:181,10,0,0
BRDA:181,10,1,0
BRDA:220,11,0,0
BRDA:227,12,0,0
BRDA:232,13,0,0
BRDA:232,13,1,0
BRDA:236,14,0,0
BRDA:236,14,1,0
BRDA:240,15,0,0
BRDA:240,15,1,0
BRDA:240,16,0,0
BRDA:240,16,1,0
BRDA:244,17,0,0
BRDA:244,17,1,0
BRDA:250,18,0,0
BRDA:250,18,1,0
BRDA:256,19,0,0
BRDA:256,19,1,0
BRDA:302,20,0,0
BRDA:302,20,1,0
BRDA:305,21,0,0
BRDA:305,21,1,0
BRDA:307,22,0,0
BRDA:307,22,1,0
BRDA:313,23,0,0
BRDA:313,23,1,0
BRDA:315,24,0,0
BRDA:315,24,1,0
BRDA:329,25,0,0
BRDA:329,25,1,0
BRDA:341,26,0,0
BRDA:341,26,1,0
BRF:51
BRH:0
end_of_record
TN:
SF:utils/security/cross-tenant-prevention.js
FN:14,(anonymous_0)
FN:24,(anonymous_1)
FN:77,(anonymous_2)
FN:86,(anonymous_3)
FN:94,(anonymous_4)
FN:116,(anonymous_5)
FN:118,(anonymous_6)
FN:130,(anonymous_7)
FN:155,validateCrossTenantAccess
FN:223,applyOrganizationFilter
FN:247,sanitizeOrganizationId
FN:271,getCrossTenantMetrics
FN:279,clearOldSecurityAttempts
FNF:13
FNH:0
FNDA:0,(anonymous_0)
FNDA:0,(anonymous_1)
FNDA:0,(anonymous_2)
FNDA:0,(anonymous_3)
FNDA:0,(anonymous_4)
FNDA:0,(anonymous_5)
FNDA:0,(anonymous_6)
FNDA:0,(anonymous_7)
FNDA:0,validateCrossTenantAccess
FNDA:0,applyOrganizationFilter
FNDA:0,sanitizeOrganizationId
FNDA:0,getCrossTenantMetrics
FNDA:0,clearOldSecurityAttempts
DA:15,0
DA:16,0
DA:17,0
DA:25,0
DA:27,0
DA:28,0
DA:29,0
DA:32,0
DA:45,0
DA:46,0
DA:56,0
DA:57,0
DA:61,0
DA:62,0
DA:63,0
DA:78,0
DA:87,0
DA:95,0
DA:117,0
DA:118,0
DA:133,0
DA:137,0
DA:145,0
DA:156,0
DA:159,0
DA:160,0
DA:169,0
DA:177,0
DA:178,0
DA:189,0
DA:190,0
DA:198,0
DA:208,0
DA:224,0
DA:225,0
DA:229,0
DA:230,0
DA:236,0
DA:239,0
DA:248,0
DA:251,0
DA:254,0
DA:255,0
DA:261,0
DA:264,0
DA:272,0
DA:280,0
LF:47
LH:0
BRDA:28,0,0,0
BRDA:28,0,1,0
BRDA:40,1,0,0
BRDA:40,1,1,0
BRDA:45,2,0,0
BRDA:45,2,1,0
BRDA:56,3,0,0
BRDA:56,3,1,0
BRDA:61,4,0,0
BRDA:61,4,1,0
BRDA:130,5,0,0
BRDA:155,6,0,0
BRDA:159,7,0,0
BRDA:159,7,1,0
BRDA:177,8,0,0
BRDA:177,8,1,0
BRDA:189,9,0,0
BRDA:189,9,1,0
BRDA:189,10,0,0
BRDA:189,10,1,0
BRDA:224,11,0,0
BRDA:224,11,1,0
BRDA:229,12,0,0
BRDA:229,12,1,0
BRDA:248,13,0,0
BRDA:248,13,1,0
BRDA:254,14,0,0
BRDA:254,14,1,0
BRDA:279,15,0,0
BRF:29
BRH:0
end_of_record
TN:
SF:utils/security/gdpr-compliance.js
FN:27,(anonymous_0)
FN:37,(anonymous_1)
FN:141,(anonymous_2)
FN:249,(anonymous_3)
FN:313,(anonymous_4)
FN:347,(anonymous_5)
FN:381,(anonymous_6)
FN:416,handleGDPRExport
FN:425,handleGDPRDeletion
FN:434,getGDPRCompliance
FNF:10
FNH:0
FNDA:0,(anonymous_0)
FNDA:0,(anonymous_1)
FNDA:0,(anonymous_2)
FNDA:0,(anonymous_3)
FNDA:0,(anonymous_4)
FNDA:0,(anonymous_5)
FNDA:0,(anonymous_6)
FNDA:0,handleGDPRExport
FNDA:0,handleGDPRDeletion
FNDA:0,getGDPRCompliance
DA:14,0
DA:28,0
DA:29,0
DA:44,0
DA:46,0
DA:48,0
DA:58,0
DA:60,0
DA:71,0
DA:72,0
DA:79,0
DA:80,0
DA:81,0
DA:88,0
DA:89,0
DA:94,0
DA:95,0
DA:96,0
DA:101,0
DA:109,0
DA:119,0
DA:127,0
DA:149,0
DA:151,0
DA:153,0
DA:165,0
DA:166,0
DA:177,0
DA:178,0
DA:184,0
DA:189,0
DA:196,0
DA:197,0
DA:206,0
DA:215,0
DA:227,0
DA:235,0
DA:257,0
DA:259,0
DA:268,0
DA:278,0
DA:279,0
DA:280,0
DA:284,0
DA:285,0
DA:286,0
DA:290,0
DA:291,0
DA:298,0
DA:299,0
DA:300,0
DA:301,0
DA:305,0
DA:314,0
DA:325,0
DA:327,0
DA:348,0
DA:350,0
DA:353,0
DA:354,0
DA:355,0
DA:358,0
DA:359,0
DA:360,0
DA:363,0
DA:364,0
DA:365,0
DA:369,0
DA:388,0
DA:390,0
DA:391,0
DA:392,0
DA:394,0
DA:395,0
DA:397,0
DA:409,0
DA:417,0
DA:426,0
DA:435,0
LF:79
LH:0
BRDA:42,0,0,0
BRDA:79,1,0,0
BRDA:79,1,1,0
BRDA:94,2,0,0
BRDA:94,2,1,0
BRDA:146,3,0,0
BRDA:147,4,0,0
BRDA:177,5,0,0
BRDA:177,5,1,0
BRDA:278,6,0,0
BRDA:278,6,1,0
BRDA:284,7,0,0
BRDA:284,7,1,0
BRDA:284,8,0,0
BRDA:284,8,1,0
BRDA:290,9,0,0
BRDA:290,9,1,0
BRDA:290,10,0,0
BRDA:290,10,1,0
BRDA:298,11,0,0
BRDA:298,11,1,0
BRDA:299,12,0,0
BRDA:299,12,1,0
BRDA:329,13,0,0
BRDA:329,13,1,0
BRDA:353,14,0,0
BRDA:353,14,1,0
BRDA:358,15,0,0
BRDA:358,15,1,0
BRDA:363,16,0,0
BRDA:363,16,1,0
BRDA:403,17,0,0
BRDA:403,17,1,0
BRDA:403,18,0,0
BRDA:403,18,1,0
BRF:35
BRH:0
end_of_record
TN:
SF:utils/security/jwt-validation.js
FN:16,validateJWTToken
FN:179,detectTokenSecurity
FN:217,(anonymous_2)
FN:247,calculateRiskScore
FN:263,generateSecurityRecommendations
FN:290,withJWTValidation
FN:291,jwtValidatedHandler
FNF:7
FNH:0
FNDA:0,validateJWTToken
FNDA:0,detectTokenSecurity
FNDA:0,(anonymous_2)
FNDA:0,calculateRiskScore
FNDA:0,generateSecurityRecommendations
FNDA:0,withJWTValidation
FNDA:0,jwtValidatedHandler
DA:17,0
DA:18,0
DA:20,0
DA:22,0
DA:23,0
DA:25,0
DA:26,0
DA:35,0
DA:43,0
DA:44,0
DA:46,0
DA:47,0
DA:54,0
DA:62,0
DA:63,0
DA:64,0
DA:66,0
DA:67,0
DA:75,0
DA:83,0
DA:84,0
DA:92,0
DA:101,0
DA:106,0
DA:107,0
DA:118,0
DA:120,0
DA:130,0
DA:142,0
DA:149,0
DA:158,0
DA:165,0
DA:180,0
DA:181,0
DA:182,0
DA:183,0
DA:185,0
DA:194,0
DA:195,0
DA:197,0
DA:198,0
DA:209,0
DA:217,0
DA:218,0
DA:221,0
DA:222,0
DA:233,0
DA:235,0
DA:248,0
DA:250,0
DA:251,0
DA:252,0
DA:253,0
DA:255,0
DA:264,0
DA:266,0
DA:267,0
DA:270,0
DA:271,0
DA:274,0
DA:275,0
DA:278,0
DA:279,0
DA:282,0
DA:291,0
DA:292,0
DA:294,0
DA:295,0
DA:302,0
DA:305,0
DA:306,0
DA:309,0
DA:310,0
DA:319,0
LF:74
LH:0
BRDA:17,0,0,0
BRDA:17,0,1,0
BRDA:25,1,0,0
BRDA:25,1,1,0
BRDA:25,2,0,0
BRDA:25,2,1,0
BRDA:31,3,0,0
BRDA:31,3,1,0
BRDA:46,4,0,0
BRDA:46,4,1,0
BRDA:66,5,0,0
BRDA:66,5,1,0
BRDA:83,6,0,0
BRDA:83,6,1,0
BRDA:106,7,0,0
BRDA:106,7,1,0
BRDA:180,8,0,0
BRDA:180,8,1,0
BRDA:183,9,0,0
BRDA:183,9,1,0
BRDA:194,10,0,0
BRDA:194,10,1,0
BRDA:195,11,0,0
BRDA:195,11,1,0
BRDA:197,12,0,0
BRDA:197,12,1,0
BRDA:221,13,0,0
BRDA:221,13,1,0
BRDA:250,14,0,0
BRDA:250,14,1,0
BRDA:251,15,0,0
BRDA:251,15,1,0
BRDA:252,16,0,0
BRDA:252,16,1,0
BRDA:253,17,0,0
BRDA:253,17,1,0
BRDA:266,18,0,0
BRDA:266,18,1,0
BRDA:270,19,0,0
BRDA:270,19,1,0
BRDA:274,20,0,0
BRDA:274,20,1,0
BRDA:278,21,0,0
BRDA:278,21,1,0
BRDA:294,22,0,0
BRDA:294,22,1,0
BRDA:295,23,0,0
BRDA:295,23,1,0
BRDA:309,24,0,0
BRDA:309,24,1,0
BRF:50
BRH:0
end_of_record
TN:
SF:utils/security/organization-context-validator.js
FN:17,validateOrganizationContext
FN:163,withOrganizationValidation
FN:164,validatedHandler
FN:190,validateOrganizationPermissions
FNF:4
FNH:0
FNDA:0,validateOrganizationContext
FNDA:0,withOrganizationValidation
FNDA:0,validatedHandler
FNDA:0,validateOrganizationPermissions
DA:18,0
DA:19,0
DA:21,0
DA:23,0
DA:25,0
DA:26,0
DA:34,0
DA:43,0
DA:46,0
DA:47,0
DA:58,0
DA:68,0
DA:69,0
DA:70,0
DA:75,0
DA:76,0
DA:84,0
DA:92,0
DA:94,0
DA:104,0
DA:115,0
DA:123,0
DA:133,0
DA:141,0
DA:149,0
DA:164,0
DA:165,0
DA:167,0
DA:168,0
DA:177,0
DA:179,0
DA:191,0
DA:194,0
DA:202,0
DA:204,0
DA:205,0
DA:212,0
DA:219,0
DA:222,0
DA:223,0
DA:236,0
LF:41
LH:0
BRDA:19,0,0,0
BRDA:19,0,1,0
BRDA:25,1,0,0
BRDA:25,1,1,0
BRDA:30,2,0,0
BRDA:30,2,1,0
BRDA:43,3,0,0
BRDA:43,3,1,0
BRDA:43,3,2,0
BRDA:46,4,0,0
BRDA:46,4,1,0
BRDA:46,5,0,0
BRDA:46,5,1,0
BRDA:68,6,0,0
BRDA:68,6,1,0
BRDA:75,7,0,0
BRDA:75,7,1,0
BRDA:167,8,0,0
BRDA:167,8,1,0
BRDA:168,9,0,0
BRDA:168,9,1,0
BRDA:172,10,0,0
BRDA:172,10,1,0
BRDA:204,11,0,0
BRDA:204,11,1,0
BRDA:219,12,0,0
BRDA:219,12,1,0
BRDA:222,13,0,0
BRDA:222,13,1,0
BRDA:238,14,0,0
BRDA:238,14,1,0
BRF:31
BRH:0
end_of_record
TN:
SF:utils/security/webhook-validation.js
FN:19,validatePagerDutyWebhook
FN:86,validateSlackWebhook
FN:173,validateGenericWebhook
FN:231,checkRateLimit
FN:235,(anonymous_4)
FN:251,(anonymous_5)
FN:294,sanitizeErrorMessage
FN:334,getSanitizedErrorMessage
FNF:8
FNH:0
FNDA:0,validatePagerDutyWebhook
FNDA:0,validateSlackWebhook
FNDA:0,validateGenericWebhook
FNDA:0,checkRateLimit
FNDA:0,(anonymous_4)
FNDA:0,(anonymous_5)
FNDA:0,sanitizeErrorMessage
FNDA:0,getSanitizedErrorMessage
DA:20,0
DA:22,0
DA:23,0
DA:24,0
DA:32,0
DA:36,0
DA:41,0
DA:43,0
DA:48,0
DA:49,0
DA:58,0
DA:64,0
DA:67,0
DA:73,0
DA:87,0
DA:89,0
DA:90,0
DA:91,0
DA:100,0
DA:104,0
DA:105,0
DA:107,0
DA:108,0
DA:117,0
DA:121,0
DA:122,0
DA:127,0
DA:132,0
DA:133,0
DA:143,0
DA:150,0
DA:153,0
DA:159,0
DA:174,0
DA:176,0
DA:177,0
DA:178,0
DA:186,0
DA:189,0
DA:194,0
DA:199,0
DA:200,0
DA:210,0
DA:213,0
DA:221,0
DA:235,0
DA:236,0
DA:238,0
DA:239,0
DA:240,0
DA:243,0
DA:244,0
DA:247,0
DA:248,0
DA:251,0
DA:254,0
DA:255,0
DA:266,0
DA:276,0
DA:277,0
DA:279,0
DA:295,0
DA:298,0
DA:308,0
DA:309,0
DA:311,0
DA:320,0
DA:335,0
DA:358,0
DA:360,0
DA:361,0
DA:362,0
DA:367,0
LF:73
LH:0
BRDA:23,0,0,0
BRDA:23,0,1,0
BRDA:23,1,0,0
BRDA:23,1,1,0
BRDA:23,1,2,0
BRDA:48,2,0,0
BRDA:48,2,1,0
BRDA:90,3,0,0
BRDA:90,3,1,0
BRDA:90,4,0,0
BRDA:90,4,1,0
BRDA:90,4,2,0
BRDA:90,4,3,0
BRDA:107,5,0,0
BRDA:107,5,1,0
BRDA:132,6,0,0
BRDA:132,6,1,0
BRDA:173,7,0,0
BRDA:173,8,0,0
BRDA:177,9,0,0
BRDA:177,9,1,0
BRDA:177,10,0,0
BRDA:177,10,1,0
BRDA:177,10,2,0
BRDA:199,11,0,0
BRDA:199,11,1,0
BRDA:231,12,0,0
BRDA:233,13,0,0
BRDA:234,14,0,0
BRDA:235,15,0,0
BRDA:235,16,0,0
BRDA:235,16,1,0
BRDA:238,17,0,0
BRDA:238,17,1,0
BRDA:243,18,0,0
BRDA:243,18,1,0
BRDA:248,19,0,0
BRDA:248,19,1,0
BRDA:254,20,0,0
BRDA:254,20,1,0
BRDA:294,21,0,0
BRDA:295,22,0,0
BRDA:308,23,0,0
BRDA:308,23,1,0
BRDA:361,24,0,0
BRDA:361,24,1,0
BRF:46
BRH:0
end_of_record
